{"level":"info","message":"onRequest - WORKSPACE_URI:file:///c%3A/Users/bruno/Paradigma-Objetos","timestamp":"2024-08-23T01:23:30.254Z"}
{"level":"info","message":"onRequest - completionItem/resolve","timestamp":"2024-08-23T01:23:45.860Z"}
{"level":"info","message":"onRequest - STRONG_FILES_CHANGED:c:\\Users\\bruno\\Paradigma-Objetos\\Ejercicios\\PrimerPractica.wlk","timestamp":"2024-08-23T01:39:04.240Z"}
{"level":"info","message":"⌛ Building environment","timeElapsed":134,"timestamp":"2024-08-23T01:39:04.375Z"}
{"level":"info","message":"onRequest - WORKSPACE_URI:file:///c%3A/Users/bruno/Paradigma-Objetos","timestamp":"2024-08-23T01:39:04.485Z"}
{"level":"info","message":"Removing diagnostics from \\Users\\bruno\\Paradigma-Objetos\\Ejercicios\\PrimerPractica.wlk","timestamp":"2024-08-23T01:39:04.541Z"}
{"level":"info","message":"⌛ Building environment","timeElapsed":116,"timestamp":"2024-08-30T00:42:59.585Z"}
{"level":"info","message":"onRequest - WORKSPACE_URI:file:///c%3A/Users/bruno/Paradigma-Objetos","timestamp":"2024-08-30T00:42:59.588Z"}
{"level":"info","message":"⌛ Validating ejemplo-aves/example.wlk","timeElapsed":115,"timestamp":"2024-08-30T00:45:45.229Z"}
{"level":"info","message":"⌛ Validating ejemplo-aves/testExample.wtest","timeElapsed":112,"timestamp":"2024-08-30T00:45:45.342Z"}
{"level":"error","message":"✘ Failed to rebuild document Failed to parse ejemplo-aves/example.wlk: \n-- PARSING FAILED --------------------------------------------------\n\n  7 |     energy = energy - minutes * 3\n  8 |   }\n> 9 | }\n    | ^\n\nExpected one of the following: \n\n'@', 'class', 'const', 'describe', 'mixin', 'object', 'only', 'package', 'program', 'test', 'var', '{', EOF, comment, not \"}\", whitespace\n","stack":"Error: Failed to parse ejemplo-aves/example.wlk: \n-- PARSING FAILED --------------------------------------------------\n\n  7 |     energy = energy - minutes * 3\n  8 |   }\n> 9 | }\n    | ^\n\nExpected one of the following: \n\n'@', 'class', 'const', 'describe', 'mixin', 'object', 'only', 'package', 'program', 'test', 'var', '{', EOF, comment, not \"}\", whitespace\n\n    at c:\\Users\\bruno\\.vscode\\extensions\\uqbar.wollok-lsp-ide-0.3.3\\node_modules\\wollok-ts\\dist\\index.js:54:19\n    at Array.map (<anonymous>)\n    at buildEnvironment (c:\\Users\\bruno\\.vscode\\extensions\\uqbar.wollok-lsp-ide-0.3.3\\node_modules\\wollok-ts\\dist\\index.js:49:40)\n    at EnvironmentProvider.buildEnvironmentFrom (c:\\Users\\bruno\\.vscode\\extensions\\uqbar.wollok-lsp-ide-0.3.3\\server\\out\\utils\\vm\\environment.js:29:66)\n    at EnvironmentProvider.updateEnvironmentWith (c:\\Users\\bruno\\.vscode\\extensions\\uqbar.wollok-lsp-ide-0.3.3\\server\\out\\utils\\vm\\environment.js:19:37)\n    at rebuildTextDocument (c:\\Users\\bruno\\.vscode\\extensions\\uqbar.wollok-lsp-ide-0.3.3\\server\\out\\server.js:102:29)\n    at CallbackList.invoke (c:\\Users\\bruno\\.vscode\\extensions\\uqbar.wollok-lsp-ide-0.3.3\\server\\node_modules\\vscode-jsonrpc\\lib\\common\\events.js:55:39)\n    at Emitter.fire (c:\\Users\\bruno\\.vscode\\extensions\\uqbar.wollok-lsp-ide-0.3.3\\server\\node_modules\\vscode-jsonrpc\\lib\\common\\events.js:117:36)\n    at c:\\Users\\bruno\\.vscode\\extensions\\uqbar.wollok-lsp-ide-0.3.3\\server\\node_modules\\vscode-languageserver\\lib\\common\\textDocuments.js:138:42\n    at handleNotification (c:\\Users\\bruno\\.vscode\\extensions\\uqbar.wollok-lsp-ide-0.3.3\\server\\node_modules\\vscode-jsonrpc\\lib\\common\\connection.js:640:25)","timestamp":"2024-08-30T00:46:27.390Z"}
{"level":"error","message":"✘ Failed to rebuild document Failed to parse ejemplo-aves/example.wlk: \n-- PARSING FAILED --------------------------------------------------\n\n  7 |     energy = energy - minutes * 3\n  8 |   }\n> 9 | }\n    | ^\n\nExpected one of the following: \n\n'@', 'class', 'const', 'describe', 'mixin', 'object', 'only', 'package', 'program', 'test', 'var', '{', EOF, comment, not \"}\", whitespace\n","stack":"Error: Failed to parse ejemplo-aves/example.wlk: \n-- PARSING FAILED --------------------------------------------------\n\n  7 |     energy = energy - minutes * 3\n  8 |   }\n> 9 | }\n    | ^\n\nExpected one of the following: \n\n'@', 'class', 'const', 'describe', 'mixin', 'object', 'only', 'package', 'program', 'test', 'var', '{', EOF, comment, not \"}\", whitespace\n\n    at c:\\Users\\bruno\\.vscode\\extensions\\uqbar.wollok-lsp-ide-0.3.3\\node_modules\\wollok-ts\\dist\\index.js:54:19\n    at Array.map (<anonymous>)\n    at buildEnvironment (c:\\Users\\bruno\\.vscode\\extensions\\uqbar.wollok-lsp-ide-0.3.3\\node_modules\\wollok-ts\\dist\\index.js:49:40)\n    at EnvironmentProvider.buildEnvironmentFrom (c:\\Users\\bruno\\.vscode\\extensions\\uqbar.wollok-lsp-ide-0.3.3\\server\\out\\utils\\vm\\environment.js:29:66)\n    at EnvironmentProvider.updateEnvironmentWith (c:\\Users\\bruno\\.vscode\\extensions\\uqbar.wollok-lsp-ide-0.3.3\\server\\out\\utils\\vm\\environment.js:19:37)\n    at rebuildTextDocument (c:\\Users\\bruno\\.vscode\\extensions\\uqbar.wollok-lsp-ide-0.3.3\\server\\out\\server.js:102:29)\n    at CallbackList.invoke (c:\\Users\\bruno\\.vscode\\extensions\\uqbar.wollok-lsp-ide-0.3.3\\server\\node_modules\\vscode-jsonrpc\\lib\\common\\events.js:55:39)\n    at Emitter.fire (c:\\Users\\bruno\\.vscode\\extensions\\uqbar.wollok-lsp-ide-0.3.3\\server\\node_modules\\vscode-jsonrpc\\lib\\common\\events.js:117:36)\n    at c:\\Users\\bruno\\.vscode\\extensions\\uqbar.wollok-lsp-ide-0.3.3\\server\\node_modules\\vscode-languageserver\\lib\\common\\textDocuments.js:138:42\n    at handleNotification (c:\\Users\\bruno\\.vscode\\extensions\\uqbar.wollok-lsp-ide-0.3.3\\server\\node_modules\\vscode-jsonrpc\\lib\\common\\connection.js:640:25)","timestamp":"2024-08-30T00:46:53.699Z"}
{"level":"error","message":"✘ Failed to rebuild document Failed to parse ejemplo-aves/example.wlk: \n-- PARSING FAILED --------------------------------------------------\n\n  7 |     energy = energy - minutes * 3\n  8 |   }\n> 9 | }\n    | ^\n\nExpected one of the following: \n\n'@', 'class', 'const', 'describe', 'mixin', 'object', 'only', 'package', 'program', 'test', 'var', '{', EOF, comment, not \"}\", whitespace\n","stack":"Error: Failed to parse ejemplo-aves/example.wlk: \n-- PARSING FAILED --------------------------------------------------\n\n  7 |     energy = energy - minutes * 3\n  8 |   }\n> 9 | }\n    | ^\n\nExpected one of the following: \n\n'@', 'class', 'const', 'describe', 'mixin', 'object', 'only', 'package', 'program', 'test', 'var', '{', EOF, comment, not \"}\", whitespace\n\n    at c:\\Users\\bruno\\.vscode\\extensions\\uqbar.wollok-lsp-ide-0.3.3\\node_modules\\wollok-ts\\dist\\index.js:54:19\n    at Array.map (<anonymous>)\n    at buildEnvironment (c:\\Users\\bruno\\.vscode\\extensions\\uqbar.wollok-lsp-ide-0.3.3\\node_modules\\wollok-ts\\dist\\index.js:49:40)\n    at EnvironmentProvider.buildEnvironmentFrom (c:\\Users\\bruno\\.vscode\\extensions\\uqbar.wollok-lsp-ide-0.3.3\\server\\out\\utils\\vm\\environment.js:29:66)\n    at EnvironmentProvider.updateEnvironmentWith (c:\\Users\\bruno\\.vscode\\extensions\\uqbar.wollok-lsp-ide-0.3.3\\server\\out\\utils\\vm\\environment.js:19:37)\n    at rebuildTextDocument (c:\\Users\\bruno\\.vscode\\extensions\\uqbar.wollok-lsp-ide-0.3.3\\server\\out\\server.js:102:29)\n    at CallbackList.invoke (c:\\Users\\bruno\\.vscode\\extensions\\uqbar.wollok-lsp-ide-0.3.3\\server\\node_modules\\vscode-jsonrpc\\lib\\common\\events.js:55:39)\n    at Emitter.fire (c:\\Users\\bruno\\.vscode\\extensions\\uqbar.wollok-lsp-ide-0.3.3\\server\\node_modules\\vscode-jsonrpc\\lib\\common\\events.js:117:36)\n    at c:\\Users\\bruno\\.vscode\\extensions\\uqbar.wollok-lsp-ide-0.3.3\\server\\node_modules\\vscode-languageserver\\lib\\common\\textDocuments.js:138:42\n    at handleNotification (c:\\Users\\bruno\\.vscode\\extensions\\uqbar.wollok-lsp-ide-0.3.3\\server\\node_modules\\vscode-jsonrpc\\lib\\common\\connection.js:640:25)","timestamp":"2024-08-30T00:46:53.735Z"}
{"level":"info","message":"⌛ Building environment","timeElapsed":137,"timestamp":"2024-08-30T00:47:44.146Z"}
{"level":"info","message":"onRequest - WORKSPACE_URI:file:///c%3A/Users/bruno/Paradigma-Objetos","timestamp":"2024-08-30T00:47:44.150Z"}
{"level":"info","message":"⌛ Validating ejemplo-aves/example.wlk","timeElapsed":140,"timestamp":"2024-08-30T00:47:44.458Z"}
{"level":"info","message":"⌛ Building environment","timeElapsed":118,"timestamp":"2024-08-30T00:47:44.577Z"}
{"level":"info","message":"⌛ Validating ejemplo-aves/testExample.wtest","timeElapsed":120,"timestamp":"2024-08-30T00:47:44.706Z"}
{"level":"info","message":"onRequest - STRONG_FILES_CHANGED:c:\\Users\\bruno\\Paradigma-Objetos\\ejemplo-aves","timestamp":"2024-08-30T00:52:29.310Z"}
{"level":"info","message":"Removing diagnostics from \\Users\\bruno\\Paradigma-Objetos\\ejemplo-aves","timestamp":"2024-08-30T00:52:29.546Z"}
{"level":"info","message":"onRequest - WORKSPACE_URI:file:///c%3A/Users/bruno/Paradigma-Objetos","timestamp":"2024-08-30T00:52:30.239Z"}
{"level":"info","message":"⌛ Building environment","timeElapsed":143,"timestamp":"2024-08-30T00:56:05.409Z"}
{"level":"info","message":"onRequest - WORKSPACE_URI:file:///c%3A/Users/bruno/Paradigma-Objetos","timestamp":"2024-08-30T00:56:05.413Z"}
{"level":"info","message":"⌛ Validating prueba/example.wlk","timeElapsed":136,"timestamp":"2024-08-30T00:56:05.717Z"}
{"level":"info","message":"⌛ Building environment","timeElapsed":163,"timestamp":"2024-08-30T00:58:25.740Z"}
{"level":"info","message":"onRequest - WORKSPACE_URI:file:///c%3A/Users/bruno/Paradigma-Objetos","timestamp":"2024-08-30T00:58:25.745Z"}
{"level":"info","message":"⌛ Validating prueba/example.wlk","timeElapsed":179,"timestamp":"2024-08-30T00:58:26.103Z"}
{"level":"info","message":"⌛ Building environment","timeElapsed":109,"timestamp":"2024-08-30T00:58:26.213Z"}
{"level":"error","message":"✘ Failed to rebuild document Failed to parse prueba/example.wlk: \n-- PARSING FAILED --------------------------------------------------\n\nGot the end of the input\n\nExpected one of the following: \n\n'property', '{', '}', any character/byte, comment, identifier, whitespace\n","stack":"Error: Failed to parse prueba/example.wlk: \n-- PARSING FAILED --------------------------------------------------\n\nGot the end of the input\n\nExpected one of the following: \n\n'property', '{', '}', any character/byte, comment, identifier, whitespace\n\n    at c:\\Users\\bruno\\.vscode\\extensions\\uqbar.wollok-lsp-ide-0.3.3\\node_modules\\wollok-ts\\dist\\index.js:54:19\n    at Array.map (<anonymous>)\n    at buildEnvironment (c:\\Users\\bruno\\.vscode\\extensions\\uqbar.wollok-lsp-ide-0.3.3\\node_modules\\wollok-ts\\dist\\index.js:49:40)\n    at EnvironmentProvider.buildEnvironmentFrom (c:\\Users\\bruno\\.vscode\\extensions\\uqbar.wollok-lsp-ide-0.3.3\\server\\out\\utils\\vm\\environment.js:29:66)\n    at EnvironmentProvider.updateEnvironmentWith (c:\\Users\\bruno\\.vscode\\extensions\\uqbar.wollok-lsp-ide-0.3.3\\server\\out\\utils\\vm\\environment.js:19:37)\n    at rebuildTextDocument (c:\\Users\\bruno\\.vscode\\extensions\\uqbar.wollok-lsp-ide-0.3.3\\server\\out\\server.js:102:29)\n    at CallbackList.invoke (c:\\Users\\bruno\\.vscode\\extensions\\uqbar.wollok-lsp-ide-0.3.3\\server\\node_modules\\vscode-jsonrpc\\lib\\common\\events.js:55:39)\n    at Emitter.fire (c:\\Users\\bruno\\.vscode\\extensions\\uqbar.wollok-lsp-ide-0.3.3\\server\\node_modules\\vscode-jsonrpc\\lib\\common\\events.js:117:36)\n    at c:\\Users\\bruno\\.vscode\\extensions\\uqbar.wollok-lsp-ide-0.3.3\\server\\node_modules\\vscode-languageserver\\lib\\common\\textDocuments.js:138:42\n    at handleNotification (c:\\Users\\bruno\\.vscode\\extensions\\uqbar.wollok-lsp-ide-0.3.3\\server\\node_modules\\vscode-jsonrpc\\lib\\common\\connection.js:640:25)","timestamp":"2024-08-30T00:59:40.923Z"}
{"level":"error","message":"✘ Failed to rebuild document Failed to parse prueba/example.wlk: \n-- PARSING FAILED --------------------------------------------------\n\nGot the end of the input\n\nExpected one of the following: \n\n'property', identifier, whitespace\n","stack":"Error: Failed to parse prueba/example.wlk: \n-- PARSING FAILED --------------------------------------------------\n\nGot the end of the input\n\nExpected one of the following: \n\n'property', identifier, whitespace\n\n    at c:\\Users\\bruno\\.vscode\\extensions\\uqbar.wollok-lsp-ide-0.3.3\\node_modules\\wollok-ts\\dist\\index.js:54:19\n    at Array.map (<anonymous>)\n    at buildEnvironment (c:\\Users\\bruno\\.vscode\\extensions\\uqbar.wollok-lsp-ide-0.3.3\\node_modules\\wollok-ts\\dist\\index.js:49:40)\n    at EnvironmentProvider.buildEnvironmentFrom (c:\\Users\\bruno\\.vscode\\extensions\\uqbar.wollok-lsp-ide-0.3.3\\server\\out\\utils\\vm\\environment.js:29:66)\n    at EnvironmentProvider.updateEnvironmentWith (c:\\Users\\bruno\\.vscode\\extensions\\uqbar.wollok-lsp-ide-0.3.3\\server\\out\\utils\\vm\\environment.js:19:37)\n    at rebuildTextDocument (c:\\Users\\bruno\\.vscode\\extensions\\uqbar.wollok-lsp-ide-0.3.3\\server\\out\\server.js:102:29)\n    at CallbackList.invoke (c:\\Users\\bruno\\.vscode\\extensions\\uqbar.wollok-lsp-ide-0.3.3\\server\\node_modules\\vscode-jsonrpc\\lib\\common\\events.js:55:39)\n    at Emitter.fire (c:\\Users\\bruno\\.vscode\\extensions\\uqbar.wollok-lsp-ide-0.3.3\\server\\node_modules\\vscode-jsonrpc\\lib\\common\\events.js:117:36)\n    at c:\\Users\\bruno\\.vscode\\extensions\\uqbar.wollok-lsp-ide-0.3.3\\server\\node_modules\\vscode-languageserver\\lib\\common\\textDocuments.js:138:42\n    at handleNotification (c:\\Users\\bruno\\.vscode\\extensions\\uqbar.wollok-lsp-ide-0.3.3\\server\\node_modules\\vscode-jsonrpc\\lib\\common\\connection.js:640:25)","timestamp":"2024-08-30T00:59:41.085Z"}
{"level":"error","message":"✘ Failed to rebuild document Failed to parse prueba/example.wlk: \n-- PARSING FAILED --------------------------------------------------\n\nGot the end of the input\n\nExpected one of the following: \n\n'!=', '!==', '%', '%=', '&&', '&&=', '*', '**', '*=', '+', '+=', '-', '-=', '->', '.', '..', '..<', '/', '/=', ';', '<', '<<', '<<<', '<=', '<=>', '<>', '=', '==', '===', '>', '>..', '>=', '>>', '>>>', '?:', 'and', 'or', 'property', '{', '||', '||=', '}', /\\s/, any character/byte, comment, identifier, sentence, whitespace\n","stack":"Error: Failed to parse prueba/example.wlk: \n-- PARSING FAILED --------------------------------------------------\n\nGot the end of the input\n\nExpected one of the following: \n\n'!=', '!==', '%', '%=', '&&', '&&=', '*', '**', '*=', '+', '+=', '-', '-=', '->', '.', '..', '..<', '/', '/=', ';', '<', '<<', '<<<', '<=', '<=>', '<>', '=', '==', '===', '>', '>..', '>=', '>>', '>>>', '?:', 'and', 'or', 'property', '{', '||', '||=', '}', /\\s/, any character/byte, comment, identifier, sentence, whitespace\n\n    at c:\\Users\\bruno\\.vscode\\extensions\\uqbar.wollok-lsp-ide-0.3.3\\node_modules\\wollok-ts\\dist\\index.js:54:19\n    at Array.map (<anonymous>)\n    at buildEnvironment (c:\\Users\\bruno\\.vscode\\extensions\\uqbar.wollok-lsp-ide-0.3.3\\node_modules\\wollok-ts\\dist\\index.js:49:40)\n    at EnvironmentProvider.buildEnvironmentFrom (c:\\Users\\bruno\\.vscode\\extensions\\uqbar.wollok-lsp-ide-0.3.3\\server\\out\\utils\\vm\\environment.js:29:66)\n    at EnvironmentProvider.updateEnvironmentWith (c:\\Users\\bruno\\.vscode\\extensions\\uqbar.wollok-lsp-ide-0.3.3\\server\\out\\utils\\vm\\environment.js:19:37)\n    at rebuildTextDocument (c:\\Users\\bruno\\.vscode\\extensions\\uqbar.wollok-lsp-ide-0.3.3\\server\\out\\server.js:102:29)\n    at CallbackList.invoke (c:\\Users\\bruno\\.vscode\\extensions\\uqbar.wollok-lsp-ide-0.3.3\\server\\node_modules\\vscode-jsonrpc\\lib\\common\\events.js:55:39)\n    at Emitter.fire (c:\\Users\\bruno\\.vscode\\extensions\\uqbar.wollok-lsp-ide-0.3.3\\server\\node_modules\\vscode-jsonrpc\\lib\\common\\events.js:117:36)\n    at c:\\Users\\bruno\\.vscode\\extensions\\uqbar.wollok-lsp-ide-0.3.3\\server\\node_modules\\vscode-languageserver\\lib\\common\\textDocuments.js:138:42\n    at handleNotification (c:\\Users\\bruno\\.vscode\\extensions\\uqbar.wollok-lsp-ide-0.3.3\\server\\node_modules\\vscode-jsonrpc\\lib\\common\\connection.js:640:25)","timestamp":"2024-08-30T00:59:43.267Z"}
{"level":"error","message":"✘ Failed to rebuild document Failed to parse prueba/example.wlk: \n-- PARSING FAILED --------------------------------------------------\n\nGot the end of the input\n\nExpected one of the following: \n\n'@', 'const', 'method', 'override', 'var', '{', '}', any character/byte, comment, whitespace\n","stack":"Error: Failed to parse prueba/example.wlk: \n-- PARSING FAILED --------------------------------------------------\n\nGot the end of the input\n\nExpected one of the following: \n\n'@', 'const', 'method', 'override', 'var', '{', '}', any character/byte, comment, whitespace\n\n    at c:\\Users\\bruno\\.vscode\\extensions\\uqbar.wollok-lsp-ide-0.3.3\\node_modules\\wollok-ts\\dist\\index.js:54:19\n    at Array.map (<anonymous>)\n    at buildEnvironment (c:\\Users\\bruno\\.vscode\\extensions\\uqbar.wollok-lsp-ide-0.3.3\\node_modules\\wollok-ts\\dist\\index.js:49:40)\n    at EnvironmentProvider.buildEnvironmentFrom (c:\\Users\\bruno\\.vscode\\extensions\\uqbar.wollok-lsp-ide-0.3.3\\server\\out\\utils\\vm\\environment.js:29:66)\n    at EnvironmentProvider.updateEnvironmentWith (c:\\Users\\bruno\\.vscode\\extensions\\uqbar.wollok-lsp-ide-0.3.3\\server\\out\\utils\\vm\\environment.js:19:37)\n    at rebuildTextDocument (c:\\Users\\bruno\\.vscode\\extensions\\uqbar.wollok-lsp-ide-0.3.3\\server\\out\\server.js:102:29)\n    at CallbackList.invoke (c:\\Users\\bruno\\.vscode\\extensions\\uqbar.wollok-lsp-ide-0.3.3\\server\\node_modules\\vscode-jsonrpc\\lib\\common\\events.js:55:39)\n    at Emitter.fire (c:\\Users\\bruno\\.vscode\\extensions\\uqbar.wollok-lsp-ide-0.3.3\\server\\node_modules\\vscode-jsonrpc\\lib\\common\\events.js:117:36)\n    at c:\\Users\\bruno\\.vscode\\extensions\\uqbar.wollok-lsp-ide-0.3.3\\server\\node_modules\\vscode-languageserver\\lib\\common\\textDocuments.js:138:42\n    at handleNotification (c:\\Users\\bruno\\.vscode\\extensions\\uqbar.wollok-lsp-ide-0.3.3\\server\\node_modules\\vscode-jsonrpc\\lib\\common\\connection.js:640:25)","timestamp":"2024-08-30T00:59:44.113Z"}
{"level":"error","message":"✘ Failed to get type description: Error: Failed to print, found malformed node Failed to print, found malformed node","node":{"id":"5baaaf06-d04e-4060-b860-eb8478e76321","metadata":[],"problems":[{"code":"malformedSentence","sourceMap":{"end":{"column":0,"line":7,"offset":147},"start":{"column":5,"line":6,"offset":78}}}],"scope":{"containerScope":{"containerScope":{"containerScope":{"containerScope":{"containerScope":{"contributions":{},"includedScopes":[]},"contributions":{},"includedScopes":[]},"contributions":{},"includedScopes":[]},"contributions":{},"includedScopes":[{"containerScope":{"containerScope":{"containerScope":{"contributions":{},"includedScopes":[]},"contributions":{},"includedScopes":[]},"contributions":{},"includedScopes":[]},"contributions":{},"includedScopes":[]}]},"contributions":{},"includedScopes":[]},"contributions":{},"includedScopes":[]},"sentences":[],"sourceMap":{"end":{"column":4,"line":7,"offset":151},"start":{"column":20,"line":5,"offset":72}}},"stack":"Error: Failed to print, found malformed node\n    at c:\\Users\\bruno\\.vscode\\extensions\\uqbar.wollok-lsp-ide-0.3.3\\node_modules\\wollok-ts\\dist\\printer\\print.js:26:15\n    at c:\\Users\\bruno\\.vscode\\extensions\\uqbar.wollok-lsp-ide-0.3.3\\node_modules\\wollok-ts\\dist\\printer\\print.js:66:44\n    at c:\\Users\\bruno\\.vscode\\extensions\\uqbar.wollok-lsp-ide-0.3.3\\node_modules\\wollok-ts\\dist\\extensions.js:84:20\n    at c:\\Users\\bruno\\.vscode\\extensions\\uqbar.wollok-lsp-ide-0.3.3\\node_modules\\wollok-ts\\dist\\printer\\print.js:29:56\n    at Array.map (<anonymous>)\n    at c:\\Users\\bruno\\.vscode\\extensions\\uqbar.wollok-lsp-ide-0.3.3\\node_modules\\wollok-ts\\dist\\printer\\print.js:337:80\n    at c:\\Users\\bruno\\.vscode\\extensions\\uqbar.wollok-lsp-ide-0.3.3\\node_modules\\wollok-ts\\dist\\printer\\print.js:262:49\n    at c:\\Users\\bruno\\.vscode\\extensions\\uqbar.wollok-lsp-ide-0.3.3\\node_modules\\wollok-ts\\dist\\printer\\print.js:243:30\n    at c:\\Users\\bruno\\.vscode\\extensions\\uqbar.wollok-lsp-ide-0.3.3\\node_modules\\wollok-ts\\dist\\extensions.js:84:20\n    at c:\\Users\\bruno\\.vscode\\extensions\\uqbar.wollok-lsp-ide-0.3.3\\node_modules\\wollok-ts\\dist\\printer\\print.js:29:56","timestamp":"2024-08-30T00:59:46.269Z"}
{"level":"error","message":"✘ Failed to get type description: Error: Failed to print, found malformed node Failed to print, found malformed node","node":{"id":"5baaaf06-d04e-4060-b860-eb8478e76321","metadata":[],"problems":[{"code":"malformedSentence","sourceMap":{"end":{"column":0,"line":7,"offset":147},"start":{"column":5,"line":6,"offset":78}}}],"scope":{"containerScope":{"containerScope":{"containerScope":{"containerScope":{"containerScope":{"contributions":{},"includedScopes":[]},"contributions":{},"includedScopes":[]},"contributions":{},"includedScopes":[]},"contributions":{},"includedScopes":[{"containerScope":{"containerScope":{"containerScope":{"contributions":{},"includedScopes":[]},"contributions":{},"includedScopes":[]},"contributions":{},"includedScopes":[]},"contributions":{},"includedScopes":[]}]},"contributions":{},"includedScopes":[]},"contributions":{},"includedScopes":[]},"sentences":[],"sourceMap":{"end":{"column":4,"line":7,"offset":151},"start":{"column":20,"line":5,"offset":72}}},"stack":"Error: Failed to print, found malformed node\n    at c:\\Users\\bruno\\.vscode\\extensions\\uqbar.wollok-lsp-ide-0.3.3\\node_modules\\wollok-ts\\dist\\printer\\print.js:26:15\n    at c:\\Users\\bruno\\.vscode\\extensions\\uqbar.wollok-lsp-ide-0.3.3\\node_modules\\wollok-ts\\dist\\printer\\print.js:66:44\n    at c:\\Users\\bruno\\.vscode\\extensions\\uqbar.wollok-lsp-ide-0.3.3\\node_modules\\wollok-ts\\dist\\extensions.js:84:20\n    at c:\\Users\\bruno\\.vscode\\extensions\\uqbar.wollok-lsp-ide-0.3.3\\node_modules\\wollok-ts\\dist\\printer\\print.js:29:56\n    at Array.map (<anonymous>)\n    at c:\\Users\\bruno\\.vscode\\extensions\\uqbar.wollok-lsp-ide-0.3.3\\node_modules\\wollok-ts\\dist\\printer\\print.js:337:80\n    at c:\\Users\\bruno\\.vscode\\extensions\\uqbar.wollok-lsp-ide-0.3.3\\node_modules\\wollok-ts\\dist\\printer\\print.js:262:49\n    at c:\\Users\\bruno\\.vscode\\extensions\\uqbar.wollok-lsp-ide-0.3.3\\node_modules\\wollok-ts\\dist\\printer\\print.js:243:30\n    at c:\\Users\\bruno\\.vscode\\extensions\\uqbar.wollok-lsp-ide-0.3.3\\node_modules\\wollok-ts\\dist\\extensions.js:84:20\n    at c:\\Users\\bruno\\.vscode\\extensions\\uqbar.wollok-lsp-ide-0.3.3\\node_modules\\wollok-ts\\dist\\printer\\print.js:29:56","timestamp":"2024-08-30T00:59:54.652Z"}
{"level":"error","message":"✘ Failed to get type description: Error: Failed to print, found malformed node Failed to print, found malformed node","node":{"id":"5baaaf06-d04e-4060-b860-eb8478e76321","metadata":[],"problems":[{"code":"malformedSentence","sourceMap":{"end":{"column":0,"line":7,"offset":147},"start":{"column":5,"line":6,"offset":78}}}],"scope":{"containerScope":{"containerScope":{"containerScope":{"containerScope":{"containerScope":{"contributions":{},"includedScopes":[]},"contributions":{},"includedScopes":[]},"contributions":{},"includedScopes":[]},"contributions":{},"includedScopes":[{"containerScope":{"containerScope":{"containerScope":{"contributions":{},"includedScopes":[]},"contributions":{},"includedScopes":[]},"contributions":{},"includedScopes":[]},"contributions":{},"includedScopes":[]}]},"contributions":{},"includedScopes":[]},"contributions":{},"includedScopes":[]},"sentences":[],"sourceMap":{"end":{"column":4,"line":7,"offset":151},"start":{"column":20,"line":5,"offset":72}}},"stack":"Error: Failed to print, found malformed node\n    at c:\\Users\\bruno\\.vscode\\extensions\\uqbar.wollok-lsp-ide-0.3.3\\node_modules\\wollok-ts\\dist\\printer\\print.js:26:15\n    at c:\\Users\\bruno\\.vscode\\extensions\\uqbar.wollok-lsp-ide-0.3.3\\node_modules\\wollok-ts\\dist\\printer\\print.js:66:44\n    at c:\\Users\\bruno\\.vscode\\extensions\\uqbar.wollok-lsp-ide-0.3.3\\node_modules\\wollok-ts\\dist\\extensions.js:84:20\n    at c:\\Users\\bruno\\.vscode\\extensions\\uqbar.wollok-lsp-ide-0.3.3\\node_modules\\wollok-ts\\dist\\printer\\print.js:29:56\n    at Array.map (<anonymous>)\n    at c:\\Users\\bruno\\.vscode\\extensions\\uqbar.wollok-lsp-ide-0.3.3\\node_modules\\wollok-ts\\dist\\printer\\print.js:337:80\n    at c:\\Users\\bruno\\.vscode\\extensions\\uqbar.wollok-lsp-ide-0.3.3\\node_modules\\wollok-ts\\dist\\printer\\print.js:262:49\n    at c:\\Users\\bruno\\.vscode\\extensions\\uqbar.wollok-lsp-ide-0.3.3\\node_modules\\wollok-ts\\dist\\printer\\print.js:243:30\n    at c:\\Users\\bruno\\.vscode\\extensions\\uqbar.wollok-lsp-ide-0.3.3\\node_modules\\wollok-ts\\dist\\extensions.js:84:20\n    at c:\\Users\\bruno\\.vscode\\extensions\\uqbar.wollok-lsp-ide-0.3.3\\node_modules\\wollok-ts\\dist\\printer\\print.js:29:56","timestamp":"2024-08-30T00:59:54.961Z"}
{"level":"error","message":"✘ Failed to get type description: Error: Failed to print, found malformed node Failed to print, found malformed node","node":{"id":"5baaaf06-d04e-4060-b860-eb8478e76321","metadata":[],"problems":[{"code":"malformedSentence","sourceMap":{"end":{"column":0,"line":7,"offset":147},"start":{"column":5,"line":6,"offset":78}}}],"scope":{"containerScope":{"containerScope":{"containerScope":{"containerScope":{"containerScope":{"contributions":{},"includedScopes":[]},"contributions":{},"includedScopes":[]},"contributions":{},"includedScopes":[]},"contributions":{},"includedScopes":[{"containerScope":{"containerScope":{"containerScope":{"contributions":{},"includedScopes":[]},"contributions":{},"includedScopes":[]},"contributions":{},"includedScopes":[]},"contributions":{},"includedScopes":[]}]},"contributions":{},"includedScopes":[]},"contributions":{},"includedScopes":[]},"sentences":[],"sourceMap":{"end":{"column":4,"line":7,"offset":151},"start":{"column":20,"line":5,"offset":72}}},"stack":"Error: Failed to print, found malformed node\n    at c:\\Users\\bruno\\.vscode\\extensions\\uqbar.wollok-lsp-ide-0.3.3\\node_modules\\wollok-ts\\dist\\printer\\print.js:26:15\n    at c:\\Users\\bruno\\.vscode\\extensions\\uqbar.wollok-lsp-ide-0.3.3\\node_modules\\wollok-ts\\dist\\printer\\print.js:66:44\n    at c:\\Users\\bruno\\.vscode\\extensions\\uqbar.wollok-lsp-ide-0.3.3\\node_modules\\wollok-ts\\dist\\extensions.js:84:20\n    at c:\\Users\\bruno\\.vscode\\extensions\\uqbar.wollok-lsp-ide-0.3.3\\node_modules\\wollok-ts\\dist\\printer\\print.js:29:56\n    at Array.map (<anonymous>)\n    at c:\\Users\\bruno\\.vscode\\extensions\\uqbar.wollok-lsp-ide-0.3.3\\node_modules\\wollok-ts\\dist\\printer\\print.js:337:80\n    at c:\\Users\\bruno\\.vscode\\extensions\\uqbar.wollok-lsp-ide-0.3.3\\node_modules\\wollok-ts\\dist\\printer\\print.js:262:49\n    at c:\\Users\\bruno\\.vscode\\extensions\\uqbar.wollok-lsp-ide-0.3.3\\node_modules\\wollok-ts\\dist\\printer\\print.js:243:30\n    at c:\\Users\\bruno\\.vscode\\extensions\\uqbar.wollok-lsp-ide-0.3.3\\node_modules\\wollok-ts\\dist\\extensions.js:84:20\n    at c:\\Users\\bruno\\.vscode\\extensions\\uqbar.wollok-lsp-ide-0.3.3\\node_modules\\wollok-ts\\dist\\printer\\print.js:29:56","timestamp":"2024-08-30T00:59:55.665Z"}
{"level":"info","message":"onRequest - completionItem/resolve","timestamp":"2024-08-30T00:59:58.974Z"}
{"level":"error","message":"✘ Failed to get type description: Error: Failed to print, found malformed node Failed to print, found malformed node","node":{"id":"c0f9085e-4c5c-4821-8e2c-f3552a5b27c3","metadata":[],"problems":[{"code":"malformedSentence","sourceMap":{"end":{"column":0,"line":14,"offset":241},"start":{"column":20,"line":13,"offset":232}}},{"code":"malformedSentence","sourceMap":{"end":{"column":0,"line":15,"offset":263},"start":{"column":18,"line":14,"offset":259}}}],"scope":{"containerScope":{"containerScope":{"containerScope":{"containerScope":{"containerScope":{"contributions":{},"includedScopes":[]},"contributions":{},"includedScopes":[]},"contributions":{},"includedScopes":[]},"contributions":{},"includedScopes":[{"containerScope":{"containerScope":{"containerScope":{"contributions":{},"includedScopes":[]},"contributions":{},"includedScopes":[]},"contributions":{},"includedScopes":[]},"contributions":{},"includedScopes":[]}]},"contributions":{},"includedScopes":[]},"contributions":{},"includedScopes":[]},"sentences":[{"id":"880bcfc5-e255-4d7d-8e7c-9c361f0ad8e3","isConstant":false,"metadata":[],"name":"persona","scope":{"containerScope":{"containerScope":{"containerScope":{"containerScope":{"containerScope":{"containerScope":{"contributions":{},"includedScopes":[]},"contributions":{},"includedScopes":[]},"contributions":{},"includedScopes":[]},"contributions":{},"includedScopes":[{"containerScope":{"containerScope":{"containerScope":{"contributions":{},"includedScopes":[]},"contributions":{},"includedScopes":[]},"contributions":{},"includedScopes":[]},"contributions":{},"includedScopes":[]}]},"contributions":{},"includedScopes":[]},"contributions":{},"includedScopes":[]},"contributions":{},"includedScopes":[]},"sourceMap":{"end":{"column":26,"line":12,"offset":212},"start":{"column":5,"line":12,"offset":191}},"value":{"id":"97bf783a-7159-4789-ae88-0ba130fe37d0","metadata":[],"name":"Persona","scope":{"containerScope":{"containerScope":{"containerScope":{"containerScope":{"containerScope":{"containerScope":{"containerScope":{"contributions":{},"includedScopes":[]},"contributions":{},"includedScopes":[]},"contributions":{},"includedScopes":[]},"contributions":{},"includedScopes":[{"containerScope":{"containerScope":{"containerScope":{"contributions":{},"includedScopes":[]},"contributions":{},"includedScopes":[]},"contributions":{},"includedScopes":[]},"contributions":{},"includedScopes":[]}]},"contributions":{},"includedScopes":[]},"contributions":{},"includedScopes":[]},"contributions":{},"includedScopes":[]},"contributions":{},"includedScopes":[]},"sourceMap":{"end":{"column":0,"line":13,"offset":212},"start":{"column":19,"line":12,"offset":205}}}},{"id":"3f4fe3fd-1061-4a61-a9a9-4583c59bc5e2","metadata":[],"name":"persona.nombre","scope":{"containerScope":{"containerScope":{"containerScope":{"containerScope":{"containerScope":{"containerScope":{"contributions":{},"includedScopes":[]},"contributions":{},"includedScopes":[]},"contributions":{},"includedScopes":[]},"contributions":{},"includedScopes":[{"containerScope":{"containerScope":{"containerScope":{"contributions":{},"includedScopes":[]},"contributions":{},"includedScopes":[]},"contributions":{},"includedScopes":[]},"contributions":{},"includedScopes":[]}]},"contributions":{},"includedScopes":[]},"contributions":{},"includedScopes":[]},"contributions":{},"includedScopes":[]},"sourceMap":{"end":{"column":19,"line":13,"offset":231},"start":{"column":5,"line":13,"offset":217}}},{"id":"1a663d03-86cb-4f3a-84bf-483e68473c8f","metadata":[],"name":"persona.edad","scope":{"containerScope":{"containerScope":{"containerScope":{"containerScope":{"containerScope":{"containerScope":{"contributions":{},"includedScopes":[]},"contributions":{},"includedScopes":[]},"contributions":{},"includedScopes":[]},"contributions":{},"includedScopes":[{"containerScope":{"containerScope":{"containerScope":{"contributions":{},"includedScopes":[]},"contributions":{},"includedScopes":[]},"contributions":{},"includedScopes":[]},"contributions":{},"includedScopes":[]}]},"contributions":{},"includedScopes":[]},"contributions":{},"includedScopes":[]},"contributions":{},"includedScopes":[]},"sourceMap":{"end":{"column":17,"line":14,"offset":258},"start":{"column":5,"line":14,"offset":246}}},{"args":[],"id":"d94b942c-73f1-40d8-81f5-ac587bf703cc","message":"saludar","metadata":[],"receiver":{"id":"fb7d28b3-1730-4708-a8d8-989c0e97aba8","metadata":[],"name":"persona","scope":{"containerScope":{"containerScope":{"containerScope":{"containerScope":{"containerScope":{"containerScope":{"containerScope":{"contributions":{},"includedScopes":[]},"contributions":{},"includedScopes":[]},"contributions":{},"includedScopes":[]},"contributions":{},"includedScopes":[{"containerScope":{"containerScope":{"containerScope":{"contributions":{},"includedScopes":[]},"contributions":{},"includedScopes":[]},"contributions":{},"includedScopes":[]},"contributions":{},"includedScopes":[]}]},"contributions":{},"includedScopes":[]},"contributions":{},"includedScopes":[]},"contributions":{},"includedScopes":[]},"contributions":{},"includedScopes":[]},"sourceMap":{"end":{"column":12,"line":15,"offset":275},"start":{"column":5,"line":15,"offset":268}}},"scope":{"containerScope":{"containerScope":{"containerScope":{"containerScope":{"containerScope":{"containerScope":{"contributions":{},"includedScopes":[]},"contributions":{},"includedScopes":[]},"contributions":{},"includedScopes":[]},"contributions":{},"includedScopes":[{"containerScope":{"containerScope":{"containerScope":{"contributions":{},"includedScopes":[]},"contributions":{},"includedScopes":[]},"contributions":{},"includedScopes":[]},"contributions":{},"includedScopes":[]}]},"contributions":{},"includedScopes":[]},"contributions":{},"includedScopes":[]},"contributions":{},"includedScopes":[]},"sourceMap":{"end":{"column":22,"line":15,"offset":285},"start":{"column":5,"line":16,"offset":268}}}],"sourceMap":{"end":{"column":4,"line":16,"offset":289},"start":{"column":17,"line":11,"offset":185}}},"stack":"Error: Failed to print, found malformed node\n    at c:\\Users\\bruno\\.vscode\\extensions\\uqbar.wollok-lsp-ide-0.3.3\\node_modules\\wollok-ts\\dist\\printer\\print.js:26:15\n    at c:\\Users\\bruno\\.vscode\\extensions\\uqbar.wollok-lsp-ide-0.3.3\\node_modules\\wollok-ts\\dist\\printer\\print.js:66:44\n    at c:\\Users\\bruno\\.vscode\\extensions\\uqbar.wollok-lsp-ide-0.3.3\\node_modules\\wollok-ts\\dist\\extensions.js:84:20\n    at c:\\Users\\bruno\\.vscode\\extensions\\uqbar.wollok-lsp-ide-0.3.3\\node_modules\\wollok-ts\\dist\\printer\\print.js:29:56\n    at Array.map (<anonymous>)\n    at c:\\Users\\bruno\\.vscode\\extensions\\uqbar.wollok-lsp-ide-0.3.3\\node_modules\\wollok-ts\\dist\\printer\\print.js:337:80\n    at c:\\Users\\bruno\\.vscode\\extensions\\uqbar.wollok-lsp-ide-0.3.3\\node_modules\\wollok-ts\\dist\\printer\\print.js:262:49\n    at c:\\Users\\bruno\\.vscode\\extensions\\uqbar.wollok-lsp-ide-0.3.3\\node_modules\\wollok-ts\\dist\\printer\\print.js:243:30\n    at c:\\Users\\bruno\\.vscode\\extensions\\uqbar.wollok-lsp-ide-0.3.3\\node_modules\\wollok-ts\\dist\\extensions.js:84:20\n    at c:\\Users\\bruno\\.vscode\\extensions\\uqbar.wollok-lsp-ide-0.3.3\\node_modules\\wollok-ts\\dist\\printer\\print.js:29:56","timestamp":"2024-08-30T01:00:02.415Z"}
{"level":"error","message":"✘ Failed to rebuild document Failed to parse prueba/example.wlk: \n-- PARSING FAILED --------------------------------------------------\n\n  14 |     persona.edad = 25\n  15 |     persona.saludar()\n> 16 |   }\n     |   ^\n  17 | }\n\nExpected one of the following: \n\n'@', 'class', 'const', 'describe', 'mixin', 'object', 'only', 'package', 'program', 'test', 'var', '{', EOF, comment, not \"}\n\", whitespace\n","stack":"Error: Failed to parse prueba/example.wlk: \n-- PARSING FAILED --------------------------------------------------\n\n  14 |     persona.edad = 25\n  15 |     persona.saludar()\n> 16 |   }\n     |   ^\n  17 | }\n\nExpected one of the following: \n\n'@', 'class', 'const', 'describe', 'mixin', 'object', 'only', 'package', 'program', 'test', 'var', '{', EOF, comment, not \"}\n\", whitespace\n\n    at c:\\Users\\bruno\\.vscode\\extensions\\uqbar.wollok-lsp-ide-0.3.3\\node_modules\\wollok-ts\\dist\\index.js:54:19\n    at Array.map (<anonymous>)\n    at buildEnvironment (c:\\Users\\bruno\\.vscode\\extensions\\uqbar.wollok-lsp-ide-0.3.3\\node_modules\\wollok-ts\\dist\\index.js:49:40)\n    at EnvironmentProvider.buildEnvironmentFrom (c:\\Users\\bruno\\.vscode\\extensions\\uqbar.wollok-lsp-ide-0.3.3\\server\\out\\utils\\vm\\environment.js:29:66)\n    at EnvironmentProvider.updateEnvironmentWith (c:\\Users\\bruno\\.vscode\\extensions\\uqbar.wollok-lsp-ide-0.3.3\\server\\out\\utils\\vm\\environment.js:19:37)\n    at rebuildTextDocument (c:\\Users\\bruno\\.vscode\\extensions\\uqbar.wollok-lsp-ide-0.3.3\\server\\out\\server.js:102:29)\n    at CallbackList.invoke (c:\\Users\\bruno\\.vscode\\extensions\\uqbar.wollok-lsp-ide-0.3.3\\server\\node_modules\\vscode-jsonrpc\\lib\\common\\events.js:55:39)\n    at Emitter.fire (c:\\Users\\bruno\\.vscode\\extensions\\uqbar.wollok-lsp-ide-0.3.3\\server\\node_modules\\vscode-jsonrpc\\lib\\common\\events.js:117:36)\n    at c:\\Users\\bruno\\.vscode\\extensions\\uqbar.wollok-lsp-ide-0.3.3\\server\\node_modules\\vscode-languageserver\\lib\\common\\textDocuments.js:138:42\n    at handleNotification (c:\\Users\\bruno\\.vscode\\extensions\\uqbar.wollok-lsp-ide-0.3.3\\server\\node_modules\\vscode-jsonrpc\\lib\\common\\connection.js:640:25)","timestamp":"2024-08-30T01:00:03.766Z"}
{"level":"info","message":"onRequest - completionItem/resolve","timestamp":"2024-08-30T01:00:06.697Z"}
{"level":"info","message":"onRequest - completionItem/resolve","timestamp":"2024-08-30T01:00:43.249Z"}
{"level":"info","message":"onRequest - completionItem/resolve","timestamp":"2024-08-30T01:00:43.464Z"}
{"level":"info","message":"onRequest - completionItem/resolve","timestamp":"2024-08-30T01:00:44.821Z"}
{"level":"info","message":"onRequest - completionItem/resolve","timestamp":"2024-08-30T01:00:51.208Z"}
{"level":"info","message":"onRequest - completionItem/resolve","timestamp":"2024-08-30T01:01:00.218Z"}
{"level":"info","message":"onRequest - completionItem/resolve","timestamp":"2024-08-30T01:01:00.261Z"}
{"level":"info","message":"onRequest - completionItem/resolve","timestamp":"2024-08-30T01:01:00.369Z"}
{"level":"error","message":"✘ Completions for node failed: Error: prueba.example.zekiel.vi [Field]{0b6a36} at prueba/example.wlk:2 exhausted all cases without a match prueba.example.zekiel.vi [Field]{0b6a36} at prueba/example.wlk:2 exhausted all cases without a match","stack":"Error: prueba.example.zekiel.vi [Field]{0b6a36} at prueba/example.wlk:2 exhausted all cases without a match\n    at c:\\Users\\bruno\\.vscode\\extensions\\uqbar.wollok-lsp-ide-0.3.3\\node_modules\\wollok-ts\\dist\\extensions.js:85:11\n    at completionsForNode (c:\\Users\\bruno\\.vscode\\extensions\\uqbar.wollok-lsp-ide-0.3.3\\server\\out\\functionalities\\autocomplete\\node-completion.js:10:44)\n    at c:\\Users\\bruno\\.vscode\\extensions\\uqbar.wollok-lsp-ide-0.3.3\\server\\out\\functionalities\\autocomplete\\autocomplete.js:26:154\n    at c:\\Users\\bruno\\.vscode\\extensions\\uqbar.wollok-lsp-ide-0.3.3\\server\\out\\server.js:198:20\n    at c:\\Users\\bruno\\.vscode\\extensions\\uqbar.wollok-lsp-ide-0.3.3\\server\\node_modules\\vscode-languageserver\\lib\\common\\server.js:593:20\n    at handleRequest (c:\\Users\\bruno\\.vscode\\extensions\\uqbar.wollok-lsp-ide-0.3.3\\server\\node_modules\\vscode-jsonrpc\\lib\\common\\connection.js:493:41)\n    at handleMessage (c:\\Users\\bruno\\.vscode\\extensions\\uqbar.wollok-lsp-ide-0.3.3\\server\\node_modules\\vscode-jsonrpc\\lib\\common\\connection.js:339:13)\n    at processMessageQueue (c:\\Users\\bruno\\.vscode\\extensions\\uqbar.wollok-lsp-ide-0.3.3\\server\\node_modules\\vscode-jsonrpc\\lib\\common\\connection.js:362:17)\n    at Immediate._onImmediate (c:\\Users\\bruno\\.vscode\\extensions\\uqbar.wollok-lsp-ide-0.3.3\\server\\node_modules\\vscode-jsonrpc\\lib\\common\\connection.js:334:13)\n    at process.processImmediate (node:internal/timers:478:21)","timestamp":"2024-08-30T01:01:02.360Z"}
{"level":"info","message":"onRequest - completionItem/resolve","timestamp":"2024-08-30T01:01:02.428Z"}
{"level":"error","message":"✘ Completions for node failed: Error: prueba.example.zekiel.vid [Field]{db9204} at prueba/example.wlk:2 exhausted all cases without a match prueba.example.zekiel.vid [Field]{db9204} at prueba/example.wlk:2 exhausted all cases without a match","stack":"Error: prueba.example.zekiel.vid [Field]{db9204} at prueba/example.wlk:2 exhausted all cases without a match\n    at c:\\Users\\bruno\\.vscode\\extensions\\uqbar.wollok-lsp-ide-0.3.3\\node_modules\\wollok-ts\\dist\\extensions.js:85:11\n    at completionsForNode (c:\\Users\\bruno\\.vscode\\extensions\\uqbar.wollok-lsp-ide-0.3.3\\server\\out\\functionalities\\autocomplete\\node-completion.js:10:44)\n    at c:\\Users\\bruno\\.vscode\\extensions\\uqbar.wollok-lsp-ide-0.3.3\\server\\out\\functionalities\\autocomplete\\autocomplete.js:26:154\n    at c:\\Users\\bruno\\.vscode\\extensions\\uqbar.wollok-lsp-ide-0.3.3\\server\\out\\server.js:198:20\n    at c:\\Users\\bruno\\.vscode\\extensions\\uqbar.wollok-lsp-ide-0.3.3\\server\\node_modules\\vscode-languageserver\\lib\\common\\server.js:593:20\n    at handleRequest (c:\\Users\\bruno\\.vscode\\extensions\\uqbar.wollok-lsp-ide-0.3.3\\server\\node_modules\\vscode-jsonrpc\\lib\\common\\connection.js:493:41)\n    at handleMessage (c:\\Users\\bruno\\.vscode\\extensions\\uqbar.wollok-lsp-ide-0.3.3\\server\\node_modules\\vscode-jsonrpc\\lib\\common\\connection.js:339:13)\n    at processMessageQueue (c:\\Users\\bruno\\.vscode\\extensions\\uqbar.wollok-lsp-ide-0.3.3\\server\\node_modules\\vscode-jsonrpc\\lib\\common\\connection.js:362:17)\n    at Immediate._onImmediate (c:\\Users\\bruno\\.vscode\\extensions\\uqbar.wollok-lsp-ide-0.3.3\\server\\node_modules\\vscode-jsonrpc\\lib\\common\\connection.js:334:13)\n    at process.processImmediate (node:internal/timers:478:21)","timestamp":"2024-08-30T01:01:02.506Z"}
{"level":"error","message":"✘ Completions for node failed: Error: prueba.example.zekiel.vida [Field]{9feb07} at prueba/example.wlk:2 exhausted all cases without a match prueba.example.zekiel.vida [Field]{9feb07} at prueba/example.wlk:2 exhausted all cases without a match","stack":"Error: prueba.example.zekiel.vida [Field]{9feb07} at prueba/example.wlk:2 exhausted all cases without a match\n    at c:\\Users\\bruno\\.vscode\\extensions\\uqbar.wollok-lsp-ide-0.3.3\\node_modules\\wollok-ts\\dist\\extensions.js:85:11\n    at completionsForNode (c:\\Users\\bruno\\.vscode\\extensions\\uqbar.wollok-lsp-ide-0.3.3\\server\\out\\functionalities\\autocomplete\\node-completion.js:10:44)\n    at c:\\Users\\bruno\\.vscode\\extensions\\uqbar.wollok-lsp-ide-0.3.3\\server\\out\\functionalities\\autocomplete\\autocomplete.js:26:154\n    at c:\\Users\\bruno\\.vscode\\extensions\\uqbar.wollok-lsp-ide-0.3.3\\server\\out\\server.js:198:20\n    at c:\\Users\\bruno\\.vscode\\extensions\\uqbar.wollok-lsp-ide-0.3.3\\server\\node_modules\\vscode-languageserver\\lib\\common\\server.js:593:20\n    at handleRequest (c:\\Users\\bruno\\.vscode\\extensions\\uqbar.wollok-lsp-ide-0.3.3\\server\\node_modules\\vscode-jsonrpc\\lib\\common\\connection.js:493:41)\n    at handleMessage (c:\\Users\\bruno\\.vscode\\extensions\\uqbar.wollok-lsp-ide-0.3.3\\server\\node_modules\\vscode-jsonrpc\\lib\\common\\connection.js:339:13)\n    at processMessageQueue (c:\\Users\\bruno\\.vscode\\extensions\\uqbar.wollok-lsp-ide-0.3.3\\server\\node_modules\\vscode-jsonrpc\\lib\\common\\connection.js:362:17)\n    at Immediate._onImmediate (c:\\Users\\bruno\\.vscode\\extensions\\uqbar.wollok-lsp-ide-0.3.3\\server\\node_modules\\vscode-jsonrpc\\lib\\common\\connection.js:334:13)\n    at process.processImmediate (node:internal/timers:478:21)","timestamp":"2024-08-30T01:01:02.832Z"}
{"level":"info","message":"onRequest - completionItem/resolve","timestamp":"2024-08-30T01:01:08.126Z"}
{"level":"info","message":"onRequest - completionItem/resolve","timestamp":"2024-08-30T01:01:08.185Z"}
{"level":"info","message":"onRequest - completionItem/resolve","timestamp":"2024-08-30T01:01:08.449Z"}
{"level":"error","message":"✘ Failed to rebuild document Failed to parse prueba/example.wlk: \n-- PARSING FAILED --------------------------------------------------\n\n  3 | \n  4 |   method\n> 5 | }\n    | ^\n\nExpected one of the following: \n\n'!=', '!==', '%', '&&', '*', '**', '+', '-', '->', '..', '..<', '/', '<', '<<', '<<<', '<=', '<=>', '<>', '==', '===', '>', '>..', '>=', '>>', '>>>', '?:', '@', 'and', 'class', 'const', 'describe', 'invert', 'mixin', 'negate', 'object', 'only', 'or', 'package', 'plus', 'program', 'test', 'var', '{', '||', EOF, comment, identifier, not \"}\", whitespace\n","stack":"Error: Failed to parse prueba/example.wlk: \n-- PARSING FAILED --------------------------------------------------\n\n  3 | \n  4 |   method\n> 5 | }\n    | ^\n\nExpected one of the following: \n\n'!=', '!==', '%', '&&', '*', '**', '+', '-', '->', '..', '..<', '/', '<', '<<', '<<<', '<=', '<=>', '<>', '==', '===', '>', '>..', '>=', '>>', '>>>', '?:', '@', 'and', 'class', 'const', 'describe', 'invert', 'mixin', 'negate', 'object', 'only', 'or', 'package', 'plus', 'program', 'test', 'var', '{', '||', EOF, comment, identifier, not \"}\", whitespace\n\n    at c:\\Users\\bruno\\.vscode\\extensions\\uqbar.wollok-lsp-ide-0.3.3\\node_modules\\wollok-ts\\dist\\index.js:54:19\n    at Array.map (<anonymous>)\n    at buildEnvironment (c:\\Users\\bruno\\.vscode\\extensions\\uqbar.wollok-lsp-ide-0.3.3\\node_modules\\wollok-ts\\dist\\index.js:49:40)\n    at EnvironmentProvider.buildEnvironmentFrom (c:\\Users\\bruno\\.vscode\\extensions\\uqbar.wollok-lsp-ide-0.3.3\\server\\out\\utils\\vm\\environment.js:29:66)\n    at EnvironmentProvider.updateEnvironmentWith (c:\\Users\\bruno\\.vscode\\extensions\\uqbar.wollok-lsp-ide-0.3.3\\server\\out\\utils\\vm\\environment.js:19:37)\n    at rebuildTextDocument (c:\\Users\\bruno\\.vscode\\extensions\\uqbar.wollok-lsp-ide-0.3.3\\server\\out\\server.js:102:29)\n    at CallbackList.invoke (c:\\Users\\bruno\\.vscode\\extensions\\uqbar.wollok-lsp-ide-0.3.3\\server\\node_modules\\vscode-jsonrpc\\lib\\common\\events.js:55:39)\n    at Emitter.fire (c:\\Users\\bruno\\.vscode\\extensions\\uqbar.wollok-lsp-ide-0.3.3\\server\\node_modules\\vscode-jsonrpc\\lib\\common\\events.js:117:36)\n    at c:\\Users\\bruno\\.vscode\\extensions\\uqbar.wollok-lsp-ide-0.3.3\\server\\node_modules\\vscode-languageserver\\lib\\common\\textDocuments.js:138:42\n    at handleNotification (c:\\Users\\bruno\\.vscode\\extensions\\uqbar.wollok-lsp-ide-0.3.3\\server\\node_modules\\vscode-jsonrpc\\lib\\common\\connection.js:640:25)","timestamp":"2024-08-30T01:01:09.814Z"}
{"level":"error","message":"✘ Failed to rebuild document Failed to parse prueba/example.wlk: \n-- PARSING FAILED --------------------------------------------------\n\n  3 | \n  4 |   method \n> 5 | }\n    | ^\n\nExpected one of the following: \n\n'!=', '!==', '%', '&&', '*', '**', '+', '-', '->', '..', '..<', '/', '<', '<<', '<<<', '<=', '<=>', '<>', '==', '===', '>', '>..', '>=', '>>', '>>>', '?:', '@', 'and', 'class', 'const', 'describe', 'invert', 'mixin', 'negate', 'object', 'only', 'or', 'package', 'plus', 'program', 'test', 'var', '{', '||', EOF, comment, identifier, not \"}\", whitespace\n","stack":"Error: Failed to parse prueba/example.wlk: \n-- PARSING FAILED --------------------------------------------------\n\n  3 | \n  4 |   method \n> 5 | }\n    | ^\n\nExpected one of the following: \n\n'!=', '!==', '%', '&&', '*', '**', '+', '-', '->', '..', '..<', '/', '<', '<<', '<<<', '<=', '<=>', '<>', '==', '===', '>', '>..', '>=', '>>', '>>>', '?:', '@', 'and', 'class', 'const', 'describe', 'invert', 'mixin', 'negate', 'object', 'only', 'or', 'package', 'plus', 'program', 'test', 'var', '{', '||', EOF, comment, identifier, not \"}\", whitespace\n\n    at c:\\Users\\bruno\\.vscode\\extensions\\uqbar.wollok-lsp-ide-0.3.3\\node_modules\\wollok-ts\\dist\\index.js:54:19\n    at Array.map (<anonymous>)\n    at buildEnvironment (c:\\Users\\bruno\\.vscode\\extensions\\uqbar.wollok-lsp-ide-0.3.3\\node_modules\\wollok-ts\\dist\\index.js:49:40)\n    at EnvironmentProvider.buildEnvironmentFrom (c:\\Users\\bruno\\.vscode\\extensions\\uqbar.wollok-lsp-ide-0.3.3\\server\\out\\utils\\vm\\environment.js:29:66)\n    at EnvironmentProvider.updateEnvironmentWith (c:\\Users\\bruno\\.vscode\\extensions\\uqbar.wollok-lsp-ide-0.3.3\\server\\out\\utils\\vm\\environment.js:19:37)\n    at rebuildTextDocument (c:\\Users\\bruno\\.vscode\\extensions\\uqbar.wollok-lsp-ide-0.3.3\\server\\out\\server.js:102:29)\n    at CallbackList.invoke (c:\\Users\\bruno\\.vscode\\extensions\\uqbar.wollok-lsp-ide-0.3.3\\server\\node_modules\\vscode-jsonrpc\\lib\\common\\events.js:55:39)\n    at Emitter.fire (c:\\Users\\bruno\\.vscode\\extensions\\uqbar.wollok-lsp-ide-0.3.3\\server\\node_modules\\vscode-jsonrpc\\lib\\common\\events.js:117:36)\n    at c:\\Users\\bruno\\.vscode\\extensions\\uqbar.wollok-lsp-ide-0.3.3\\server\\node_modules\\vscode-languageserver\\lib\\common\\textDocuments.js:138:42\n    at handleNotification (c:\\Users\\bruno\\.vscode\\extensions\\uqbar.wollok-lsp-ide-0.3.3\\server\\node_modules\\vscode-jsonrpc\\lib\\common\\connection.js:640:25)","timestamp":"2024-08-30T01:01:14.337Z"}
{"level":"info","message":"onRequest - completionItem/resolve","timestamp":"2024-08-30T01:01:17.131Z"}
{"level":"error","message":"✘ Completions for node failed: Error: [Return]{ef8f01} at prueba/example.wlk:-- exhausted all cases without a match [Return]{ef8f01} at prueba/example.wlk:-- exhausted all cases without a match","stack":"Error: [Return]{ef8f01} at prueba/example.wlk:-- exhausted all cases without a match\n    at c:\\Users\\bruno\\.vscode\\extensions\\uqbar.wollok-lsp-ide-0.3.3\\node_modules\\wollok-ts\\dist\\extensions.js:85:11\n    at completionsForNode (c:\\Users\\bruno\\.vscode\\extensions\\uqbar.wollok-lsp-ide-0.3.3\\server\\out\\functionalities\\autocomplete\\node-completion.js:10:44)\n    at completeForParent (c:\\Users\\bruno\\.vscode\\extensions\\uqbar.wollok-lsp-ide-0.3.3\\server\\out\\functionalities\\autocomplete\\node-completion.js:56:43)\n    at completeReference (c:\\Users\\bruno\\.vscode\\extensions\\uqbar.wollok-lsp-ide-0.3.3\\server\\out\\functionalities\\autocomplete\\node-completion.js:64:135)\n    at c:\\Users\\bruno\\.vscode\\extensions\\uqbar.wollok-lsp-ide-0.3.3\\node_modules\\wollok-ts\\dist\\extensions.js:84:20\n    at completionsForNode (c:\\Users\\bruno\\.vscode\\extensions\\uqbar.wollok-lsp-ide-0.3.3\\server\\out\\functionalities\\autocomplete\\node-completion.js:10:44)\n    at c:\\Users\\bruno\\.vscode\\extensions\\uqbar.wollok-lsp-ide-0.3.3\\server\\out\\functionalities\\autocomplete\\autocomplete.js:26:154\n    at c:\\Users\\bruno\\.vscode\\extensions\\uqbar.wollok-lsp-ide-0.3.3\\server\\out\\server.js:198:20\n    at c:\\Users\\bruno\\.vscode\\extensions\\uqbar.wollok-lsp-ide-0.3.3\\server\\node_modules\\vscode-languageserver\\lib\\common\\server.js:593:20\n    at handleRequest (c:\\Users\\bruno\\.vscode\\extensions\\uqbar.wollok-lsp-ide-0.3.3\\server\\node_modules\\vscode-jsonrpc\\lib\\common\\connection.js:493:41)","timestamp":"2024-08-30T01:01:26.507Z"}
{"level":"info","message":"onRequest - completionItem/resolve","timestamp":"2024-08-30T01:01:26.574Z"}
{"level":"info","message":"onRequest - completionItem/resolve","timestamp":"2024-08-30T01:01:44.283Z"}
{"level":"info","message":"onRequest - completionItem/resolve","timestamp":"2024-08-30T01:01:44.328Z"}
{"level":"info","message":"onRequest - completionItem/resolve","timestamp":"2024-08-30T01:01:48.017Z"}
{"level":"error","message":"✘ Failed to rebuild document Failed to parse prueba/example.wlk: \n-- PARSING FAILED --------------------------------------------------\n\n  5 | \n  6 |   method\n> 7 | }\n    | ^\n\nExpected one of the following: \n\n'!=', '!==', '%', '&&', '*', '**', '+', '-', '->', '..', '..<', '/', '<', '<<', '<<<', '<=', '<=>', '<>', '==', '===', '>', '>..', '>=', '>>', '>>>', '?:', '@', 'and', 'class', 'const', 'describe', 'invert', 'mixin', 'negate', 'object', 'only', 'or', 'package', 'plus', 'program', 'test', 'var', '{', '||', EOF, comment, identifier, not \"}\", whitespace\n","stack":"Error: Failed to parse prueba/example.wlk: \n-- PARSING FAILED --------------------------------------------------\n\n  5 | \n  6 |   method\n> 7 | }\n    | ^\n\nExpected one of the following: \n\n'!=', '!==', '%', '&&', '*', '**', '+', '-', '->', '..', '..<', '/', '<', '<<', '<<<', '<=', '<=>', '<>', '==', '===', '>', '>..', '>=', '>>', '>>>', '?:', '@', 'and', 'class', 'const', 'describe', 'invert', 'mixin', 'negate', 'object', 'only', 'or', 'package', 'plus', 'program', 'test', 'var', '{', '||', EOF, comment, identifier, not \"}\", whitespace\n\n    at c:\\Users\\bruno\\.vscode\\extensions\\uqbar.wollok-lsp-ide-0.3.3\\node_modules\\wollok-ts\\dist\\index.js:54:19\n    at Array.map (<anonymous>)\n    at buildEnvironment (c:\\Users\\bruno\\.vscode\\extensions\\uqbar.wollok-lsp-ide-0.3.3\\node_modules\\wollok-ts\\dist\\index.js:49:40)\n    at EnvironmentProvider.buildEnvironmentFrom (c:\\Users\\bruno\\.vscode\\extensions\\uqbar.wollok-lsp-ide-0.3.3\\server\\out\\utils\\vm\\environment.js:29:66)\n    at EnvironmentProvider.updateEnvironmentWith (c:\\Users\\bruno\\.vscode\\extensions\\uqbar.wollok-lsp-ide-0.3.3\\server\\out\\utils\\vm\\environment.js:19:37)\n    at rebuildTextDocument (c:\\Users\\bruno\\.vscode\\extensions\\uqbar.wollok-lsp-ide-0.3.3\\server\\out\\server.js:102:29)\n    at CallbackList.invoke (c:\\Users\\bruno\\.vscode\\extensions\\uqbar.wollok-lsp-ide-0.3.3\\server\\node_modules\\vscode-jsonrpc\\lib\\common\\events.js:55:39)\n    at Emitter.fire (c:\\Users\\bruno\\.vscode\\extensions\\uqbar.wollok-lsp-ide-0.3.3\\server\\node_modules\\vscode-jsonrpc\\lib\\common\\events.js:117:36)\n    at c:\\Users\\bruno\\.vscode\\extensions\\uqbar.wollok-lsp-ide-0.3.3\\server\\node_modules\\vscode-languageserver\\lib\\common\\textDocuments.js:138:42\n    at handleNotification (c:\\Users\\bruno\\.vscode\\extensions\\uqbar.wollok-lsp-ide-0.3.3\\server\\node_modules\\vscode-jsonrpc\\lib\\common\\connection.js:640:25)","timestamp":"2024-08-30T01:01:49.220Z"}
{"level":"error","message":"✘ Failed to rebuild document Failed to parse prueba/example.wlk: \n-- PARSING FAILED --------------------------------------------------\n\n  5 | \n  6 |   method \n> 7 | }\n    | ^\n\nExpected one of the following: \n\n'!=', '!==', '%', '&&', '*', '**', '+', '-', '->', '..', '..<', '/', '<', '<<', '<<<', '<=', '<=>', '<>', '==', '===', '>', '>..', '>=', '>>', '>>>', '?:', '@', 'and', 'class', 'const', 'describe', 'invert', 'mixin', 'negate', 'object', 'only', 'or', 'package', 'plus', 'program', 'test', 'var', '{', '||', EOF, comment, identifier, not \"}\", whitespace\n","stack":"Error: Failed to parse prueba/example.wlk: \n-- PARSING FAILED --------------------------------------------------\n\n  5 | \n  6 |   method \n> 7 | }\n    | ^\n\nExpected one of the following: \n\n'!=', '!==', '%', '&&', '*', '**', '+', '-', '->', '..', '..<', '/', '<', '<<', '<<<', '<=', '<=>', '<>', '==', '===', '>', '>..', '>=', '>>', '>>>', '?:', '@', 'and', 'class', 'const', 'describe', 'invert', 'mixin', 'negate', 'object', 'only', 'or', 'package', 'plus', 'program', 'test', 'var', '{', '||', EOF, comment, identifier, not \"}\", whitespace\n\n    at c:\\Users\\bruno\\.vscode\\extensions\\uqbar.wollok-lsp-ide-0.3.3\\node_modules\\wollok-ts\\dist\\index.js:54:19\n    at Array.map (<anonymous>)\n    at buildEnvironment (c:\\Users\\bruno\\.vscode\\extensions\\uqbar.wollok-lsp-ide-0.3.3\\node_modules\\wollok-ts\\dist\\index.js:49:40)\n    at EnvironmentProvider.buildEnvironmentFrom (c:\\Users\\bruno\\.vscode\\extensions\\uqbar.wollok-lsp-ide-0.3.3\\server\\out\\utils\\vm\\environment.js:29:66)\n    at EnvironmentProvider.updateEnvironmentWith (c:\\Users\\bruno\\.vscode\\extensions\\uqbar.wollok-lsp-ide-0.3.3\\server\\out\\utils\\vm\\environment.js:19:37)\n    at rebuildTextDocument (c:\\Users\\bruno\\.vscode\\extensions\\uqbar.wollok-lsp-ide-0.3.3\\server\\out\\server.js:102:29)\n    at CallbackList.invoke (c:\\Users\\bruno\\.vscode\\extensions\\uqbar.wollok-lsp-ide-0.3.3\\server\\node_modules\\vscode-jsonrpc\\lib\\common\\events.js:55:39)\n    at Emitter.fire (c:\\Users\\bruno\\.vscode\\extensions\\uqbar.wollok-lsp-ide-0.3.3\\server\\node_modules\\vscode-jsonrpc\\lib\\common\\events.js:117:36)\n    at c:\\Users\\bruno\\.vscode\\extensions\\uqbar.wollok-lsp-ide-0.3.3\\server\\node_modules\\vscode-languageserver\\lib\\common\\textDocuments.js:138:42\n    at handleNotification (c:\\Users\\bruno\\.vscode\\extensions\\uqbar.wollok-lsp-ide-0.3.3\\server\\node_modules\\vscode-jsonrpc\\lib\\common\\connection.js:640:25)","timestamp":"2024-08-30T01:01:49.366Z"}
{"level":"error","message":"✘ Completions for node failed: Error: [Parameter]{f8f236} at prueba/example.wlk:6 exhausted all cases without a match [Parameter]{f8f236} at prueba/example.wlk:6 exhausted all cases without a match","stack":"Error: [Parameter]{f8f236} at prueba/example.wlk:6 exhausted all cases without a match\n    at c:\\Users\\bruno\\.vscode\\extensions\\uqbar.wollok-lsp-ide-0.3.3\\node_modules\\wollok-ts\\dist\\extensions.js:85:11\n    at completionsForNode (c:\\Users\\bruno\\.vscode\\extensions\\uqbar.wollok-lsp-ide-0.3.3\\server\\out\\functionalities\\autocomplete\\node-completion.js:10:44)\n    at c:\\Users\\bruno\\.vscode\\extensions\\uqbar.wollok-lsp-ide-0.3.3\\server\\out\\functionalities\\autocomplete\\autocomplete.js:26:154\n    at c:\\Users\\bruno\\.vscode\\extensions\\uqbar.wollok-lsp-ide-0.3.3\\server\\out\\server.js:198:20\n    at c:\\Users\\bruno\\.vscode\\extensions\\uqbar.wollok-lsp-ide-0.3.3\\server\\node_modules\\vscode-languageserver\\lib\\common\\server.js:593:20\n    at handleRequest (c:\\Users\\bruno\\.vscode\\extensions\\uqbar.wollok-lsp-ide-0.3.3\\server\\node_modules\\vscode-jsonrpc\\lib\\common\\connection.js:493:41)\n    at handleMessage (c:\\Users\\bruno\\.vscode\\extensions\\uqbar.wollok-lsp-ide-0.3.3\\server\\node_modules\\vscode-jsonrpc\\lib\\common\\connection.js:339:13)\n    at processMessageQueue (c:\\Users\\bruno\\.vscode\\extensions\\uqbar.wollok-lsp-ide-0.3.3\\server\\node_modules\\vscode-jsonrpc\\lib\\common\\connection.js:362:17)\n    at Immediate._onImmediate (c:\\Users\\bruno\\.vscode\\extensions\\uqbar.wollok-lsp-ide-0.3.3\\server\\node_modules\\vscode-jsonrpc\\lib\\common\\connection.js:334:13)\n    at process.processImmediate (node:internal/timers:478:21)","timestamp":"2024-08-30T01:01:52.643Z"}
{"level":"info","message":"onRequest - completionItem/resolve","timestamp":"2024-08-30T01:01:52.710Z"}
{"level":"info","message":"onRequest - completionItem/resolve","timestamp":"2024-08-30T01:01:52.750Z"}
{"level":"error","message":"✘ Completions for node failed: Error: [Parameter]{9f2316} at prueba/example.wlk:6 exhausted all cases without a match [Parameter]{9f2316} at prueba/example.wlk:6 exhausted all cases without a match","stack":"Error: [Parameter]{9f2316} at prueba/example.wlk:6 exhausted all cases without a match\n    at c:\\Users\\bruno\\.vscode\\extensions\\uqbar.wollok-lsp-ide-0.3.3\\node_modules\\wollok-ts\\dist\\extensions.js:85:11\n    at completionsForNode (c:\\Users\\bruno\\.vscode\\extensions\\uqbar.wollok-lsp-ide-0.3.3\\server\\out\\functionalities\\autocomplete\\node-completion.js:10:44)\n    at c:\\Users\\bruno\\.vscode\\extensions\\uqbar.wollok-lsp-ide-0.3.3\\server\\out\\functionalities\\autocomplete\\autocomplete.js:26:154\n    at c:\\Users\\bruno\\.vscode\\extensions\\uqbar.wollok-lsp-ide-0.3.3\\server\\out\\server.js:198:20\n    at c:\\Users\\bruno\\.vscode\\extensions\\uqbar.wollok-lsp-ide-0.3.3\\server\\node_modules\\vscode-languageserver\\lib\\common\\server.js:593:20\n    at handleRequest (c:\\Users\\bruno\\.vscode\\extensions\\uqbar.wollok-lsp-ide-0.3.3\\server\\node_modules\\vscode-jsonrpc\\lib\\common\\connection.js:493:41)\n    at handleMessage (c:\\Users\\bruno\\.vscode\\extensions\\uqbar.wollok-lsp-ide-0.3.3\\server\\node_modules\\vscode-jsonrpc\\lib\\common\\connection.js:339:13)\n    at processMessageQueue (c:\\Users\\bruno\\.vscode\\extensions\\uqbar.wollok-lsp-ide-0.3.3\\server\\node_modules\\vscode-jsonrpc\\lib\\common\\connection.js:362:17)\n    at Immediate._onImmediate (c:\\Users\\bruno\\.vscode\\extensions\\uqbar.wollok-lsp-ide-0.3.3\\server\\node_modules\\vscode-jsonrpc\\lib\\common\\connection.js:334:13)\n    at process.processImmediate (node:internal/timers:478:21)","timestamp":"2024-08-30T01:01:52.866Z"}
{"level":"info","message":"onRequest - completionItem/resolve","timestamp":"2024-08-30T01:01:52.962Z"}
{"level":"error","message":"✘ Completions for node failed: Error: [Parameter]{3e31df} at prueba/example.wlk:6 exhausted all cases without a match [Parameter]{3e31df} at prueba/example.wlk:6 exhausted all cases without a match","stack":"Error: [Parameter]{3e31df} at prueba/example.wlk:6 exhausted all cases without a match\n    at c:\\Users\\bruno\\.vscode\\extensions\\uqbar.wollok-lsp-ide-0.3.3\\node_modules\\wollok-ts\\dist\\extensions.js:85:11\n    at completionsForNode (c:\\Users\\bruno\\.vscode\\extensions\\uqbar.wollok-lsp-ide-0.3.3\\server\\out\\functionalities\\autocomplete\\node-completion.js:10:44)\n    at c:\\Users\\bruno\\.vscode\\extensions\\uqbar.wollok-lsp-ide-0.3.3\\server\\out\\functionalities\\autocomplete\\autocomplete.js:26:154\n    at c:\\Users\\bruno\\.vscode\\extensions\\uqbar.wollok-lsp-ide-0.3.3\\server\\out\\server.js:198:20\n    at c:\\Users\\bruno\\.vscode\\extensions\\uqbar.wollok-lsp-ide-0.3.3\\server\\node_modules\\vscode-languageserver\\lib\\common\\server.js:593:20\n    at handleRequest (c:\\Users\\bruno\\.vscode\\extensions\\uqbar.wollok-lsp-ide-0.3.3\\server\\node_modules\\vscode-jsonrpc\\lib\\common\\connection.js:493:41)\n    at handleMessage (c:\\Users\\bruno\\.vscode\\extensions\\uqbar.wollok-lsp-ide-0.3.3\\server\\node_modules\\vscode-jsonrpc\\lib\\common\\connection.js:339:13)\n    at processMessageQueue (c:\\Users\\bruno\\.vscode\\extensions\\uqbar.wollok-lsp-ide-0.3.3\\server\\node_modules\\vscode-jsonrpc\\lib\\common\\connection.js:362:17)\n    at Immediate._onImmediate (c:\\Users\\bruno\\.vscode\\extensions\\uqbar.wollok-lsp-ide-0.3.3\\server\\node_modules\\vscode-jsonrpc\\lib\\common\\connection.js:334:13)\n    at process.processImmediate (node:internal/timers:478:21)","timestamp":"2024-08-30T01:01:53.104Z"}
{"level":"info","message":"onRequest - completionItem/resolve","timestamp":"2024-08-30T01:01:53.171Z"}
{"level":"error","message":"✘ Completions for node failed: Error: [Parameter]{eeed0e} at prueba/example.wlk:6 exhausted all cases without a match [Parameter]{eeed0e} at prueba/example.wlk:6 exhausted all cases without a match","stack":"Error: [Parameter]{eeed0e} at prueba/example.wlk:6 exhausted all cases without a match\n    at c:\\Users\\bruno\\.vscode\\extensions\\uqbar.wollok-lsp-ide-0.3.3\\node_modules\\wollok-ts\\dist\\extensions.js:85:11\n    at completionsForNode (c:\\Users\\bruno\\.vscode\\extensions\\uqbar.wollok-lsp-ide-0.3.3\\server\\out\\functionalities\\autocomplete\\node-completion.js:10:44)\n    at c:\\Users\\bruno\\.vscode\\extensions\\uqbar.wollok-lsp-ide-0.3.3\\server\\out\\functionalities\\autocomplete\\autocomplete.js:26:154\n    at c:\\Users\\bruno\\.vscode\\extensions\\uqbar.wollok-lsp-ide-0.3.3\\server\\out\\server.js:198:20\n    at c:\\Users\\bruno\\.vscode\\extensions\\uqbar.wollok-lsp-ide-0.3.3\\server\\node_modules\\vscode-languageserver\\lib\\common\\server.js:593:20\n    at handleRequest (c:\\Users\\bruno\\.vscode\\extensions\\uqbar.wollok-lsp-ide-0.3.3\\server\\node_modules\\vscode-jsonrpc\\lib\\common\\connection.js:493:41)\n    at handleMessage (c:\\Users\\bruno\\.vscode\\extensions\\uqbar.wollok-lsp-ide-0.3.3\\server\\node_modules\\vscode-jsonrpc\\lib\\common\\connection.js:339:13)\n    at processMessageQueue (c:\\Users\\bruno\\.vscode\\extensions\\uqbar.wollok-lsp-ide-0.3.3\\server\\node_modules\\vscode-jsonrpc\\lib\\common\\connection.js:362:17)\n    at Immediate._onImmediate (c:\\Users\\bruno\\.vscode\\extensions\\uqbar.wollok-lsp-ide-0.3.3\\server\\node_modules\\vscode-jsonrpc\\lib\\common\\connection.js:334:13)\n    at process.processImmediate (node:internal/timers:478:21)","timestamp":"2024-08-30T01:01:53.221Z"}
{"level":"info","message":"onRequest - completionItem/resolve","timestamp":"2024-08-30T01:01:53.286Z"}
{"level":"error","message":"✘ Completions for node failed: Error: [Parameter]{81a089} at prueba/example.wlk:6 exhausted all cases without a match [Parameter]{81a089} at prueba/example.wlk:6 exhausted all cases without a match","stack":"Error: [Parameter]{81a089} at prueba/example.wlk:6 exhausted all cases without a match\n    at c:\\Users\\bruno\\.vscode\\extensions\\uqbar.wollok-lsp-ide-0.3.3\\node_modules\\wollok-ts\\dist\\extensions.js:85:11\n    at completionsForNode (c:\\Users\\bruno\\.vscode\\extensions\\uqbar.wollok-lsp-ide-0.3.3\\server\\out\\functionalities\\autocomplete\\node-completion.js:10:44)\n    at c:\\Users\\bruno\\.vscode\\extensions\\uqbar.wollok-lsp-ide-0.3.3\\server\\out\\functionalities\\autocomplete\\autocomplete.js:26:154\n    at c:\\Users\\bruno\\.vscode\\extensions\\uqbar.wollok-lsp-ide-0.3.3\\server\\out\\server.js:198:20\n    at c:\\Users\\bruno\\.vscode\\extensions\\uqbar.wollok-lsp-ide-0.3.3\\server\\node_modules\\vscode-languageserver\\lib\\common\\server.js:593:20\n    at handleRequest (c:\\Users\\bruno\\.vscode\\extensions\\uqbar.wollok-lsp-ide-0.3.3\\server\\node_modules\\vscode-jsonrpc\\lib\\common\\connection.js:493:41)\n    at handleMessage (c:\\Users\\bruno\\.vscode\\extensions\\uqbar.wollok-lsp-ide-0.3.3\\server\\node_modules\\vscode-jsonrpc\\lib\\common\\connection.js:339:13)\n    at processMessageQueue (c:\\Users\\bruno\\.vscode\\extensions\\uqbar.wollok-lsp-ide-0.3.3\\server\\node_modules\\vscode-jsonrpc\\lib\\common\\connection.js:362:17)\n    at Immediate._onImmediate (c:\\Users\\bruno\\.vscode\\extensions\\uqbar.wollok-lsp-ide-0.3.3\\server\\node_modules\\vscode-jsonrpc\\lib\\common\\connection.js:334:13)\n    at process.processImmediate (node:internal/timers:478:21)","timestamp":"2024-08-30T01:01:53.434Z"}
{"level":"info","message":"onRequest - completionItem/resolve","timestamp":"2024-08-30T01:01:53.499Z"}
{"level":"info","message":"onRequest - completionItem/resolve","timestamp":"2024-08-30T01:02:19.394Z"}
{"level":"info","message":"onRequest - completionItem/resolve","timestamp":"2024-08-30T01:02:20.479Z"}
{"level":"error","message":"✘ Completions for node failed: Error: [Assignment]{a21fa3} at prueba/example.wlk:7 exhausted all cases without a match [Assignment]{a21fa3} at prueba/example.wlk:7 exhausted all cases without a match","stack":"Error: [Assignment]{a21fa3} at prueba/example.wlk:7 exhausted all cases without a match\n    at c:\\Users\\bruno\\.vscode\\extensions\\uqbar.wollok-lsp-ide-0.3.3\\node_modules\\wollok-ts\\dist\\extensions.js:85:11\n    at completionsForNode (c:\\Users\\bruno\\.vscode\\extensions\\uqbar.wollok-lsp-ide-0.3.3\\server\\out\\functionalities\\autocomplete\\node-completion.js:10:44)\n    at completeForParent (c:\\Users\\bruno\\.vscode\\extensions\\uqbar.wollok-lsp-ide-0.3.3\\server\\out\\functionalities\\autocomplete\\node-completion.js:56:43)\n    at completeReference (c:\\Users\\bruno\\.vscode\\extensions\\uqbar.wollok-lsp-ide-0.3.3\\server\\out\\functionalities\\autocomplete\\node-completion.js:64:135)\n    at c:\\Users\\bruno\\.vscode\\extensions\\uqbar.wollok-lsp-ide-0.3.3\\node_modules\\wollok-ts\\dist\\extensions.js:84:20\n    at completionsForNode (c:\\Users\\bruno\\.vscode\\extensions\\uqbar.wollok-lsp-ide-0.3.3\\server\\out\\functionalities\\autocomplete\\node-completion.js:10:44)\n    at c:\\Users\\bruno\\.vscode\\extensions\\uqbar.wollok-lsp-ide-0.3.3\\server\\out\\functionalities\\autocomplete\\autocomplete.js:26:154\n    at c:\\Users\\bruno\\.vscode\\extensions\\uqbar.wollok-lsp-ide-0.3.3\\server\\out\\server.js:198:20\n    at c:\\Users\\bruno\\.vscode\\extensions\\uqbar.wollok-lsp-ide-0.3.3\\server\\node_modules\\vscode-languageserver\\lib\\common\\server.js:593:20\n    at handleRequest (c:\\Users\\bruno\\.vscode\\extensions\\uqbar.wollok-lsp-ide-0.3.3\\server\\node_modules\\vscode-jsonrpc\\lib\\common\\connection.js:493:41)","timestamp":"2024-08-30T01:02:26.051Z"}
{"level":"info","message":"onRequest - completionItem/resolve","timestamp":"2024-08-30T01:02:26.124Z"}
{"level":"error","message":"✘ Completions for node failed: Error: [Assignment]{165948} at prueba/example.wlk:7 exhausted all cases without a match [Assignment]{165948} at prueba/example.wlk:7 exhausted all cases without a match","stack":"Error: [Assignment]{165948} at prueba/example.wlk:7 exhausted all cases without a match\n    at c:\\Users\\bruno\\.vscode\\extensions\\uqbar.wollok-lsp-ide-0.3.3\\node_modules\\wollok-ts\\dist\\extensions.js:85:11\n    at completionsForNode (c:\\Users\\bruno\\.vscode\\extensions\\uqbar.wollok-lsp-ide-0.3.3\\server\\out\\functionalities\\autocomplete\\node-completion.js:10:44)\n    at completeForParent (c:\\Users\\bruno\\.vscode\\extensions\\uqbar.wollok-lsp-ide-0.3.3\\server\\out\\functionalities\\autocomplete\\node-completion.js:56:43)\n    at completeReference (c:\\Users\\bruno\\.vscode\\extensions\\uqbar.wollok-lsp-ide-0.3.3\\server\\out\\functionalities\\autocomplete\\node-completion.js:64:135)\n    at c:\\Users\\bruno\\.vscode\\extensions\\uqbar.wollok-lsp-ide-0.3.3\\node_modules\\wollok-ts\\dist\\extensions.js:84:20\n    at completionsForNode (c:\\Users\\bruno\\.vscode\\extensions\\uqbar.wollok-lsp-ide-0.3.3\\server\\out\\functionalities\\autocomplete\\node-completion.js:10:44)\n    at c:\\Users\\bruno\\.vscode\\extensions\\uqbar.wollok-lsp-ide-0.3.3\\server\\out\\functionalities\\autocomplete\\autocomplete.js:26:154\n    at c:\\Users\\bruno\\.vscode\\extensions\\uqbar.wollok-lsp-ide-0.3.3\\server\\out\\server.js:198:20\n    at c:\\Users\\bruno\\.vscode\\extensions\\uqbar.wollok-lsp-ide-0.3.3\\server\\node_modules\\vscode-languageserver\\lib\\common\\server.js:593:20\n    at handleRequest (c:\\Users\\bruno\\.vscode\\extensions\\uqbar.wollok-lsp-ide-0.3.3\\server\\node_modules\\vscode-jsonrpc\\lib\\common\\connection.js:493:41)","timestamp":"2024-08-30T01:02:34.764Z"}
{"level":"info","message":"onRequest - completionItem/resolve","timestamp":"2024-08-30T01:02:34.831Z"}
{"level":"info","message":"onRequest - completionItem/resolve","timestamp":"2024-08-30T01:02:34.872Z"}
{"level":"info","message":"onRequest - completionItem/resolve","timestamp":"2024-08-30T01:02:35.019Z"}
{"level":"error","message":"✘ Completions for node failed: Error: [Assignment]{1f9506} at prueba/example.wlk:7 exhausted all cases without a match [Assignment]{1f9506} at prueba/example.wlk:7 exhausted all cases without a match","stack":"Error: [Assignment]{1f9506} at prueba/example.wlk:7 exhausted all cases without a match\n    at c:\\Users\\bruno\\.vscode\\extensions\\uqbar.wollok-lsp-ide-0.3.3\\node_modules\\wollok-ts\\dist\\extensions.js:85:11\n    at completionsForNode (c:\\Users\\bruno\\.vscode\\extensions\\uqbar.wollok-lsp-ide-0.3.3\\server\\out\\functionalities\\autocomplete\\node-completion.js:10:44)\n    at completeForParent (c:\\Users\\bruno\\.vscode\\extensions\\uqbar.wollok-lsp-ide-0.3.3\\server\\out\\functionalities\\autocomplete\\node-completion.js:56:43)\n    at completeReference (c:\\Users\\bruno\\.vscode\\extensions\\uqbar.wollok-lsp-ide-0.3.3\\server\\out\\functionalities\\autocomplete\\node-completion.js:64:135)\n    at c:\\Users\\bruno\\.vscode\\extensions\\uqbar.wollok-lsp-ide-0.3.3\\node_modules\\wollok-ts\\dist\\extensions.js:84:20\n    at completionsForNode (c:\\Users\\bruno\\.vscode\\extensions\\uqbar.wollok-lsp-ide-0.3.3\\server\\out\\functionalities\\autocomplete\\node-completion.js:10:44)\n    at c:\\Users\\bruno\\.vscode\\extensions\\uqbar.wollok-lsp-ide-0.3.3\\server\\out\\functionalities\\autocomplete\\autocomplete.js:26:154\n    at c:\\Users\\bruno\\.vscode\\extensions\\uqbar.wollok-lsp-ide-0.3.3\\server\\out\\server.js:198:20\n    at c:\\Users\\bruno\\.vscode\\extensions\\uqbar.wollok-lsp-ide-0.3.3\\server\\node_modules\\vscode-languageserver\\lib\\common\\server.js:593:20\n    at handleRequest (c:\\Users\\bruno\\.vscode\\extensions\\uqbar.wollok-lsp-ide-0.3.3\\server\\node_modules\\vscode-jsonrpc\\lib\\common\\connection.js:493:41)","timestamp":"2024-08-30T01:02:35.177Z"}
{"level":"error","message":"✘ Completions for node failed: Error: [Assignment]{ea73b4} at prueba/example.wlk:7 exhausted all cases without a match [Assignment]{ea73b4} at prueba/example.wlk:7 exhausted all cases without a match","stack":"Error: [Assignment]{ea73b4} at prueba/example.wlk:7 exhausted all cases without a match\n    at c:\\Users\\bruno\\.vscode\\extensions\\uqbar.wollok-lsp-ide-0.3.3\\node_modules\\wollok-ts\\dist\\extensions.js:85:11\n    at completionsForNode (c:\\Users\\bruno\\.vscode\\extensions\\uqbar.wollok-lsp-ide-0.3.3\\server\\out\\functionalities\\autocomplete\\node-completion.js:10:44)\n    at completeForParent (c:\\Users\\bruno\\.vscode\\extensions\\uqbar.wollok-lsp-ide-0.3.3\\server\\out\\functionalities\\autocomplete\\node-completion.js:56:43)\n    at completeReference (c:\\Users\\bruno\\.vscode\\extensions\\uqbar.wollok-lsp-ide-0.3.3\\server\\out\\functionalities\\autocomplete\\node-completion.js:64:135)\n    at c:\\Users\\bruno\\.vscode\\extensions\\uqbar.wollok-lsp-ide-0.3.3\\node_modules\\wollok-ts\\dist\\extensions.js:84:20\n    at completionsForNode (c:\\Users\\bruno\\.vscode\\extensions\\uqbar.wollok-lsp-ide-0.3.3\\server\\out\\functionalities\\autocomplete\\node-completion.js:10:44)\n    at c:\\Users\\bruno\\.vscode\\extensions\\uqbar.wollok-lsp-ide-0.3.3\\server\\out\\functionalities\\autocomplete\\autocomplete.js:26:154\n    at c:\\Users\\bruno\\.vscode\\extensions\\uqbar.wollok-lsp-ide-0.3.3\\server\\out\\server.js:198:20\n    at c:\\Users\\bruno\\.vscode\\extensions\\uqbar.wollok-lsp-ide-0.3.3\\server\\node_modules\\vscode-languageserver\\lib\\common\\server.js:593:20\n    at handleRequest (c:\\Users\\bruno\\.vscode\\extensions\\uqbar.wollok-lsp-ide-0.3.3\\server\\node_modules\\vscode-jsonrpc\\lib\\common\\connection.js:493:41)","timestamp":"2024-08-30T01:02:38.637Z"}
{"level":"info","message":"onRequest - completionItem/resolve","timestamp":"2024-08-30T01:02:38.735Z"}
{"level":"info","message":"onRequest - completionItem/resolve","timestamp":"2024-08-30T01:02:38.782Z"}
{"level":"error","message":"✘ Completions for node failed: Error: [Assignment]{beab6d} at prueba/example.wlk:7 exhausted all cases without a match [Assignment]{beab6d} at prueba/example.wlk:7 exhausted all cases without a match","stack":"Error: [Assignment]{beab6d} at prueba/example.wlk:7 exhausted all cases without a match\n    at c:\\Users\\bruno\\.vscode\\extensions\\uqbar.wollok-lsp-ide-0.3.3\\node_modules\\wollok-ts\\dist\\extensions.js:85:11\n    at completionsForNode (c:\\Users\\bruno\\.vscode\\extensions\\uqbar.wollok-lsp-ide-0.3.3\\server\\out\\functionalities\\autocomplete\\node-completion.js:10:44)\n    at completeForParent (c:\\Users\\bruno\\.vscode\\extensions\\uqbar.wollok-lsp-ide-0.3.3\\server\\out\\functionalities\\autocomplete\\node-completion.js:56:43)\n    at completeReference (c:\\Users\\bruno\\.vscode\\extensions\\uqbar.wollok-lsp-ide-0.3.3\\server\\out\\functionalities\\autocomplete\\node-completion.js:64:135)\n    at c:\\Users\\bruno\\.vscode\\extensions\\uqbar.wollok-lsp-ide-0.3.3\\node_modules\\wollok-ts\\dist\\extensions.js:84:20\n    at completionsForNode (c:\\Users\\bruno\\.vscode\\extensions\\uqbar.wollok-lsp-ide-0.3.3\\server\\out\\functionalities\\autocomplete\\node-completion.js:10:44)\n    at c:\\Users\\bruno\\.vscode\\extensions\\uqbar.wollok-lsp-ide-0.3.3\\server\\out\\functionalities\\autocomplete\\autocomplete.js:26:154\n    at c:\\Users\\bruno\\.vscode\\extensions\\uqbar.wollok-lsp-ide-0.3.3\\server\\out\\server.js:198:20\n    at c:\\Users\\bruno\\.vscode\\extensions\\uqbar.wollok-lsp-ide-0.3.3\\server\\node_modules\\vscode-languageserver\\lib\\common\\server.js:593:20\n    at handleRequest (c:\\Users\\bruno\\.vscode\\extensions\\uqbar.wollok-lsp-ide-0.3.3\\server\\node_modules\\vscode-jsonrpc\\lib\\common\\connection.js:493:41)","timestamp":"2024-08-30T01:02:39.593Z"}
{"level":"error","message":"✘ Completions for node failed: Error: [Assignment]{9df451} at prueba/example.wlk:7 exhausted all cases without a match [Assignment]{9df451} at prueba/example.wlk:7 exhausted all cases without a match","stack":"Error: [Assignment]{9df451} at prueba/example.wlk:7 exhausted all cases without a match\n    at c:\\Users\\bruno\\.vscode\\extensions\\uqbar.wollok-lsp-ide-0.3.3\\node_modules\\wollok-ts\\dist\\extensions.js:85:11\n    at completionsForNode (c:\\Users\\bruno\\.vscode\\extensions\\uqbar.wollok-lsp-ide-0.3.3\\server\\out\\functionalities\\autocomplete\\node-completion.js:10:44)\n    at completeForParent (c:\\Users\\bruno\\.vscode\\extensions\\uqbar.wollok-lsp-ide-0.3.3\\server\\out\\functionalities\\autocomplete\\node-completion.js:56:43)\n    at completeReference (c:\\Users\\bruno\\.vscode\\extensions\\uqbar.wollok-lsp-ide-0.3.3\\server\\out\\functionalities\\autocomplete\\node-completion.js:64:135)\n    at c:\\Users\\bruno\\.vscode\\extensions\\uqbar.wollok-lsp-ide-0.3.3\\node_modules\\wollok-ts\\dist\\extensions.js:84:20\n    at completionsForNode (c:\\Users\\bruno\\.vscode\\extensions\\uqbar.wollok-lsp-ide-0.3.3\\server\\out\\functionalities\\autocomplete\\node-completion.js:10:44)\n    at c:\\Users\\bruno\\.vscode\\extensions\\uqbar.wollok-lsp-ide-0.3.3\\server\\out\\functionalities\\autocomplete\\autocomplete.js:26:154\n    at c:\\Users\\bruno\\.vscode\\extensions\\uqbar.wollok-lsp-ide-0.3.3\\server\\out\\server.js:198:20\n    at c:\\Users\\bruno\\.vscode\\extensions\\uqbar.wollok-lsp-ide-0.3.3\\server\\node_modules\\vscode-languageserver\\lib\\common\\server.js:593:20\n    at handleRequest (c:\\Users\\bruno\\.vscode\\extensions\\uqbar.wollok-lsp-ide-0.3.3\\server\\node_modules\\vscode-jsonrpc\\lib\\common\\connection.js:493:41)","timestamp":"2024-08-30T01:02:39.720Z"}
{"level":"error","message":"✘ Completions for node failed: Error: [Assignment]{f9eba2} at prueba/example.wlk:7 exhausted all cases without a match [Assignment]{f9eba2} at prueba/example.wlk:7 exhausted all cases without a match","stack":"Error: [Assignment]{f9eba2} at prueba/example.wlk:7 exhausted all cases without a match\n    at c:\\Users\\bruno\\.vscode\\extensions\\uqbar.wollok-lsp-ide-0.3.3\\node_modules\\wollok-ts\\dist\\extensions.js:85:11\n    at completionsForNode (c:\\Users\\bruno\\.vscode\\extensions\\uqbar.wollok-lsp-ide-0.3.3\\server\\out\\functionalities\\autocomplete\\node-completion.js:10:44)\n    at completeForParent (c:\\Users\\bruno\\.vscode\\extensions\\uqbar.wollok-lsp-ide-0.3.3\\server\\out\\functionalities\\autocomplete\\node-completion.js:56:43)\n    at completeReference (c:\\Users\\bruno\\.vscode\\extensions\\uqbar.wollok-lsp-ide-0.3.3\\server\\out\\functionalities\\autocomplete\\node-completion.js:64:135)\n    at c:\\Users\\bruno\\.vscode\\extensions\\uqbar.wollok-lsp-ide-0.3.3\\node_modules\\wollok-ts\\dist\\extensions.js:84:20\n    at completionsForNode (c:\\Users\\bruno\\.vscode\\extensions\\uqbar.wollok-lsp-ide-0.3.3\\server\\out\\functionalities\\autocomplete\\node-completion.js:10:44)\n    at c:\\Users\\bruno\\.vscode\\extensions\\uqbar.wollok-lsp-ide-0.3.3\\server\\out\\functionalities\\autocomplete\\autocomplete.js:26:154\n    at c:\\Users\\bruno\\.vscode\\extensions\\uqbar.wollok-lsp-ide-0.3.3\\server\\out\\server.js:198:20\n    at c:\\Users\\bruno\\.vscode\\extensions\\uqbar.wollok-lsp-ide-0.3.3\\server\\node_modules\\vscode-languageserver\\lib\\common\\server.js:593:20\n    at handleRequest (c:\\Users\\bruno\\.vscode\\extensions\\uqbar.wollok-lsp-ide-0.3.3\\server\\node_modules\\vscode-jsonrpc\\lib\\common\\connection.js:493:41)","timestamp":"2024-08-30T01:02:40.085Z"}
{"level":"error","message":"✘ Completions for node failed: Error: [Send]{deb687} at prueba/example.wlk:-- exhausted all cases without a match [Send]{deb687} at prueba/example.wlk:-- exhausted all cases without a match","stack":"Error: [Send]{deb687} at prueba/example.wlk:-- exhausted all cases without a match\n    at c:\\Users\\bruno\\.vscode\\extensions\\uqbar.wollok-lsp-ide-0.3.3\\node_modules\\wollok-ts\\dist\\extensions.js:85:11\n    at completionsForNode (c:\\Users\\bruno\\.vscode\\extensions\\uqbar.wollok-lsp-ide-0.3.3\\server\\out\\functionalities\\autocomplete\\node-completion.js:10:44)\n    at completeForParent (c:\\Users\\bruno\\.vscode\\extensions\\uqbar.wollok-lsp-ide-0.3.3\\server\\out\\functionalities\\autocomplete\\node-completion.js:56:43)\n    at completeReference (c:\\Users\\bruno\\.vscode\\extensions\\uqbar.wollok-lsp-ide-0.3.3\\server\\out\\functionalities\\autocomplete\\node-completion.js:64:135)\n    at c:\\Users\\bruno\\.vscode\\extensions\\uqbar.wollok-lsp-ide-0.3.3\\node_modules\\wollok-ts\\dist\\extensions.js:84:20\n    at completionsForNode (c:\\Users\\bruno\\.vscode\\extensions\\uqbar.wollok-lsp-ide-0.3.3\\server\\out\\functionalities\\autocomplete\\node-completion.js:10:44)\n    at c:\\Users\\bruno\\.vscode\\extensions\\uqbar.wollok-lsp-ide-0.3.3\\server\\out\\functionalities\\autocomplete\\autocomplete.js:26:154\n    at c:\\Users\\bruno\\.vscode\\extensions\\uqbar.wollok-lsp-ide-0.3.3\\server\\out\\server.js:198:20\n    at c:\\Users\\bruno\\.vscode\\extensions\\uqbar.wollok-lsp-ide-0.3.3\\server\\node_modules\\vscode-languageserver\\lib\\common\\server.js:593:20\n    at handleRequest (c:\\Users\\bruno\\.vscode\\extensions\\uqbar.wollok-lsp-ide-0.3.3\\server\\node_modules\\vscode-jsonrpc\\lib\\common\\connection.js:493:41)","timestamp":"2024-08-30T01:02:48.776Z"}
{"level":"error","message":"✘ Completions for node failed: Error: [Assignment]{13e915} at prueba/example.wlk:7 exhausted all cases without a match [Assignment]{13e915} at prueba/example.wlk:7 exhausted all cases without a match","stack":"Error: [Assignment]{13e915} at prueba/example.wlk:7 exhausted all cases without a match\n    at c:\\Users\\bruno\\.vscode\\extensions\\uqbar.wollok-lsp-ide-0.3.3\\node_modules\\wollok-ts\\dist\\extensions.js:85:11\n    at completionsForNode (c:\\Users\\bruno\\.vscode\\extensions\\uqbar.wollok-lsp-ide-0.3.3\\server\\out\\functionalities\\autocomplete\\node-completion.js:10:44)\n    at completeForParent (c:\\Users\\bruno\\.vscode\\extensions\\uqbar.wollok-lsp-ide-0.3.3\\server\\out\\functionalities\\autocomplete\\node-completion.js:56:43)\n    at completionsForNode (c:\\Users\\bruno\\.vscode\\extensions\\uqbar.wollok-lsp-ide-0.3.3\\server\\out\\functionalities\\autocomplete\\node-completion.js:14:46)\n    at completeForParent (c:\\Users\\bruno\\.vscode\\extensions\\uqbar.wollok-lsp-ide-0.3.3\\server\\out\\functionalities\\autocomplete\\node-completion.js:56:43)\n    at completeReference (c:\\Users\\bruno\\.vscode\\extensions\\uqbar.wollok-lsp-ide-0.3.3\\server\\out\\functionalities\\autocomplete\\node-completion.js:64:135)\n    at c:\\Users\\bruno\\.vscode\\extensions\\uqbar.wollok-lsp-ide-0.3.3\\node_modules\\wollok-ts\\dist\\extensions.js:84:20\n    at completionsForNode (c:\\Users\\bruno\\.vscode\\extensions\\uqbar.wollok-lsp-ide-0.3.3\\server\\out\\functionalities\\autocomplete\\node-completion.js:10:44)\n    at c:\\Users\\bruno\\.vscode\\extensions\\uqbar.wollok-lsp-ide-0.3.3\\server\\out\\functionalities\\autocomplete\\autocomplete.js:26:154\n    at c:\\Users\\bruno\\.vscode\\extensions\\uqbar.wollok-lsp-ide-0.3.3\\server\\out\\server.js:198:20","timestamp":"2024-08-30T01:02:48.776Z"}
{"level":"info","message":"onRequest - completionItem/resolve","timestamp":"2024-08-30T01:02:48.841Z"}
{"level":"info","message":"onRequest - completionItem/resolve","timestamp":"2024-08-30T01:02:48.878Z"}
{"level":"error","message":"✘ Completions for node failed: Error: [Send]{f4bea5} at prueba/example.wlk:-- exhausted all cases without a match [Send]{f4bea5} at prueba/example.wlk:-- exhausted all cases without a match","stack":"Error: [Send]{f4bea5} at prueba/example.wlk:-- exhausted all cases without a match\n    at c:\\Users\\bruno\\.vscode\\extensions\\uqbar.wollok-lsp-ide-0.3.3\\node_modules\\wollok-ts\\dist\\extensions.js:85:11\n    at completionsForNode (c:\\Users\\bruno\\.vscode\\extensions\\uqbar.wollok-lsp-ide-0.3.3\\server\\out\\functionalities\\autocomplete\\node-completion.js:10:44)\n    at completeForParent (c:\\Users\\bruno\\.vscode\\extensions\\uqbar.wollok-lsp-ide-0.3.3\\server\\out\\functionalities\\autocomplete\\node-completion.js:56:43)\n    at completeReference (c:\\Users\\bruno\\.vscode\\extensions\\uqbar.wollok-lsp-ide-0.3.3\\server\\out\\functionalities\\autocomplete\\node-completion.js:64:135)\n    at c:\\Users\\bruno\\.vscode\\extensions\\uqbar.wollok-lsp-ide-0.3.3\\node_modules\\wollok-ts\\dist\\extensions.js:84:20\n    at completionsForNode (c:\\Users\\bruno\\.vscode\\extensions\\uqbar.wollok-lsp-ide-0.3.3\\server\\out\\functionalities\\autocomplete\\node-completion.js:10:44)\n    at c:\\Users\\bruno\\.vscode\\extensions\\uqbar.wollok-lsp-ide-0.3.3\\server\\out\\functionalities\\autocomplete\\autocomplete.js:26:154\n    at c:\\Users\\bruno\\.vscode\\extensions\\uqbar.wollok-lsp-ide-0.3.3\\server\\out\\server.js:198:20\n    at c:\\Users\\bruno\\.vscode\\extensions\\uqbar.wollok-lsp-ide-0.3.3\\server\\node_modules\\vscode-languageserver\\lib\\common\\server.js:593:20\n    at handleRequest (c:\\Users\\bruno\\.vscode\\extensions\\uqbar.wollok-lsp-ide-0.3.3\\server\\node_modules\\vscode-jsonrpc\\lib\\common\\connection.js:493:41)","timestamp":"2024-08-30T01:02:49.064Z"}
{"level":"error","message":"✘ Completions for node failed: Error: [Assignment]{7746dd} at prueba/example.wlk:7 exhausted all cases without a match [Assignment]{7746dd} at prueba/example.wlk:7 exhausted all cases without a match","stack":"Error: [Assignment]{7746dd} at prueba/example.wlk:7 exhausted all cases without a match\n    at c:\\Users\\bruno\\.vscode\\extensions\\uqbar.wollok-lsp-ide-0.3.3\\node_modules\\wollok-ts\\dist\\extensions.js:85:11\n    at completionsForNode (c:\\Users\\bruno\\.vscode\\extensions\\uqbar.wollok-lsp-ide-0.3.3\\server\\out\\functionalities\\autocomplete\\node-completion.js:10:44)\n    at completeForParent (c:\\Users\\bruno\\.vscode\\extensions\\uqbar.wollok-lsp-ide-0.3.3\\server\\out\\functionalities\\autocomplete\\node-completion.js:56:43)\n    at completionsForNode (c:\\Users\\bruno\\.vscode\\extensions\\uqbar.wollok-lsp-ide-0.3.3\\server\\out\\functionalities\\autocomplete\\node-completion.js:14:46)\n    at completeForParent (c:\\Users\\bruno\\.vscode\\extensions\\uqbar.wollok-lsp-ide-0.3.3\\server\\out\\functionalities\\autocomplete\\node-completion.js:56:43)\n    at completeReference (c:\\Users\\bruno\\.vscode\\extensions\\uqbar.wollok-lsp-ide-0.3.3\\server\\out\\functionalities\\autocomplete\\node-completion.js:64:135)\n    at c:\\Users\\bruno\\.vscode\\extensions\\uqbar.wollok-lsp-ide-0.3.3\\node_modules\\wollok-ts\\dist\\extensions.js:84:20\n    at completionsForNode (c:\\Users\\bruno\\.vscode\\extensions\\uqbar.wollok-lsp-ide-0.3.3\\server\\out\\functionalities\\autocomplete\\node-completion.js:10:44)\n    at c:\\Users\\bruno\\.vscode\\extensions\\uqbar.wollok-lsp-ide-0.3.3\\server\\out\\functionalities\\autocomplete\\autocomplete.js:26:154\n    at c:\\Users\\bruno\\.vscode\\extensions\\uqbar.wollok-lsp-ide-0.3.3\\server\\out\\server.js:198:20","timestamp":"2024-08-30T01:02:49.065Z"}
{"level":"error","message":"✘ Completions for node failed: Error: [Send]{510cb0} at prueba/example.wlk:-- exhausted all cases without a match [Send]{510cb0} at prueba/example.wlk:-- exhausted all cases without a match","stack":"Error: [Send]{510cb0} at prueba/example.wlk:-- exhausted all cases without a match\n    at c:\\Users\\bruno\\.vscode\\extensions\\uqbar.wollok-lsp-ide-0.3.3\\node_modules\\wollok-ts\\dist\\extensions.js:85:11\n    at completionsForNode (c:\\Users\\bruno\\.vscode\\extensions\\uqbar.wollok-lsp-ide-0.3.3\\server\\out\\functionalities\\autocomplete\\node-completion.js:10:44)\n    at completeForParent (c:\\Users\\bruno\\.vscode\\extensions\\uqbar.wollok-lsp-ide-0.3.3\\server\\out\\functionalities\\autocomplete\\node-completion.js:56:43)\n    at completeReference (c:\\Users\\bruno\\.vscode\\extensions\\uqbar.wollok-lsp-ide-0.3.3\\server\\out\\functionalities\\autocomplete\\node-completion.js:64:135)\n    at c:\\Users\\bruno\\.vscode\\extensions\\uqbar.wollok-lsp-ide-0.3.3\\node_modules\\wollok-ts\\dist\\extensions.js:84:20\n    at completionsForNode (c:\\Users\\bruno\\.vscode\\extensions\\uqbar.wollok-lsp-ide-0.3.3\\server\\out\\functionalities\\autocomplete\\node-completion.js:10:44)\n    at c:\\Users\\bruno\\.vscode\\extensions\\uqbar.wollok-lsp-ide-0.3.3\\server\\out\\functionalities\\autocomplete\\autocomplete.js:26:154\n    at c:\\Users\\bruno\\.vscode\\extensions\\uqbar.wollok-lsp-ide-0.3.3\\server\\out\\server.js:198:20\n    at c:\\Users\\bruno\\.vscode\\extensions\\uqbar.wollok-lsp-ide-0.3.3\\server\\node_modules\\vscode-languageserver\\lib\\common\\server.js:593:20\n    at handleRequest (c:\\Users\\bruno\\.vscode\\extensions\\uqbar.wollok-lsp-ide-0.3.3\\server\\node_modules\\vscode-jsonrpc\\lib\\common\\connection.js:493:41)","timestamp":"2024-08-30T01:02:49.813Z"}
{"level":"error","message":"✘ Completions for node failed: Error: [Assignment]{a1c0f5} at prueba/example.wlk:7 exhausted all cases without a match [Assignment]{a1c0f5} at prueba/example.wlk:7 exhausted all cases without a match","stack":"Error: [Assignment]{a1c0f5} at prueba/example.wlk:7 exhausted all cases without a match\n    at c:\\Users\\bruno\\.vscode\\extensions\\uqbar.wollok-lsp-ide-0.3.3\\node_modules\\wollok-ts\\dist\\extensions.js:85:11\n    at completionsForNode (c:\\Users\\bruno\\.vscode\\extensions\\uqbar.wollok-lsp-ide-0.3.3\\server\\out\\functionalities\\autocomplete\\node-completion.js:10:44)\n    at completeForParent (c:\\Users\\bruno\\.vscode\\extensions\\uqbar.wollok-lsp-ide-0.3.3\\server\\out\\functionalities\\autocomplete\\node-completion.js:56:43)\n    at completionsForNode (c:\\Users\\bruno\\.vscode\\extensions\\uqbar.wollok-lsp-ide-0.3.3\\server\\out\\functionalities\\autocomplete\\node-completion.js:14:46)\n    at completeForParent (c:\\Users\\bruno\\.vscode\\extensions\\uqbar.wollok-lsp-ide-0.3.3\\server\\out\\functionalities\\autocomplete\\node-completion.js:56:43)\n    at completeReference (c:\\Users\\bruno\\.vscode\\extensions\\uqbar.wollok-lsp-ide-0.3.3\\server\\out\\functionalities\\autocomplete\\node-completion.js:64:135)\n    at c:\\Users\\bruno\\.vscode\\extensions\\uqbar.wollok-lsp-ide-0.3.3\\node_modules\\wollok-ts\\dist\\extensions.js:84:20\n    at completionsForNode (c:\\Users\\bruno\\.vscode\\extensions\\uqbar.wollok-lsp-ide-0.3.3\\server\\out\\functionalities\\autocomplete\\node-completion.js:10:44)\n    at c:\\Users\\bruno\\.vscode\\extensions\\uqbar.wollok-lsp-ide-0.3.3\\server\\out\\functionalities\\autocomplete\\autocomplete.js:26:154\n    at c:\\Users\\bruno\\.vscode\\extensions\\uqbar.wollok-lsp-ide-0.3.3\\server\\out\\server.js:198:20","timestamp":"2024-08-30T01:02:49.813Z"}
{"level":"error","message":"✘ Completions for node failed: Error: [Send]{c1fc22} at prueba/example.wlk:-- exhausted all cases without a match [Send]{c1fc22} at prueba/example.wlk:-- exhausted all cases without a match","stack":"Error: [Send]{c1fc22} at prueba/example.wlk:-- exhausted all cases without a match\n    at c:\\Users\\bruno\\.vscode\\extensions\\uqbar.wollok-lsp-ide-0.3.3\\node_modules\\wollok-ts\\dist\\extensions.js:85:11\n    at completionsForNode (c:\\Users\\bruno\\.vscode\\extensions\\uqbar.wollok-lsp-ide-0.3.3\\server\\out\\functionalities\\autocomplete\\node-completion.js:10:44)\n    at completeForParent (c:\\Users\\bruno\\.vscode\\extensions\\uqbar.wollok-lsp-ide-0.3.3\\server\\out\\functionalities\\autocomplete\\node-completion.js:56:43)\n    at completeReference (c:\\Users\\bruno\\.vscode\\extensions\\uqbar.wollok-lsp-ide-0.3.3\\server\\out\\functionalities\\autocomplete\\node-completion.js:64:135)\n    at c:\\Users\\bruno\\.vscode\\extensions\\uqbar.wollok-lsp-ide-0.3.3\\node_modules\\wollok-ts\\dist\\extensions.js:84:20\n    at completionsForNode (c:\\Users\\bruno\\.vscode\\extensions\\uqbar.wollok-lsp-ide-0.3.3\\server\\out\\functionalities\\autocomplete\\node-completion.js:10:44)\n    at c:\\Users\\bruno\\.vscode\\extensions\\uqbar.wollok-lsp-ide-0.3.3\\server\\out\\functionalities\\autocomplete\\autocomplete.js:26:154\n    at c:\\Users\\bruno\\.vscode\\extensions\\uqbar.wollok-lsp-ide-0.3.3\\server\\out\\server.js:198:20\n    at c:\\Users\\bruno\\.vscode\\extensions\\uqbar.wollok-lsp-ide-0.3.3\\server\\node_modules\\vscode-languageserver\\lib\\common\\server.js:593:20\n    at handleRequest (c:\\Users\\bruno\\.vscode\\extensions\\uqbar.wollok-lsp-ide-0.3.3\\server\\node_modules\\vscode-jsonrpc\\lib\\common\\connection.js:493:41)","timestamp":"2024-08-30T01:02:49.940Z"}
{"level":"error","message":"✘ Completions for node failed: Error: [Assignment]{c351d0} at prueba/example.wlk:7 exhausted all cases without a match [Assignment]{c351d0} at prueba/example.wlk:7 exhausted all cases without a match","stack":"Error: [Assignment]{c351d0} at prueba/example.wlk:7 exhausted all cases without a match\n    at c:\\Users\\bruno\\.vscode\\extensions\\uqbar.wollok-lsp-ide-0.3.3\\node_modules\\wollok-ts\\dist\\extensions.js:85:11\n    at completionsForNode (c:\\Users\\bruno\\.vscode\\extensions\\uqbar.wollok-lsp-ide-0.3.3\\server\\out\\functionalities\\autocomplete\\node-completion.js:10:44)\n    at completeForParent (c:\\Users\\bruno\\.vscode\\extensions\\uqbar.wollok-lsp-ide-0.3.3\\server\\out\\functionalities\\autocomplete\\node-completion.js:56:43)\n    at completionsForNode (c:\\Users\\bruno\\.vscode\\extensions\\uqbar.wollok-lsp-ide-0.3.3\\server\\out\\functionalities\\autocomplete\\node-completion.js:14:46)\n    at completeForParent (c:\\Users\\bruno\\.vscode\\extensions\\uqbar.wollok-lsp-ide-0.3.3\\server\\out\\functionalities\\autocomplete\\node-completion.js:56:43)\n    at completeReference (c:\\Users\\bruno\\.vscode\\extensions\\uqbar.wollok-lsp-ide-0.3.3\\server\\out\\functionalities\\autocomplete\\node-completion.js:64:135)\n    at c:\\Users\\bruno\\.vscode\\extensions\\uqbar.wollok-lsp-ide-0.3.3\\node_modules\\wollok-ts\\dist\\extensions.js:84:20\n    at completionsForNode (c:\\Users\\bruno\\.vscode\\extensions\\uqbar.wollok-lsp-ide-0.3.3\\server\\out\\functionalities\\autocomplete\\node-completion.js:10:44)\n    at c:\\Users\\bruno\\.vscode\\extensions\\uqbar.wollok-lsp-ide-0.3.3\\server\\out\\functionalities\\autocomplete\\autocomplete.js:26:154\n    at c:\\Users\\bruno\\.vscode\\extensions\\uqbar.wollok-lsp-ide-0.3.3\\server\\out\\server.js:198:20","timestamp":"2024-08-30T01:02:49.940Z"}
{"level":"error","message":"✘ Completions for node failed: Error: [Send]{c259d2} at prueba/example.wlk:-- exhausted all cases without a match [Send]{c259d2} at prueba/example.wlk:-- exhausted all cases without a match","stack":"Error: [Send]{c259d2} at prueba/example.wlk:-- exhausted all cases without a match\n    at c:\\Users\\bruno\\.vscode\\extensions\\uqbar.wollok-lsp-ide-0.3.3\\node_modules\\wollok-ts\\dist\\extensions.js:85:11\n    at completionsForNode (c:\\Users\\bruno\\.vscode\\extensions\\uqbar.wollok-lsp-ide-0.3.3\\server\\out\\functionalities\\autocomplete\\node-completion.js:10:44)\n    at completeForParent (c:\\Users\\bruno\\.vscode\\extensions\\uqbar.wollok-lsp-ide-0.3.3\\server\\out\\functionalities\\autocomplete\\node-completion.js:56:43)\n    at completeReference (c:\\Users\\bruno\\.vscode\\extensions\\uqbar.wollok-lsp-ide-0.3.3\\server\\out\\functionalities\\autocomplete\\node-completion.js:64:135)\n    at c:\\Users\\bruno\\.vscode\\extensions\\uqbar.wollok-lsp-ide-0.3.3\\node_modules\\wollok-ts\\dist\\extensions.js:84:20\n    at completionsForNode (c:\\Users\\bruno\\.vscode\\extensions\\uqbar.wollok-lsp-ide-0.3.3\\server\\out\\functionalities\\autocomplete\\node-completion.js:10:44)\n    at c:\\Users\\bruno\\.vscode\\extensions\\uqbar.wollok-lsp-ide-0.3.3\\server\\out\\functionalities\\autocomplete\\autocomplete.js:26:154\n    at c:\\Users\\bruno\\.vscode\\extensions\\uqbar.wollok-lsp-ide-0.3.3\\server\\out\\server.js:198:20\n    at c:\\Users\\bruno\\.vscode\\extensions\\uqbar.wollok-lsp-ide-0.3.3\\server\\node_modules\\vscode-languageserver\\lib\\common\\server.js:593:20\n    at handleRequest (c:\\Users\\bruno\\.vscode\\extensions\\uqbar.wollok-lsp-ide-0.3.3\\server\\node_modules\\vscode-jsonrpc\\lib\\common\\connection.js:493:41)","timestamp":"2024-08-30T01:02:50.099Z"}
{"level":"error","message":"✘ Completions for node failed: Error: [Assignment]{0f538f} at prueba/example.wlk:7 exhausted all cases without a match [Assignment]{0f538f} at prueba/example.wlk:7 exhausted all cases without a match","stack":"Error: [Assignment]{0f538f} at prueba/example.wlk:7 exhausted all cases without a match\n    at c:\\Users\\bruno\\.vscode\\extensions\\uqbar.wollok-lsp-ide-0.3.3\\node_modules\\wollok-ts\\dist\\extensions.js:85:11\n    at completionsForNode (c:\\Users\\bruno\\.vscode\\extensions\\uqbar.wollok-lsp-ide-0.3.3\\server\\out\\functionalities\\autocomplete\\node-completion.js:10:44)\n    at completeForParent (c:\\Users\\bruno\\.vscode\\extensions\\uqbar.wollok-lsp-ide-0.3.3\\server\\out\\functionalities\\autocomplete\\node-completion.js:56:43)\n    at completionsForNode (c:\\Users\\bruno\\.vscode\\extensions\\uqbar.wollok-lsp-ide-0.3.3\\server\\out\\functionalities\\autocomplete\\node-completion.js:14:46)\n    at completeForParent (c:\\Users\\bruno\\.vscode\\extensions\\uqbar.wollok-lsp-ide-0.3.3\\server\\out\\functionalities\\autocomplete\\node-completion.js:56:43)\n    at completeReference (c:\\Users\\bruno\\.vscode\\extensions\\uqbar.wollok-lsp-ide-0.3.3\\server\\out\\functionalities\\autocomplete\\node-completion.js:64:135)\n    at c:\\Users\\bruno\\.vscode\\extensions\\uqbar.wollok-lsp-ide-0.3.3\\node_modules\\wollok-ts\\dist\\extensions.js:84:20\n    at completionsForNode (c:\\Users\\bruno\\.vscode\\extensions\\uqbar.wollok-lsp-ide-0.3.3\\server\\out\\functionalities\\autocomplete\\node-completion.js:10:44)\n    at c:\\Users\\bruno\\.vscode\\extensions\\uqbar.wollok-lsp-ide-0.3.3\\server\\out\\functionalities\\autocomplete\\autocomplete.js:26:154\n    at c:\\Users\\bruno\\.vscode\\extensions\\uqbar.wollok-lsp-ide-0.3.3\\server\\out\\server.js:198:20","timestamp":"2024-08-30T01:02:50.100Z"}
{"level":"error","message":"✘ Completions for node failed: Error: [Send]{aef284} at prueba/example.wlk:-- exhausted all cases without a match [Send]{aef284} at prueba/example.wlk:-- exhausted all cases without a match","stack":"Error: [Send]{aef284} at prueba/example.wlk:-- exhausted all cases without a match\n    at c:\\Users\\bruno\\.vscode\\extensions\\uqbar.wollok-lsp-ide-0.3.3\\node_modules\\wollok-ts\\dist\\extensions.js:85:11\n    at completionsForNode (c:\\Users\\bruno\\.vscode\\extensions\\uqbar.wollok-lsp-ide-0.3.3\\server\\out\\functionalities\\autocomplete\\node-completion.js:10:44)\n    at completeForParent (c:\\Users\\bruno\\.vscode\\extensions\\uqbar.wollok-lsp-ide-0.3.3\\server\\out\\functionalities\\autocomplete\\node-completion.js:56:43)\n    at completeReference (c:\\Users\\bruno\\.vscode\\extensions\\uqbar.wollok-lsp-ide-0.3.3\\server\\out\\functionalities\\autocomplete\\node-completion.js:64:135)\n    at c:\\Users\\bruno\\.vscode\\extensions\\uqbar.wollok-lsp-ide-0.3.3\\node_modules\\wollok-ts\\dist\\extensions.js:84:20\n    at completionsForNode (c:\\Users\\bruno\\.vscode\\extensions\\uqbar.wollok-lsp-ide-0.3.3\\server\\out\\functionalities\\autocomplete\\node-completion.js:10:44)\n    at c:\\Users\\bruno\\.vscode\\extensions\\uqbar.wollok-lsp-ide-0.3.3\\server\\out\\functionalities\\autocomplete\\autocomplete.js:26:154\n    at c:\\Users\\bruno\\.vscode\\extensions\\uqbar.wollok-lsp-ide-0.3.3\\server\\out\\server.js:198:20\n    at c:\\Users\\bruno\\.vscode\\extensions\\uqbar.wollok-lsp-ide-0.3.3\\server\\node_modules\\vscode-languageserver\\lib\\common\\server.js:593:20\n    at handleRequest (c:\\Users\\bruno\\.vscode\\extensions\\uqbar.wollok-lsp-ide-0.3.3\\server\\node_modules\\vscode-jsonrpc\\lib\\common\\connection.js:493:41)","timestamp":"2024-08-30T01:02:50.280Z"}
{"level":"error","message":"✘ Completions for node failed: Error: [Assignment]{bca6ef} at prueba/example.wlk:7 exhausted all cases without a match [Assignment]{bca6ef} at prueba/example.wlk:7 exhausted all cases without a match","stack":"Error: [Assignment]{bca6ef} at prueba/example.wlk:7 exhausted all cases without a match\n    at c:\\Users\\bruno\\.vscode\\extensions\\uqbar.wollok-lsp-ide-0.3.3\\node_modules\\wollok-ts\\dist\\extensions.js:85:11\n    at completionsForNode (c:\\Users\\bruno\\.vscode\\extensions\\uqbar.wollok-lsp-ide-0.3.3\\server\\out\\functionalities\\autocomplete\\node-completion.js:10:44)\n    at completeForParent (c:\\Users\\bruno\\.vscode\\extensions\\uqbar.wollok-lsp-ide-0.3.3\\server\\out\\functionalities\\autocomplete\\node-completion.js:56:43)\n    at completionsForNode (c:\\Users\\bruno\\.vscode\\extensions\\uqbar.wollok-lsp-ide-0.3.3\\server\\out\\functionalities\\autocomplete\\node-completion.js:14:46)\n    at completeForParent (c:\\Users\\bruno\\.vscode\\extensions\\uqbar.wollok-lsp-ide-0.3.3\\server\\out\\functionalities\\autocomplete\\node-completion.js:56:43)\n    at completeReference (c:\\Users\\bruno\\.vscode\\extensions\\uqbar.wollok-lsp-ide-0.3.3\\server\\out\\functionalities\\autocomplete\\node-completion.js:64:135)\n    at c:\\Users\\bruno\\.vscode\\extensions\\uqbar.wollok-lsp-ide-0.3.3\\node_modules\\wollok-ts\\dist\\extensions.js:84:20\n    at completionsForNode (c:\\Users\\bruno\\.vscode\\extensions\\uqbar.wollok-lsp-ide-0.3.3\\server\\out\\functionalities\\autocomplete\\node-completion.js:10:44)\n    at c:\\Users\\bruno\\.vscode\\extensions\\uqbar.wollok-lsp-ide-0.3.3\\server\\out\\functionalities\\autocomplete\\autocomplete.js:26:154\n    at c:\\Users\\bruno\\.vscode\\extensions\\uqbar.wollok-lsp-ide-0.3.3\\server\\out\\server.js:198:20","timestamp":"2024-08-30T01:02:50.280Z"}
{"level":"error","message":"✘ Completions for node failed: Error: [Send]{ab4b31} at prueba/example.wlk:-- exhausted all cases without a match [Send]{ab4b31} at prueba/example.wlk:-- exhausted all cases without a match","stack":"Error: [Send]{ab4b31} at prueba/example.wlk:-- exhausted all cases without a match\n    at c:\\Users\\bruno\\.vscode\\extensions\\uqbar.wollok-lsp-ide-0.3.3\\node_modules\\wollok-ts\\dist\\extensions.js:85:11\n    at completionsForNode (c:\\Users\\bruno\\.vscode\\extensions\\uqbar.wollok-lsp-ide-0.3.3\\server\\out\\functionalities\\autocomplete\\node-completion.js:10:44)\n    at completeForParent (c:\\Users\\bruno\\.vscode\\extensions\\uqbar.wollok-lsp-ide-0.3.3\\server\\out\\functionalities\\autocomplete\\node-completion.js:56:43)\n    at completeReference (c:\\Users\\bruno\\.vscode\\extensions\\uqbar.wollok-lsp-ide-0.3.3\\server\\out\\functionalities\\autocomplete\\node-completion.js:64:135)\n    at c:\\Users\\bruno\\.vscode\\extensions\\uqbar.wollok-lsp-ide-0.3.3\\node_modules\\wollok-ts\\dist\\extensions.js:84:20\n    at completionsForNode (c:\\Users\\bruno\\.vscode\\extensions\\uqbar.wollok-lsp-ide-0.3.3\\server\\out\\functionalities\\autocomplete\\node-completion.js:10:44)\n    at c:\\Users\\bruno\\.vscode\\extensions\\uqbar.wollok-lsp-ide-0.3.3\\server\\out\\functionalities\\autocomplete\\autocomplete.js:26:154\n    at c:\\Users\\bruno\\.vscode\\extensions\\uqbar.wollok-lsp-ide-0.3.3\\server\\out\\server.js:198:20\n    at c:\\Users\\bruno\\.vscode\\extensions\\uqbar.wollok-lsp-ide-0.3.3\\server\\node_modules\\vscode-languageserver\\lib\\common\\server.js:593:20\n    at handleRequest (c:\\Users\\bruno\\.vscode\\extensions\\uqbar.wollok-lsp-ide-0.3.3\\server\\node_modules\\vscode-jsonrpc\\lib\\common\\connection.js:493:41)","timestamp":"2024-08-30T01:02:50.423Z"}
{"level":"error","message":"✘ Completions for node failed: Error: [Assignment]{67b799} at prueba/example.wlk:7 exhausted all cases without a match [Assignment]{67b799} at prueba/example.wlk:7 exhausted all cases without a match","stack":"Error: [Assignment]{67b799} at prueba/example.wlk:7 exhausted all cases without a match\n    at c:\\Users\\bruno\\.vscode\\extensions\\uqbar.wollok-lsp-ide-0.3.3\\node_modules\\wollok-ts\\dist\\extensions.js:85:11\n    at completionsForNode (c:\\Users\\bruno\\.vscode\\extensions\\uqbar.wollok-lsp-ide-0.3.3\\server\\out\\functionalities\\autocomplete\\node-completion.js:10:44)\n    at completeForParent (c:\\Users\\bruno\\.vscode\\extensions\\uqbar.wollok-lsp-ide-0.3.3\\server\\out\\functionalities\\autocomplete\\node-completion.js:56:43)\n    at completionsForNode (c:\\Users\\bruno\\.vscode\\extensions\\uqbar.wollok-lsp-ide-0.3.3\\server\\out\\functionalities\\autocomplete\\node-completion.js:14:46)\n    at completeForParent (c:\\Users\\bruno\\.vscode\\extensions\\uqbar.wollok-lsp-ide-0.3.3\\server\\out\\functionalities\\autocomplete\\node-completion.js:56:43)\n    at completeReference (c:\\Users\\bruno\\.vscode\\extensions\\uqbar.wollok-lsp-ide-0.3.3\\server\\out\\functionalities\\autocomplete\\node-completion.js:64:135)\n    at c:\\Users\\bruno\\.vscode\\extensions\\uqbar.wollok-lsp-ide-0.3.3\\node_modules\\wollok-ts\\dist\\extensions.js:84:20\n    at completionsForNode (c:\\Users\\bruno\\.vscode\\extensions\\uqbar.wollok-lsp-ide-0.3.3\\server\\out\\functionalities\\autocomplete\\node-completion.js:10:44)\n    at c:\\Users\\bruno\\.vscode\\extensions\\uqbar.wollok-lsp-ide-0.3.3\\server\\out\\functionalities\\autocomplete\\autocomplete.js:26:154\n    at c:\\Users\\bruno\\.vscode\\extensions\\uqbar.wollok-lsp-ide-0.3.3\\server\\out\\server.js:198:20","timestamp":"2024-08-30T01:02:50.423Z"}
{"level":"info","message":"onRequest - completionItem/resolve","timestamp":"2024-08-30T01:02:52.370Z"}
{"level":"error","message":"✘ Completions for node failed: Error: [Send]{29e9e8} at prueba/example.wlk:-- exhausted all cases without a match [Send]{29e9e8} at prueba/example.wlk:-- exhausted all cases without a match","stack":"Error: [Send]{29e9e8} at prueba/example.wlk:-- exhausted all cases without a match\n    at c:\\Users\\bruno\\.vscode\\extensions\\uqbar.wollok-lsp-ide-0.3.3\\node_modules\\wollok-ts\\dist\\extensions.js:85:11\n    at completionsForNode (c:\\Users\\bruno\\.vscode\\extensions\\uqbar.wollok-lsp-ide-0.3.3\\server\\out\\functionalities\\autocomplete\\node-completion.js:10:44)\n    at completeForParent (c:\\Users\\bruno\\.vscode\\extensions\\uqbar.wollok-lsp-ide-0.3.3\\server\\out\\functionalities\\autocomplete\\node-completion.js:56:43)\n    at completeReference (c:\\Users\\bruno\\.vscode\\extensions\\uqbar.wollok-lsp-ide-0.3.3\\server\\out\\functionalities\\autocomplete\\node-completion.js:64:135)\n    at c:\\Users\\bruno\\.vscode\\extensions\\uqbar.wollok-lsp-ide-0.3.3\\node_modules\\wollok-ts\\dist\\extensions.js:84:20\n    at completionsForNode (c:\\Users\\bruno\\.vscode\\extensions\\uqbar.wollok-lsp-ide-0.3.3\\server\\out\\functionalities\\autocomplete\\node-completion.js:10:44)\n    at c:\\Users\\bruno\\.vscode\\extensions\\uqbar.wollok-lsp-ide-0.3.3\\server\\out\\functionalities\\autocomplete\\autocomplete.js:26:154\n    at c:\\Users\\bruno\\.vscode\\extensions\\uqbar.wollok-lsp-ide-0.3.3\\server\\out\\server.js:198:20\n    at c:\\Users\\bruno\\.vscode\\extensions\\uqbar.wollok-lsp-ide-0.3.3\\server\\node_modules\\vscode-languageserver\\lib\\common\\server.js:593:20\n    at handleRequest (c:\\Users\\bruno\\.vscode\\extensions\\uqbar.wollok-lsp-ide-0.3.3\\server\\node_modules\\vscode-jsonrpc\\lib\\common\\connection.js:493:41)","timestamp":"2024-08-30T01:03:04.369Z"}
{"level":"error","message":"✘ Completions for node failed: Error: [Assignment]{2c495d} at prueba/example.wlk:7 exhausted all cases without a match [Assignment]{2c495d} at prueba/example.wlk:7 exhausted all cases without a match","stack":"Error: [Assignment]{2c495d} at prueba/example.wlk:7 exhausted all cases without a match\n    at c:\\Users\\bruno\\.vscode\\extensions\\uqbar.wollok-lsp-ide-0.3.3\\node_modules\\wollok-ts\\dist\\extensions.js:85:11\n    at completionsForNode (c:\\Users\\bruno\\.vscode\\extensions\\uqbar.wollok-lsp-ide-0.3.3\\server\\out\\functionalities\\autocomplete\\node-completion.js:10:44)\n    at completeForParent (c:\\Users\\bruno\\.vscode\\extensions\\uqbar.wollok-lsp-ide-0.3.3\\server\\out\\functionalities\\autocomplete\\node-completion.js:56:43)\n    at completionsForNode (c:\\Users\\bruno\\.vscode\\extensions\\uqbar.wollok-lsp-ide-0.3.3\\server\\out\\functionalities\\autocomplete\\node-completion.js:14:46)\n    at completeForParent (c:\\Users\\bruno\\.vscode\\extensions\\uqbar.wollok-lsp-ide-0.3.3\\server\\out\\functionalities\\autocomplete\\node-completion.js:56:43)\n    at completeReference (c:\\Users\\bruno\\.vscode\\extensions\\uqbar.wollok-lsp-ide-0.3.3\\server\\out\\functionalities\\autocomplete\\node-completion.js:64:135)\n    at c:\\Users\\bruno\\.vscode\\extensions\\uqbar.wollok-lsp-ide-0.3.3\\node_modules\\wollok-ts\\dist\\extensions.js:84:20\n    at completionsForNode (c:\\Users\\bruno\\.vscode\\extensions\\uqbar.wollok-lsp-ide-0.3.3\\server\\out\\functionalities\\autocomplete\\node-completion.js:10:44)\n    at c:\\Users\\bruno\\.vscode\\extensions\\uqbar.wollok-lsp-ide-0.3.3\\server\\out\\functionalities\\autocomplete\\autocomplete.js:26:154\n    at c:\\Users\\bruno\\.vscode\\extensions\\uqbar.wollok-lsp-ide-0.3.3\\server\\out\\server.js:198:20","timestamp":"2024-08-30T01:03:04.369Z"}
{"level":"info","message":"onRequest - completionItem/resolve","timestamp":"2024-08-30T01:03:04.433Z"}
{"level":"error","message":"✘ Completions for node failed: Error: [Send]{eeab3d} at prueba/example.wlk:-- exhausted all cases without a match [Send]{eeab3d} at prueba/example.wlk:-- exhausted all cases without a match","stack":"Error: [Send]{eeab3d} at prueba/example.wlk:-- exhausted all cases without a match\n    at c:\\Users\\bruno\\.vscode\\extensions\\uqbar.wollok-lsp-ide-0.3.3\\node_modules\\wollok-ts\\dist\\extensions.js:85:11\n    at completionsForNode (c:\\Users\\bruno\\.vscode\\extensions\\uqbar.wollok-lsp-ide-0.3.3\\server\\out\\functionalities\\autocomplete\\node-completion.js:10:44)\n    at completeForParent (c:\\Users\\bruno\\.vscode\\extensions\\uqbar.wollok-lsp-ide-0.3.3\\server\\out\\functionalities\\autocomplete\\node-completion.js:56:43)\n    at completeReference (c:\\Users\\bruno\\.vscode\\extensions\\uqbar.wollok-lsp-ide-0.3.3\\server\\out\\functionalities\\autocomplete\\node-completion.js:64:135)\n    at c:\\Users\\bruno\\.vscode\\extensions\\uqbar.wollok-lsp-ide-0.3.3\\node_modules\\wollok-ts\\dist\\extensions.js:84:20\n    at completionsForNode (c:\\Users\\bruno\\.vscode\\extensions\\uqbar.wollok-lsp-ide-0.3.3\\server\\out\\functionalities\\autocomplete\\node-completion.js:10:44)\n    at c:\\Users\\bruno\\.vscode\\extensions\\uqbar.wollok-lsp-ide-0.3.3\\server\\out\\functionalities\\autocomplete\\autocomplete.js:26:154\n    at c:\\Users\\bruno\\.vscode\\extensions\\uqbar.wollok-lsp-ide-0.3.3\\server\\out\\server.js:198:20\n    at c:\\Users\\bruno\\.vscode\\extensions\\uqbar.wollok-lsp-ide-0.3.3\\server\\node_modules\\vscode-languageserver\\lib\\common\\server.js:593:20\n    at handleRequest (c:\\Users\\bruno\\.vscode\\extensions\\uqbar.wollok-lsp-ide-0.3.3\\server\\node_modules\\vscode-jsonrpc\\lib\\common\\connection.js:493:41)","timestamp":"2024-08-30T01:03:04.668Z"}
{"level":"error","message":"✘ Completions for node failed: Error: [Assignment]{2348ef} at prueba/example.wlk:7 exhausted all cases without a match [Assignment]{2348ef} at prueba/example.wlk:7 exhausted all cases without a match","stack":"Error: [Assignment]{2348ef} at prueba/example.wlk:7 exhausted all cases without a match\n    at c:\\Users\\bruno\\.vscode\\extensions\\uqbar.wollok-lsp-ide-0.3.3\\node_modules\\wollok-ts\\dist\\extensions.js:85:11\n    at completionsForNode (c:\\Users\\bruno\\.vscode\\extensions\\uqbar.wollok-lsp-ide-0.3.3\\server\\out\\functionalities\\autocomplete\\node-completion.js:10:44)\n    at completeForParent (c:\\Users\\bruno\\.vscode\\extensions\\uqbar.wollok-lsp-ide-0.3.3\\server\\out\\functionalities\\autocomplete\\node-completion.js:56:43)\n    at completionsForNode (c:\\Users\\bruno\\.vscode\\extensions\\uqbar.wollok-lsp-ide-0.3.3\\server\\out\\functionalities\\autocomplete\\node-completion.js:14:46)\n    at completeForParent (c:\\Users\\bruno\\.vscode\\extensions\\uqbar.wollok-lsp-ide-0.3.3\\server\\out\\functionalities\\autocomplete\\node-completion.js:56:43)\n    at completeReference (c:\\Users\\bruno\\.vscode\\extensions\\uqbar.wollok-lsp-ide-0.3.3\\server\\out\\functionalities\\autocomplete\\node-completion.js:64:135)\n    at c:\\Users\\bruno\\.vscode\\extensions\\uqbar.wollok-lsp-ide-0.3.3\\node_modules\\wollok-ts\\dist\\extensions.js:84:20\n    at completionsForNode (c:\\Users\\bruno\\.vscode\\extensions\\uqbar.wollok-lsp-ide-0.3.3\\server\\out\\functionalities\\autocomplete\\node-completion.js:10:44)\n    at c:\\Users\\bruno\\.vscode\\extensions\\uqbar.wollok-lsp-ide-0.3.3\\server\\out\\functionalities\\autocomplete\\autocomplete.js:26:154\n    at c:\\Users\\bruno\\.vscode\\extensions\\uqbar.wollok-lsp-ide-0.3.3\\server\\out\\server.js:198:20","timestamp":"2024-08-30T01:03:04.668Z"}
{"level":"error","message":"✘ Completions for node failed: Error: [Send]{450d22} at prueba/example.wlk:-- exhausted all cases without a match [Send]{450d22} at prueba/example.wlk:-- exhausted all cases without a match","stack":"Error: [Send]{450d22} at prueba/example.wlk:-- exhausted all cases without a match\n    at c:\\Users\\bruno\\.vscode\\extensions\\uqbar.wollok-lsp-ide-0.3.3\\node_modules\\wollok-ts\\dist\\extensions.js:85:11\n    at completionsForNode (c:\\Users\\bruno\\.vscode\\extensions\\uqbar.wollok-lsp-ide-0.3.3\\server\\out\\functionalities\\autocomplete\\node-completion.js:10:44)\n    at completeForParent (c:\\Users\\bruno\\.vscode\\extensions\\uqbar.wollok-lsp-ide-0.3.3\\server\\out\\functionalities\\autocomplete\\node-completion.js:56:43)\n    at completeReference (c:\\Users\\bruno\\.vscode\\extensions\\uqbar.wollok-lsp-ide-0.3.3\\server\\out\\functionalities\\autocomplete\\node-completion.js:64:135)\n    at c:\\Users\\bruno\\.vscode\\extensions\\uqbar.wollok-lsp-ide-0.3.3\\node_modules\\wollok-ts\\dist\\extensions.js:84:20\n    at completionsForNode (c:\\Users\\bruno\\.vscode\\extensions\\uqbar.wollok-lsp-ide-0.3.3\\server\\out\\functionalities\\autocomplete\\node-completion.js:10:44)\n    at c:\\Users\\bruno\\.vscode\\extensions\\uqbar.wollok-lsp-ide-0.3.3\\server\\out\\functionalities\\autocomplete\\autocomplete.js:26:154\n    at c:\\Users\\bruno\\.vscode\\extensions\\uqbar.wollok-lsp-ide-0.3.3\\server\\out\\server.js:198:20\n    at c:\\Users\\bruno\\.vscode\\extensions\\uqbar.wollok-lsp-ide-0.3.3\\server\\node_modules\\vscode-languageserver\\lib\\common\\server.js:593:20\n    at handleRequest (c:\\Users\\bruno\\.vscode\\extensions\\uqbar.wollok-lsp-ide-0.3.3\\server\\node_modules\\vscode-jsonrpc\\lib\\common\\connection.js:493:41)","timestamp":"2024-08-30T01:03:04.838Z"}
{"level":"error","message":"✘ Completions for node failed: Error: [Assignment]{02c339} at prueba/example.wlk:7 exhausted all cases without a match [Assignment]{02c339} at prueba/example.wlk:7 exhausted all cases without a match","stack":"Error: [Assignment]{02c339} at prueba/example.wlk:7 exhausted all cases without a match\n    at c:\\Users\\bruno\\.vscode\\extensions\\uqbar.wollok-lsp-ide-0.3.3\\node_modules\\wollok-ts\\dist\\extensions.js:85:11\n    at completionsForNode (c:\\Users\\bruno\\.vscode\\extensions\\uqbar.wollok-lsp-ide-0.3.3\\server\\out\\functionalities\\autocomplete\\node-completion.js:10:44)\n    at completeForParent (c:\\Users\\bruno\\.vscode\\extensions\\uqbar.wollok-lsp-ide-0.3.3\\server\\out\\functionalities\\autocomplete\\node-completion.js:56:43)\n    at completionsForNode (c:\\Users\\bruno\\.vscode\\extensions\\uqbar.wollok-lsp-ide-0.3.3\\server\\out\\functionalities\\autocomplete\\node-completion.js:14:46)\n    at completeForParent (c:\\Users\\bruno\\.vscode\\extensions\\uqbar.wollok-lsp-ide-0.3.3\\server\\out\\functionalities\\autocomplete\\node-completion.js:56:43)\n    at completeReference (c:\\Users\\bruno\\.vscode\\extensions\\uqbar.wollok-lsp-ide-0.3.3\\server\\out\\functionalities\\autocomplete\\node-completion.js:64:135)\n    at c:\\Users\\bruno\\.vscode\\extensions\\uqbar.wollok-lsp-ide-0.3.3\\node_modules\\wollok-ts\\dist\\extensions.js:84:20\n    at completionsForNode (c:\\Users\\bruno\\.vscode\\extensions\\uqbar.wollok-lsp-ide-0.3.3\\server\\out\\functionalities\\autocomplete\\node-completion.js:10:44)\n    at c:\\Users\\bruno\\.vscode\\extensions\\uqbar.wollok-lsp-ide-0.3.3\\server\\out\\functionalities\\autocomplete\\autocomplete.js:26:154\n    at c:\\Users\\bruno\\.vscode\\extensions\\uqbar.wollok-lsp-ide-0.3.3\\server\\out\\server.js:198:20","timestamp":"2024-08-30T01:03:04.838Z"}
{"level":"error","message":"✘ Completions for node failed: Error: [Send]{12f6ef} at prueba/example.wlk:-- exhausted all cases without a match [Send]{12f6ef} at prueba/example.wlk:-- exhausted all cases without a match","stack":"Error: [Send]{12f6ef} at prueba/example.wlk:-- exhausted all cases without a match\n    at c:\\Users\\bruno\\.vscode\\extensions\\uqbar.wollok-lsp-ide-0.3.3\\node_modules\\wollok-ts\\dist\\extensions.js:85:11\n    at completionsForNode (c:\\Users\\bruno\\.vscode\\extensions\\uqbar.wollok-lsp-ide-0.3.3\\server\\out\\functionalities\\autocomplete\\node-completion.js:10:44)\n    at completeForParent (c:\\Users\\bruno\\.vscode\\extensions\\uqbar.wollok-lsp-ide-0.3.3\\server\\out\\functionalities\\autocomplete\\node-completion.js:56:43)\n    at completeReference (c:\\Users\\bruno\\.vscode\\extensions\\uqbar.wollok-lsp-ide-0.3.3\\server\\out\\functionalities\\autocomplete\\node-completion.js:64:135)\n    at c:\\Users\\bruno\\.vscode\\extensions\\uqbar.wollok-lsp-ide-0.3.3\\node_modules\\wollok-ts\\dist\\extensions.js:84:20\n    at completionsForNode (c:\\Users\\bruno\\.vscode\\extensions\\uqbar.wollok-lsp-ide-0.3.3\\server\\out\\functionalities\\autocomplete\\node-completion.js:10:44)\n    at c:\\Users\\bruno\\.vscode\\extensions\\uqbar.wollok-lsp-ide-0.3.3\\server\\out\\functionalities\\autocomplete\\autocomplete.js:26:154\n    at c:\\Users\\bruno\\.vscode\\extensions\\uqbar.wollok-lsp-ide-0.3.3\\server\\out\\server.js:198:20\n    at c:\\Users\\bruno\\.vscode\\extensions\\uqbar.wollok-lsp-ide-0.3.3\\server\\node_modules\\vscode-languageserver\\lib\\common\\server.js:593:20\n    at handleRequest (c:\\Users\\bruno\\.vscode\\extensions\\uqbar.wollok-lsp-ide-0.3.3\\server\\node_modules\\vscode-jsonrpc\\lib\\common\\connection.js:493:41)","timestamp":"2024-08-30T01:03:05.588Z"}
{"level":"error","message":"✘ Completions for node failed: Error: [Assignment]{f17247} at prueba/example.wlk:7 exhausted all cases without a match [Assignment]{f17247} at prueba/example.wlk:7 exhausted all cases without a match","stack":"Error: [Assignment]{f17247} at prueba/example.wlk:7 exhausted all cases without a match\n    at c:\\Users\\bruno\\.vscode\\extensions\\uqbar.wollok-lsp-ide-0.3.3\\node_modules\\wollok-ts\\dist\\extensions.js:85:11\n    at completionsForNode (c:\\Users\\bruno\\.vscode\\extensions\\uqbar.wollok-lsp-ide-0.3.3\\server\\out\\functionalities\\autocomplete\\node-completion.js:10:44)\n    at completeForParent (c:\\Users\\bruno\\.vscode\\extensions\\uqbar.wollok-lsp-ide-0.3.3\\server\\out\\functionalities\\autocomplete\\node-completion.js:56:43)\n    at completionsForNode (c:\\Users\\bruno\\.vscode\\extensions\\uqbar.wollok-lsp-ide-0.3.3\\server\\out\\functionalities\\autocomplete\\node-completion.js:14:46)\n    at completeForParent (c:\\Users\\bruno\\.vscode\\extensions\\uqbar.wollok-lsp-ide-0.3.3\\server\\out\\functionalities\\autocomplete\\node-completion.js:56:43)\n    at completeReference (c:\\Users\\bruno\\.vscode\\extensions\\uqbar.wollok-lsp-ide-0.3.3\\server\\out\\functionalities\\autocomplete\\node-completion.js:64:135)\n    at c:\\Users\\bruno\\.vscode\\extensions\\uqbar.wollok-lsp-ide-0.3.3\\node_modules\\wollok-ts\\dist\\extensions.js:84:20\n    at completionsForNode (c:\\Users\\bruno\\.vscode\\extensions\\uqbar.wollok-lsp-ide-0.3.3\\server\\out\\functionalities\\autocomplete\\node-completion.js:10:44)\n    at c:\\Users\\bruno\\.vscode\\extensions\\uqbar.wollok-lsp-ide-0.3.3\\server\\out\\functionalities\\autocomplete\\autocomplete.js:26:154\n    at c:\\Users\\bruno\\.vscode\\extensions\\uqbar.wollok-lsp-ide-0.3.3\\server\\out\\server.js:198:20","timestamp":"2024-08-30T01:03:05.588Z"}
{"level":"error","message":"✘ Completions for node failed: Error: [Send]{21ce5b} at prueba/example.wlk:-- exhausted all cases without a match [Send]{21ce5b} at prueba/example.wlk:-- exhausted all cases without a match","stack":"Error: [Send]{21ce5b} at prueba/example.wlk:-- exhausted all cases without a match\n    at c:\\Users\\bruno\\.vscode\\extensions\\uqbar.wollok-lsp-ide-0.3.3\\node_modules\\wollok-ts\\dist\\extensions.js:85:11\n    at completionsForNode (c:\\Users\\bruno\\.vscode\\extensions\\uqbar.wollok-lsp-ide-0.3.3\\server\\out\\functionalities\\autocomplete\\node-completion.js:10:44)\n    at completeForParent (c:\\Users\\bruno\\.vscode\\extensions\\uqbar.wollok-lsp-ide-0.3.3\\server\\out\\functionalities\\autocomplete\\node-completion.js:56:43)\n    at completeReference (c:\\Users\\bruno\\.vscode\\extensions\\uqbar.wollok-lsp-ide-0.3.3\\server\\out\\functionalities\\autocomplete\\node-completion.js:64:135)\n    at c:\\Users\\bruno\\.vscode\\extensions\\uqbar.wollok-lsp-ide-0.3.3\\node_modules\\wollok-ts\\dist\\extensions.js:84:20\n    at completionsForNode (c:\\Users\\bruno\\.vscode\\extensions\\uqbar.wollok-lsp-ide-0.3.3\\server\\out\\functionalities\\autocomplete\\node-completion.js:10:44)\n    at c:\\Users\\bruno\\.vscode\\extensions\\uqbar.wollok-lsp-ide-0.3.3\\server\\out\\functionalities\\autocomplete\\autocomplete.js:26:154\n    at c:\\Users\\bruno\\.vscode\\extensions\\uqbar.wollok-lsp-ide-0.3.3\\server\\out\\server.js:198:20\n    at c:\\Users\\bruno\\.vscode\\extensions\\uqbar.wollok-lsp-ide-0.3.3\\server\\node_modules\\vscode-languageserver\\lib\\common\\server.js:593:20\n    at handleRequest (c:\\Users\\bruno\\.vscode\\extensions\\uqbar.wollok-lsp-ide-0.3.3\\server\\node_modules\\vscode-jsonrpc\\lib\\common\\connection.js:493:41)","timestamp":"2024-08-30T01:03:05.739Z"}
{"level":"error","message":"✘ Completions for node failed: Error: [Assignment]{f04c32} at prueba/example.wlk:7 exhausted all cases without a match [Assignment]{f04c32} at prueba/example.wlk:7 exhausted all cases without a match","stack":"Error: [Assignment]{f04c32} at prueba/example.wlk:7 exhausted all cases without a match\n    at c:\\Users\\bruno\\.vscode\\extensions\\uqbar.wollok-lsp-ide-0.3.3\\node_modules\\wollok-ts\\dist\\extensions.js:85:11\n    at completionsForNode (c:\\Users\\bruno\\.vscode\\extensions\\uqbar.wollok-lsp-ide-0.3.3\\server\\out\\functionalities\\autocomplete\\node-completion.js:10:44)\n    at completeForParent (c:\\Users\\bruno\\.vscode\\extensions\\uqbar.wollok-lsp-ide-0.3.3\\server\\out\\functionalities\\autocomplete\\node-completion.js:56:43)\n    at completionsForNode (c:\\Users\\bruno\\.vscode\\extensions\\uqbar.wollok-lsp-ide-0.3.3\\server\\out\\functionalities\\autocomplete\\node-completion.js:14:46)\n    at completeForParent (c:\\Users\\bruno\\.vscode\\extensions\\uqbar.wollok-lsp-ide-0.3.3\\server\\out\\functionalities\\autocomplete\\node-completion.js:56:43)\n    at completeReference (c:\\Users\\bruno\\.vscode\\extensions\\uqbar.wollok-lsp-ide-0.3.3\\server\\out\\functionalities\\autocomplete\\node-completion.js:64:135)\n    at c:\\Users\\bruno\\.vscode\\extensions\\uqbar.wollok-lsp-ide-0.3.3\\node_modules\\wollok-ts\\dist\\extensions.js:84:20\n    at completionsForNode (c:\\Users\\bruno\\.vscode\\extensions\\uqbar.wollok-lsp-ide-0.3.3\\server\\out\\functionalities\\autocomplete\\node-completion.js:10:44)\n    at c:\\Users\\bruno\\.vscode\\extensions\\uqbar.wollok-lsp-ide-0.3.3\\server\\out\\functionalities\\autocomplete\\autocomplete.js:26:154\n    at c:\\Users\\bruno\\.vscode\\extensions\\uqbar.wollok-lsp-ide-0.3.3\\server\\out\\server.js:198:20","timestamp":"2024-08-30T01:03:05.739Z"}
{"level":"error","message":"✘ Completions for node failed: Error: [Send]{83ef75} at prueba/example.wlk:-- exhausted all cases without a match [Send]{83ef75} at prueba/example.wlk:-- exhausted all cases without a match","stack":"Error: [Send]{83ef75} at prueba/example.wlk:-- exhausted all cases without a match\n    at c:\\Users\\bruno\\.vscode\\extensions\\uqbar.wollok-lsp-ide-0.3.3\\node_modules\\wollok-ts\\dist\\extensions.js:85:11\n    at completionsForNode (c:\\Users\\bruno\\.vscode\\extensions\\uqbar.wollok-lsp-ide-0.3.3\\server\\out\\functionalities\\autocomplete\\node-completion.js:10:44)\n    at completeForParent (c:\\Users\\bruno\\.vscode\\extensions\\uqbar.wollok-lsp-ide-0.3.3\\server\\out\\functionalities\\autocomplete\\node-completion.js:56:43)\n    at completeReference (c:\\Users\\bruno\\.vscode\\extensions\\uqbar.wollok-lsp-ide-0.3.3\\server\\out\\functionalities\\autocomplete\\node-completion.js:64:135)\n    at c:\\Users\\bruno\\.vscode\\extensions\\uqbar.wollok-lsp-ide-0.3.3\\node_modules\\wollok-ts\\dist\\extensions.js:84:20\n    at completionsForNode (c:\\Users\\bruno\\.vscode\\extensions\\uqbar.wollok-lsp-ide-0.3.3\\server\\out\\functionalities\\autocomplete\\node-completion.js:10:44)\n    at c:\\Users\\bruno\\.vscode\\extensions\\uqbar.wollok-lsp-ide-0.3.3\\server\\out\\functionalities\\autocomplete\\autocomplete.js:26:154\n    at c:\\Users\\bruno\\.vscode\\extensions\\uqbar.wollok-lsp-ide-0.3.3\\server\\out\\server.js:198:20\n    at c:\\Users\\bruno\\.vscode\\extensions\\uqbar.wollok-lsp-ide-0.3.3\\server\\node_modules\\vscode-languageserver\\lib\\common\\server.js:593:20\n    at handleRequest (c:\\Users\\bruno\\.vscode\\extensions\\uqbar.wollok-lsp-ide-0.3.3\\server\\node_modules\\vscode-jsonrpc\\lib\\common\\connection.js:493:41)","timestamp":"2024-08-30T01:03:05.852Z"}
{"level":"error","message":"✘ Completions for node failed: Error: [Assignment]{4db7e8} at prueba/example.wlk:7 exhausted all cases without a match [Assignment]{4db7e8} at prueba/example.wlk:7 exhausted all cases without a match","stack":"Error: [Assignment]{4db7e8} at prueba/example.wlk:7 exhausted all cases without a match\n    at c:\\Users\\bruno\\.vscode\\extensions\\uqbar.wollok-lsp-ide-0.3.3\\node_modules\\wollok-ts\\dist\\extensions.js:85:11\n    at completionsForNode (c:\\Users\\bruno\\.vscode\\extensions\\uqbar.wollok-lsp-ide-0.3.3\\server\\out\\functionalities\\autocomplete\\node-completion.js:10:44)\n    at completeForParent (c:\\Users\\bruno\\.vscode\\extensions\\uqbar.wollok-lsp-ide-0.3.3\\server\\out\\functionalities\\autocomplete\\node-completion.js:56:43)\n    at completionsForNode (c:\\Users\\bruno\\.vscode\\extensions\\uqbar.wollok-lsp-ide-0.3.3\\server\\out\\functionalities\\autocomplete\\node-completion.js:14:46)\n    at completeForParent (c:\\Users\\bruno\\.vscode\\extensions\\uqbar.wollok-lsp-ide-0.3.3\\server\\out\\functionalities\\autocomplete\\node-completion.js:56:43)\n    at completeReference (c:\\Users\\bruno\\.vscode\\extensions\\uqbar.wollok-lsp-ide-0.3.3\\server\\out\\functionalities\\autocomplete\\node-completion.js:64:135)\n    at c:\\Users\\bruno\\.vscode\\extensions\\uqbar.wollok-lsp-ide-0.3.3\\node_modules\\wollok-ts\\dist\\extensions.js:84:20\n    at completionsForNode (c:\\Users\\bruno\\.vscode\\extensions\\uqbar.wollok-lsp-ide-0.3.3\\server\\out\\functionalities\\autocomplete\\node-completion.js:10:44)\n    at c:\\Users\\bruno\\.vscode\\extensions\\uqbar.wollok-lsp-ide-0.3.3\\server\\out\\functionalities\\autocomplete\\autocomplete.js:26:154\n    at c:\\Users\\bruno\\.vscode\\extensions\\uqbar.wollok-lsp-ide-0.3.3\\server\\out\\server.js:198:20","timestamp":"2024-08-30T01:03:05.852Z"}
{"level":"error","message":"✘ Completions for node failed: Error: [Send]{8cf558} at prueba/example.wlk:-- exhausted all cases without a match [Send]{8cf558} at prueba/example.wlk:-- exhausted all cases without a match","stack":"Error: [Send]{8cf558} at prueba/example.wlk:-- exhausted all cases without a match\n    at c:\\Users\\bruno\\.vscode\\extensions\\uqbar.wollok-lsp-ide-0.3.3\\node_modules\\wollok-ts\\dist\\extensions.js:85:11\n    at completionsForNode (c:\\Users\\bruno\\.vscode\\extensions\\uqbar.wollok-lsp-ide-0.3.3\\server\\out\\functionalities\\autocomplete\\node-completion.js:10:44)\n    at completeForParent (c:\\Users\\bruno\\.vscode\\extensions\\uqbar.wollok-lsp-ide-0.3.3\\server\\out\\functionalities\\autocomplete\\node-completion.js:56:43)\n    at completeReference (c:\\Users\\bruno\\.vscode\\extensions\\uqbar.wollok-lsp-ide-0.3.3\\server\\out\\functionalities\\autocomplete\\node-completion.js:64:135)\n    at c:\\Users\\bruno\\.vscode\\extensions\\uqbar.wollok-lsp-ide-0.3.3\\node_modules\\wollok-ts\\dist\\extensions.js:84:20\n    at completionsForNode (c:\\Users\\bruno\\.vscode\\extensions\\uqbar.wollok-lsp-ide-0.3.3\\server\\out\\functionalities\\autocomplete\\node-completion.js:10:44)\n    at c:\\Users\\bruno\\.vscode\\extensions\\uqbar.wollok-lsp-ide-0.3.3\\server\\out\\functionalities\\autocomplete\\autocomplete.js:26:154\n    at c:\\Users\\bruno\\.vscode\\extensions\\uqbar.wollok-lsp-ide-0.3.3\\server\\out\\server.js:198:20\n    at c:\\Users\\bruno\\.vscode\\extensions\\uqbar.wollok-lsp-ide-0.3.3\\server\\node_modules\\vscode-languageserver\\lib\\common\\server.js:593:20\n    at handleRequest (c:\\Users\\bruno\\.vscode\\extensions\\uqbar.wollok-lsp-ide-0.3.3\\server\\node_modules\\vscode-jsonrpc\\lib\\common\\connection.js:493:41)","timestamp":"2024-08-30T01:03:05.996Z"}
{"level":"error","message":"✘ Completions for node failed: Error: [Assignment]{3130de} at prueba/example.wlk:7 exhausted all cases without a match [Assignment]{3130de} at prueba/example.wlk:7 exhausted all cases without a match","stack":"Error: [Assignment]{3130de} at prueba/example.wlk:7 exhausted all cases without a match\n    at c:\\Users\\bruno\\.vscode\\extensions\\uqbar.wollok-lsp-ide-0.3.3\\node_modules\\wollok-ts\\dist\\extensions.js:85:11\n    at completionsForNode (c:\\Users\\bruno\\.vscode\\extensions\\uqbar.wollok-lsp-ide-0.3.3\\server\\out\\functionalities\\autocomplete\\node-completion.js:10:44)\n    at completeForParent (c:\\Users\\bruno\\.vscode\\extensions\\uqbar.wollok-lsp-ide-0.3.3\\server\\out\\functionalities\\autocomplete\\node-completion.js:56:43)\n    at completionsForNode (c:\\Users\\bruno\\.vscode\\extensions\\uqbar.wollok-lsp-ide-0.3.3\\server\\out\\functionalities\\autocomplete\\node-completion.js:14:46)\n    at completeForParent (c:\\Users\\bruno\\.vscode\\extensions\\uqbar.wollok-lsp-ide-0.3.3\\server\\out\\functionalities\\autocomplete\\node-completion.js:56:43)\n    at completeReference (c:\\Users\\bruno\\.vscode\\extensions\\uqbar.wollok-lsp-ide-0.3.3\\server\\out\\functionalities\\autocomplete\\node-completion.js:64:135)\n    at c:\\Users\\bruno\\.vscode\\extensions\\uqbar.wollok-lsp-ide-0.3.3\\node_modules\\wollok-ts\\dist\\extensions.js:84:20\n    at completionsForNode (c:\\Users\\bruno\\.vscode\\extensions\\uqbar.wollok-lsp-ide-0.3.3\\server\\out\\functionalities\\autocomplete\\node-completion.js:10:44)\n    at c:\\Users\\bruno\\.vscode\\extensions\\uqbar.wollok-lsp-ide-0.3.3\\server\\out\\functionalities\\autocomplete\\autocomplete.js:26:154\n    at c:\\Users\\bruno\\.vscode\\extensions\\uqbar.wollok-lsp-ide-0.3.3\\server\\out\\server.js:198:20","timestamp":"2024-08-30T01:03:05.996Z"}
{"level":"info","message":"onRequest - completionItem/resolve","timestamp":"2024-08-30T01:03:07.038Z"}
{"level":"info","message":"onRequest - completionItem/resolve","timestamp":"2024-08-30T01:03:07.398Z"}
{"level":"error","message":"✘ Completions for node failed: Error: [Send]{e1ad12} at prueba/example.wlk:-- exhausted all cases without a match [Send]{e1ad12} at prueba/example.wlk:-- exhausted all cases without a match","stack":"Error: [Send]{e1ad12} at prueba/example.wlk:-- exhausted all cases without a match\n    at c:\\Users\\bruno\\.vscode\\extensions\\uqbar.wollok-lsp-ide-0.3.3\\node_modules\\wollok-ts\\dist\\extensions.js:85:11\n    at completionsForNode (c:\\Users\\bruno\\.vscode\\extensions\\uqbar.wollok-lsp-ide-0.3.3\\server\\out\\functionalities\\autocomplete\\node-completion.js:10:44)\n    at completeForParent (c:\\Users\\bruno\\.vscode\\extensions\\uqbar.wollok-lsp-ide-0.3.3\\server\\out\\functionalities\\autocomplete\\node-completion.js:56:43)\n    at completeReference (c:\\Users\\bruno\\.vscode\\extensions\\uqbar.wollok-lsp-ide-0.3.3\\server\\out\\functionalities\\autocomplete\\node-completion.js:64:135)\n    at c:\\Users\\bruno\\.vscode\\extensions\\uqbar.wollok-lsp-ide-0.3.3\\node_modules\\wollok-ts\\dist\\extensions.js:84:20\n    at completionsForNode (c:\\Users\\bruno\\.vscode\\extensions\\uqbar.wollok-lsp-ide-0.3.3\\server\\out\\functionalities\\autocomplete\\node-completion.js:10:44)\n    at c:\\Users\\bruno\\.vscode\\extensions\\uqbar.wollok-lsp-ide-0.3.3\\server\\out\\functionalities\\autocomplete\\autocomplete.js:26:154\n    at c:\\Users\\bruno\\.vscode\\extensions\\uqbar.wollok-lsp-ide-0.3.3\\server\\out\\server.js:198:20\n    at c:\\Users\\bruno\\.vscode\\extensions\\uqbar.wollok-lsp-ide-0.3.3\\server\\node_modules\\vscode-languageserver\\lib\\common\\server.js:593:20\n    at handleRequest (c:\\Users\\bruno\\.vscode\\extensions\\uqbar.wollok-lsp-ide-0.3.3\\server\\node_modules\\vscode-jsonrpc\\lib\\common\\connection.js:493:41)","timestamp":"2024-08-30T01:03:08.735Z"}
{"level":"error","message":"✘ Completions for node failed: Error: [Assignment]{1b4d77} at prueba/example.wlk:7 exhausted all cases without a match [Assignment]{1b4d77} at prueba/example.wlk:7 exhausted all cases without a match","stack":"Error: [Assignment]{1b4d77} at prueba/example.wlk:7 exhausted all cases without a match\n    at c:\\Users\\bruno\\.vscode\\extensions\\uqbar.wollok-lsp-ide-0.3.3\\node_modules\\wollok-ts\\dist\\extensions.js:85:11\n    at completionsForNode (c:\\Users\\bruno\\.vscode\\extensions\\uqbar.wollok-lsp-ide-0.3.3\\server\\out\\functionalities\\autocomplete\\node-completion.js:10:44)\n    at completeForParent (c:\\Users\\bruno\\.vscode\\extensions\\uqbar.wollok-lsp-ide-0.3.3\\server\\out\\functionalities\\autocomplete\\node-completion.js:56:43)\n    at completionsForNode (c:\\Users\\bruno\\.vscode\\extensions\\uqbar.wollok-lsp-ide-0.3.3\\server\\out\\functionalities\\autocomplete\\node-completion.js:14:46)\n    at completeForParent (c:\\Users\\bruno\\.vscode\\extensions\\uqbar.wollok-lsp-ide-0.3.3\\server\\out\\functionalities\\autocomplete\\node-completion.js:56:43)\n    at completeReference (c:\\Users\\bruno\\.vscode\\extensions\\uqbar.wollok-lsp-ide-0.3.3\\server\\out\\functionalities\\autocomplete\\node-completion.js:64:135)\n    at c:\\Users\\bruno\\.vscode\\extensions\\uqbar.wollok-lsp-ide-0.3.3\\node_modules\\wollok-ts\\dist\\extensions.js:84:20\n    at completionsForNode (c:\\Users\\bruno\\.vscode\\extensions\\uqbar.wollok-lsp-ide-0.3.3\\server\\out\\functionalities\\autocomplete\\node-completion.js:10:44)\n    at c:\\Users\\bruno\\.vscode\\extensions\\uqbar.wollok-lsp-ide-0.3.3\\server\\out\\functionalities\\autocomplete\\autocomplete.js:26:154\n    at c:\\Users\\bruno\\.vscode\\extensions\\uqbar.wollok-lsp-ide-0.3.3\\server\\out\\server.js:198:20","timestamp":"2024-08-30T01:03:08.735Z"}
{"level":"error","message":"✘ Completions for node failed: Error: [Send]{98019e} at prueba/example.wlk:-- exhausted all cases without a match [Send]{98019e} at prueba/example.wlk:-- exhausted all cases without a match","stack":"Error: [Send]{98019e} at prueba/example.wlk:-- exhausted all cases without a match\n    at c:\\Users\\bruno\\.vscode\\extensions\\uqbar.wollok-lsp-ide-0.3.3\\node_modules\\wollok-ts\\dist\\extensions.js:85:11\n    at completionsForNode (c:\\Users\\bruno\\.vscode\\extensions\\uqbar.wollok-lsp-ide-0.3.3\\server\\out\\functionalities\\autocomplete\\node-completion.js:10:44)\n    at completeForParent (c:\\Users\\bruno\\.vscode\\extensions\\uqbar.wollok-lsp-ide-0.3.3\\server\\out\\functionalities\\autocomplete\\node-completion.js:56:43)\n    at completeReference (c:\\Users\\bruno\\.vscode\\extensions\\uqbar.wollok-lsp-ide-0.3.3\\server\\out\\functionalities\\autocomplete\\node-completion.js:64:135)\n    at c:\\Users\\bruno\\.vscode\\extensions\\uqbar.wollok-lsp-ide-0.3.3\\node_modules\\wollok-ts\\dist\\extensions.js:84:20\n    at completionsForNode (c:\\Users\\bruno\\.vscode\\extensions\\uqbar.wollok-lsp-ide-0.3.3\\server\\out\\functionalities\\autocomplete\\node-completion.js:10:44)\n    at c:\\Users\\bruno\\.vscode\\extensions\\uqbar.wollok-lsp-ide-0.3.3\\server\\out\\functionalities\\autocomplete\\autocomplete.js:26:154\n    at c:\\Users\\bruno\\.vscode\\extensions\\uqbar.wollok-lsp-ide-0.3.3\\server\\out\\server.js:198:20\n    at c:\\Users\\bruno\\.vscode\\extensions\\uqbar.wollok-lsp-ide-0.3.3\\server\\node_modules\\vscode-languageserver\\lib\\common\\server.js:593:20\n    at handleRequest (c:\\Users\\bruno\\.vscode\\extensions\\uqbar.wollok-lsp-ide-0.3.3\\server\\node_modules\\vscode-jsonrpc\\lib\\common\\connection.js:493:41)","timestamp":"2024-08-30T01:03:08.856Z"}
{"level":"error","message":"✘ Completions for node failed: Error: [Assignment]{1054e7} at prueba/example.wlk:7 exhausted all cases without a match [Assignment]{1054e7} at prueba/example.wlk:7 exhausted all cases without a match","stack":"Error: [Assignment]{1054e7} at prueba/example.wlk:7 exhausted all cases without a match\n    at c:\\Users\\bruno\\.vscode\\extensions\\uqbar.wollok-lsp-ide-0.3.3\\node_modules\\wollok-ts\\dist\\extensions.js:85:11\n    at completionsForNode (c:\\Users\\bruno\\.vscode\\extensions\\uqbar.wollok-lsp-ide-0.3.3\\server\\out\\functionalities\\autocomplete\\node-completion.js:10:44)\n    at completeForParent (c:\\Users\\bruno\\.vscode\\extensions\\uqbar.wollok-lsp-ide-0.3.3\\server\\out\\functionalities\\autocomplete\\node-completion.js:56:43)\n    at completionsForNode (c:\\Users\\bruno\\.vscode\\extensions\\uqbar.wollok-lsp-ide-0.3.3\\server\\out\\functionalities\\autocomplete\\node-completion.js:14:46)\n    at completeForParent (c:\\Users\\bruno\\.vscode\\extensions\\uqbar.wollok-lsp-ide-0.3.3\\server\\out\\functionalities\\autocomplete\\node-completion.js:56:43)\n    at completeReference (c:\\Users\\bruno\\.vscode\\extensions\\uqbar.wollok-lsp-ide-0.3.3\\server\\out\\functionalities\\autocomplete\\node-completion.js:64:135)\n    at c:\\Users\\bruno\\.vscode\\extensions\\uqbar.wollok-lsp-ide-0.3.3\\node_modules\\wollok-ts\\dist\\extensions.js:84:20\n    at completionsForNode (c:\\Users\\bruno\\.vscode\\extensions\\uqbar.wollok-lsp-ide-0.3.3\\server\\out\\functionalities\\autocomplete\\node-completion.js:10:44)\n    at c:\\Users\\bruno\\.vscode\\extensions\\uqbar.wollok-lsp-ide-0.3.3\\server\\out\\functionalities\\autocomplete\\autocomplete.js:26:154\n    at c:\\Users\\bruno\\.vscode\\extensions\\uqbar.wollok-lsp-ide-0.3.3\\server\\out\\server.js:198:20","timestamp":"2024-08-30T01:03:08.856Z"}
{"level":"info","message":"onRequest - completionItem/resolve","timestamp":"2024-08-30T01:03:58.042Z"}
{"level":"info","message":"onRequest - completionItem/resolve","timestamp":"2024-08-30T01:03:58.626Z"}
{"level":"info","message":"onRequest - completionItem/resolve","timestamp":"2024-08-30T01:03:59.453Z"}
{"level":"error","message":"✘ Completions for node failed: Error: [Send]{ddcd11} at prueba/example.wlk:-- exhausted all cases without a match [Send]{ddcd11} at prueba/example.wlk:-- exhausted all cases without a match","stack":"Error: [Send]{ddcd11} at prueba/example.wlk:-- exhausted all cases without a match\n    at c:\\Users\\bruno\\.vscode\\extensions\\uqbar.wollok-lsp-ide-0.3.3\\node_modules\\wollok-ts\\dist\\extensions.js:85:11\n    at completionsForNode (c:\\Users\\bruno\\.vscode\\extensions\\uqbar.wollok-lsp-ide-0.3.3\\server\\out\\functionalities\\autocomplete\\node-completion.js:10:44)\n    at completeForParent (c:\\Users\\bruno\\.vscode\\extensions\\uqbar.wollok-lsp-ide-0.3.3\\server\\out\\functionalities\\autocomplete\\node-completion.js:56:43)\n    at completeReference (c:\\Users\\bruno\\.vscode\\extensions\\uqbar.wollok-lsp-ide-0.3.3\\server\\out\\functionalities\\autocomplete\\node-completion.js:64:135)\n    at c:\\Users\\bruno\\.vscode\\extensions\\uqbar.wollok-lsp-ide-0.3.3\\node_modules\\wollok-ts\\dist\\extensions.js:84:20\n    at completionsForNode (c:\\Users\\bruno\\.vscode\\extensions\\uqbar.wollok-lsp-ide-0.3.3\\server\\out\\functionalities\\autocomplete\\node-completion.js:10:44)\n    at c:\\Users\\bruno\\.vscode\\extensions\\uqbar.wollok-lsp-ide-0.3.3\\server\\out\\functionalities\\autocomplete\\autocomplete.js:26:154\n    at c:\\Users\\bruno\\.vscode\\extensions\\uqbar.wollok-lsp-ide-0.3.3\\server\\out\\server.js:198:20\n    at c:\\Users\\bruno\\.vscode\\extensions\\uqbar.wollok-lsp-ide-0.3.3\\server\\node_modules\\vscode-languageserver\\lib\\common\\server.js:593:20\n    at handleRequest (c:\\Users\\bruno\\.vscode\\extensions\\uqbar.wollok-lsp-ide-0.3.3\\server\\node_modules\\vscode-jsonrpc\\lib\\common\\connection.js:493:41)","timestamp":"2024-08-30T01:03:59.595Z"}
{"level":"error","message":"✘ Completions for node failed: Error: [Assignment]{3d24b0} at prueba/example.wlk:7 exhausted all cases without a match [Assignment]{3d24b0} at prueba/example.wlk:7 exhausted all cases without a match","stack":"Error: [Assignment]{3d24b0} at prueba/example.wlk:7 exhausted all cases without a match\n    at c:\\Users\\bruno\\.vscode\\extensions\\uqbar.wollok-lsp-ide-0.3.3\\node_modules\\wollok-ts\\dist\\extensions.js:85:11\n    at completionsForNode (c:\\Users\\bruno\\.vscode\\extensions\\uqbar.wollok-lsp-ide-0.3.3\\server\\out\\functionalities\\autocomplete\\node-completion.js:10:44)\n    at completeForParent (c:\\Users\\bruno\\.vscode\\extensions\\uqbar.wollok-lsp-ide-0.3.3\\server\\out\\functionalities\\autocomplete\\node-completion.js:56:43)\n    at completionsForNode (c:\\Users\\bruno\\.vscode\\extensions\\uqbar.wollok-lsp-ide-0.3.3\\server\\out\\functionalities\\autocomplete\\node-completion.js:14:46)\n    at completeForParent (c:\\Users\\bruno\\.vscode\\extensions\\uqbar.wollok-lsp-ide-0.3.3\\server\\out\\functionalities\\autocomplete\\node-completion.js:56:43)\n    at completeReference (c:\\Users\\bruno\\.vscode\\extensions\\uqbar.wollok-lsp-ide-0.3.3\\server\\out\\functionalities\\autocomplete\\node-completion.js:64:135)\n    at c:\\Users\\bruno\\.vscode\\extensions\\uqbar.wollok-lsp-ide-0.3.3\\node_modules\\wollok-ts\\dist\\extensions.js:84:20\n    at completionsForNode (c:\\Users\\bruno\\.vscode\\extensions\\uqbar.wollok-lsp-ide-0.3.3\\server\\out\\functionalities\\autocomplete\\node-completion.js:10:44)\n    at c:\\Users\\bruno\\.vscode\\extensions\\uqbar.wollok-lsp-ide-0.3.3\\server\\out\\functionalities\\autocomplete\\autocomplete.js:26:154\n    at c:\\Users\\bruno\\.vscode\\extensions\\uqbar.wollok-lsp-ide-0.3.3\\server\\out\\server.js:198:20","timestamp":"2024-08-30T01:03:59.595Z"}
{"level":"info","message":"onRequest - completionItem/resolve","timestamp":"2024-08-30T01:03:59.661Z"}
{"level":"info","message":"onRequest - completionItem/resolve","timestamp":"2024-08-30T01:03:59.701Z"}
{"level":"error","message":"✘ Completions for node failed: Error: [Send]{9a3e88} at prueba/example.wlk:-- exhausted all cases without a match [Send]{9a3e88} at prueba/example.wlk:-- exhausted all cases without a match","stack":"Error: [Send]{9a3e88} at prueba/example.wlk:-- exhausted all cases without a match\n    at c:\\Users\\bruno\\.vscode\\extensions\\uqbar.wollok-lsp-ide-0.3.3\\node_modules\\wollok-ts\\dist\\extensions.js:85:11\n    at completionsForNode (c:\\Users\\bruno\\.vscode\\extensions\\uqbar.wollok-lsp-ide-0.3.3\\server\\out\\functionalities\\autocomplete\\node-completion.js:10:44)\n    at completeForParent (c:\\Users\\bruno\\.vscode\\extensions\\uqbar.wollok-lsp-ide-0.3.3\\server\\out\\functionalities\\autocomplete\\node-completion.js:56:43)\n    at completeReference (c:\\Users\\bruno\\.vscode\\extensions\\uqbar.wollok-lsp-ide-0.3.3\\server\\out\\functionalities\\autocomplete\\node-completion.js:64:135)\n    at c:\\Users\\bruno\\.vscode\\extensions\\uqbar.wollok-lsp-ide-0.3.3\\node_modules\\wollok-ts\\dist\\extensions.js:84:20\n    at completionsForNode (c:\\Users\\bruno\\.vscode\\extensions\\uqbar.wollok-lsp-ide-0.3.3\\server\\out\\functionalities\\autocomplete\\node-completion.js:10:44)\n    at c:\\Users\\bruno\\.vscode\\extensions\\uqbar.wollok-lsp-ide-0.3.3\\server\\out\\functionalities\\autocomplete\\autocomplete.js:26:154\n    at c:\\Users\\bruno\\.vscode\\extensions\\uqbar.wollok-lsp-ide-0.3.3\\server\\out\\server.js:198:20\n    at c:\\Users\\bruno\\.vscode\\extensions\\uqbar.wollok-lsp-ide-0.3.3\\server\\node_modules\\vscode-languageserver\\lib\\common\\server.js:593:20\n    at handleRequest (c:\\Users\\bruno\\.vscode\\extensions\\uqbar.wollok-lsp-ide-0.3.3\\server\\node_modules\\vscode-jsonrpc\\lib\\common\\connection.js:493:41)","timestamp":"2024-08-30T01:04:04.147Z"}
{"level":"error","message":"✘ Completions for node failed: Error: [Assignment]{193725} at prueba/example.wlk:7 exhausted all cases without a match [Assignment]{193725} at prueba/example.wlk:7 exhausted all cases without a match","stack":"Error: [Assignment]{193725} at prueba/example.wlk:7 exhausted all cases without a match\n    at c:\\Users\\bruno\\.vscode\\extensions\\uqbar.wollok-lsp-ide-0.3.3\\node_modules\\wollok-ts\\dist\\extensions.js:85:11\n    at completionsForNode (c:\\Users\\bruno\\.vscode\\extensions\\uqbar.wollok-lsp-ide-0.3.3\\server\\out\\functionalities\\autocomplete\\node-completion.js:10:44)\n    at completeForParent (c:\\Users\\bruno\\.vscode\\extensions\\uqbar.wollok-lsp-ide-0.3.3\\server\\out\\functionalities\\autocomplete\\node-completion.js:56:43)\n    at completionsForNode (c:\\Users\\bruno\\.vscode\\extensions\\uqbar.wollok-lsp-ide-0.3.3\\server\\out\\functionalities\\autocomplete\\node-completion.js:14:46)\n    at completeForParent (c:\\Users\\bruno\\.vscode\\extensions\\uqbar.wollok-lsp-ide-0.3.3\\server\\out\\functionalities\\autocomplete\\node-completion.js:56:43)\n    at completeReference (c:\\Users\\bruno\\.vscode\\extensions\\uqbar.wollok-lsp-ide-0.3.3\\server\\out\\functionalities\\autocomplete\\node-completion.js:64:135)\n    at c:\\Users\\bruno\\.vscode\\extensions\\uqbar.wollok-lsp-ide-0.3.3\\node_modules\\wollok-ts\\dist\\extensions.js:84:20\n    at completionsForNode (c:\\Users\\bruno\\.vscode\\extensions\\uqbar.wollok-lsp-ide-0.3.3\\server\\out\\functionalities\\autocomplete\\node-completion.js:10:44)\n    at c:\\Users\\bruno\\.vscode\\extensions\\uqbar.wollok-lsp-ide-0.3.3\\server\\out\\functionalities\\autocomplete\\autocomplete.js:26:154\n    at c:\\Users\\bruno\\.vscode\\extensions\\uqbar.wollok-lsp-ide-0.3.3\\server\\out\\server.js:198:20","timestamp":"2024-08-30T01:04:04.147Z"}
{"level":"info","message":"onRequest - completionItem/resolve","timestamp":"2024-08-30T01:04:04.211Z"}
{"level":"info","message":"onRequest - completionItem/resolve","timestamp":"2024-08-30T01:04:04.249Z"}
{"level":"info","message":"onRequest - completionItem/resolve","timestamp":"2024-08-30T01:04:04.372Z"}
{"level":"error","message":"✘ Completions for node failed: Error: [Send]{b48b1d} at prueba/example.wlk:7 exhausted all cases without a match [Send]{b48b1d} at prueba/example.wlk:7 exhausted all cases without a match","stack":"Error: [Send]{b48b1d} at prueba/example.wlk:7 exhausted all cases without a match\n    at c:\\Users\\bruno\\.vscode\\extensions\\uqbar.wollok-lsp-ide-0.3.3\\node_modules\\wollok-ts\\dist\\extensions.js:85:11\n    at completionsForNode (c:\\Users\\bruno\\.vscode\\extensions\\uqbar.wollok-lsp-ide-0.3.3\\server\\out\\functionalities\\autocomplete\\node-completion.js:10:44)\n    at completeForParent (c:\\Users\\bruno\\.vscode\\extensions\\uqbar.wollok-lsp-ide-0.3.3\\server\\out\\functionalities\\autocomplete\\node-completion.js:56:43)\n    at completeReference (c:\\Users\\bruno\\.vscode\\extensions\\uqbar.wollok-lsp-ide-0.3.3\\server\\out\\functionalities\\autocomplete\\node-completion.js:64:135)\n    at c:\\Users\\bruno\\.vscode\\extensions\\uqbar.wollok-lsp-ide-0.3.3\\node_modules\\wollok-ts\\dist\\extensions.js:84:20\n    at completionsForNode (c:\\Users\\bruno\\.vscode\\extensions\\uqbar.wollok-lsp-ide-0.3.3\\server\\out\\functionalities\\autocomplete\\node-completion.js:10:44)\n    at c:\\Users\\bruno\\.vscode\\extensions\\uqbar.wollok-lsp-ide-0.3.3\\server\\out\\functionalities\\autocomplete\\autocomplete.js:26:154\n    at c:\\Users\\bruno\\.vscode\\extensions\\uqbar.wollok-lsp-ide-0.3.3\\server\\out\\server.js:198:20\n    at c:\\Users\\bruno\\.vscode\\extensions\\uqbar.wollok-lsp-ide-0.3.3\\server\\node_modules\\vscode-languageserver\\lib\\common\\server.js:593:20\n    at handleRequest (c:\\Users\\bruno\\.vscode\\extensions\\uqbar.wollok-lsp-ide-0.3.3\\server\\node_modules\\vscode-jsonrpc\\lib\\common\\connection.js:493:41)","timestamp":"2024-08-30T01:04:05.886Z"}
{"level":"error","message":"✘ Completions for node failed: Error: [Send]{135037} at prueba/example.wlk:-- exhausted all cases without a match [Send]{135037} at prueba/example.wlk:-- exhausted all cases without a match","stack":"Error: [Send]{135037} at prueba/example.wlk:-- exhausted all cases without a match\n    at c:\\Users\\bruno\\.vscode\\extensions\\uqbar.wollok-lsp-ide-0.3.3\\node_modules\\wollok-ts\\dist\\extensions.js:85:11\n    at completionsForNode (c:\\Users\\bruno\\.vscode\\extensions\\uqbar.wollok-lsp-ide-0.3.3\\server\\out\\functionalities\\autocomplete\\node-completion.js:10:44)\n    at completeForParent (c:\\Users\\bruno\\.vscode\\extensions\\uqbar.wollok-lsp-ide-0.3.3\\server\\out\\functionalities\\autocomplete\\node-completion.js:56:43)\n    at completionsForNode (c:\\Users\\bruno\\.vscode\\extensions\\uqbar.wollok-lsp-ide-0.3.3\\server\\out\\functionalities\\autocomplete\\node-completion.js:14:46)\n    at completeForParent (c:\\Users\\bruno\\.vscode\\extensions\\uqbar.wollok-lsp-ide-0.3.3\\server\\out\\functionalities\\autocomplete\\node-completion.js:56:43)\n    at completeReference (c:\\Users\\bruno\\.vscode\\extensions\\uqbar.wollok-lsp-ide-0.3.3\\server\\out\\functionalities\\autocomplete\\node-completion.js:64:135)\n    at c:\\Users\\bruno\\.vscode\\extensions\\uqbar.wollok-lsp-ide-0.3.3\\node_modules\\wollok-ts\\dist\\extensions.js:84:20\n    at completionsForNode (c:\\Users\\bruno\\.vscode\\extensions\\uqbar.wollok-lsp-ide-0.3.3\\server\\out\\functionalities\\autocomplete\\node-completion.js:10:44)\n    at c:\\Users\\bruno\\.vscode\\extensions\\uqbar.wollok-lsp-ide-0.3.3\\server\\out\\functionalities\\autocomplete\\autocomplete.js:26:154\n    at c:\\Users\\bruno\\.vscode\\extensions\\uqbar.wollok-lsp-ide-0.3.3\\server\\out\\server.js:198:20","timestamp":"2024-08-30T01:04:05.886Z"}
{"level":"error","message":"✘ Completions for node failed: Error: [Assignment]{9ff73b} at prueba/example.wlk:7 exhausted all cases without a match [Assignment]{9ff73b} at prueba/example.wlk:7 exhausted all cases without a match","stack":"Error: [Assignment]{9ff73b} at prueba/example.wlk:7 exhausted all cases without a match\n    at c:\\Users\\bruno\\.vscode\\extensions\\uqbar.wollok-lsp-ide-0.3.3\\node_modules\\wollok-ts\\dist\\extensions.js:85:11\n    at completionsForNode (c:\\Users\\bruno\\.vscode\\extensions\\uqbar.wollok-lsp-ide-0.3.3\\server\\out\\functionalities\\autocomplete\\node-completion.js:10:44)\n    at completeForParent (c:\\Users\\bruno\\.vscode\\extensions\\uqbar.wollok-lsp-ide-0.3.3\\server\\out\\functionalities\\autocomplete\\node-completion.js:56:43)\n    at completionsForNode (c:\\Users\\bruno\\.vscode\\extensions\\uqbar.wollok-lsp-ide-0.3.3\\server\\out\\functionalities\\autocomplete\\node-completion.js:14:46)\n    at completeForParent (c:\\Users\\bruno\\.vscode\\extensions\\uqbar.wollok-lsp-ide-0.3.3\\server\\out\\functionalities\\autocomplete\\node-completion.js:56:43)\n    at completionsForNode (c:\\Users\\bruno\\.vscode\\extensions\\uqbar.wollok-lsp-ide-0.3.3\\server\\out\\functionalities\\autocomplete\\node-completion.js:14:46)\n    at completeForParent (c:\\Users\\bruno\\.vscode\\extensions\\uqbar.wollok-lsp-ide-0.3.3\\server\\out\\functionalities\\autocomplete\\node-completion.js:56:43)\n    at completeReference (c:\\Users\\bruno\\.vscode\\extensions\\uqbar.wollok-lsp-ide-0.3.3\\server\\out\\functionalities\\autocomplete\\node-completion.js:64:135)\n    at c:\\Users\\bruno\\.vscode\\extensions\\uqbar.wollok-lsp-ide-0.3.3\\node_modules\\wollok-ts\\dist\\extensions.js:84:20\n    at completionsForNode (c:\\Users\\bruno\\.vscode\\extensions\\uqbar.wollok-lsp-ide-0.3.3\\server\\out\\functionalities\\autocomplete\\node-completion.js:10:44)","timestamp":"2024-08-30T01:04:05.886Z"}
{"level":"info","message":"onRequest - completionItem/resolve","timestamp":"2024-08-30T01:04:05.951Z"}
{"level":"error","message":"✘ Completions for node failed: Error: [Send]{243a33} at prueba/example.wlk:7 exhausted all cases without a match [Send]{243a33} at prueba/example.wlk:7 exhausted all cases without a match","stack":"Error: [Send]{243a33} at prueba/example.wlk:7 exhausted all cases without a match\n    at c:\\Users\\bruno\\.vscode\\extensions\\uqbar.wollok-lsp-ide-0.3.3\\node_modules\\wollok-ts\\dist\\extensions.js:85:11\n    at completionsForNode (c:\\Users\\bruno\\.vscode\\extensions\\uqbar.wollok-lsp-ide-0.3.3\\server\\out\\functionalities\\autocomplete\\node-completion.js:10:44)\n    at completeForParent (c:\\Users\\bruno\\.vscode\\extensions\\uqbar.wollok-lsp-ide-0.3.3\\server\\out\\functionalities\\autocomplete\\node-completion.js:56:43)\n    at completeReference (c:\\Users\\bruno\\.vscode\\extensions\\uqbar.wollok-lsp-ide-0.3.3\\server\\out\\functionalities\\autocomplete\\node-completion.js:64:135)\n    at c:\\Users\\bruno\\.vscode\\extensions\\uqbar.wollok-lsp-ide-0.3.3\\node_modules\\wollok-ts\\dist\\extensions.js:84:20\n    at completionsForNode (c:\\Users\\bruno\\.vscode\\extensions\\uqbar.wollok-lsp-ide-0.3.3\\server\\out\\functionalities\\autocomplete\\node-completion.js:10:44)\n    at c:\\Users\\bruno\\.vscode\\extensions\\uqbar.wollok-lsp-ide-0.3.3\\server\\out\\functionalities\\autocomplete\\autocomplete.js:26:154\n    at c:\\Users\\bruno\\.vscode\\extensions\\uqbar.wollok-lsp-ide-0.3.3\\server\\out\\server.js:198:20\n    at c:\\Users\\bruno\\.vscode\\extensions\\uqbar.wollok-lsp-ide-0.3.3\\server\\node_modules\\vscode-languageserver\\lib\\common\\server.js:593:20\n    at handleRequest (c:\\Users\\bruno\\.vscode\\extensions\\uqbar.wollok-lsp-ide-0.3.3\\server\\node_modules\\vscode-jsonrpc\\lib\\common\\connection.js:493:41)","timestamp":"2024-08-30T01:04:06.142Z"}
{"level":"error","message":"✘ Completions for node failed: Error: [Send]{ed1154} at prueba/example.wlk:-- exhausted all cases without a match [Send]{ed1154} at prueba/example.wlk:-- exhausted all cases without a match","stack":"Error: [Send]{ed1154} at prueba/example.wlk:-- exhausted all cases without a match\n    at c:\\Users\\bruno\\.vscode\\extensions\\uqbar.wollok-lsp-ide-0.3.3\\node_modules\\wollok-ts\\dist\\extensions.js:85:11\n    at completionsForNode (c:\\Users\\bruno\\.vscode\\extensions\\uqbar.wollok-lsp-ide-0.3.3\\server\\out\\functionalities\\autocomplete\\node-completion.js:10:44)\n    at completeForParent (c:\\Users\\bruno\\.vscode\\extensions\\uqbar.wollok-lsp-ide-0.3.3\\server\\out\\functionalities\\autocomplete\\node-completion.js:56:43)\n    at completionsForNode (c:\\Users\\bruno\\.vscode\\extensions\\uqbar.wollok-lsp-ide-0.3.3\\server\\out\\functionalities\\autocomplete\\node-completion.js:14:46)\n    at completeForParent (c:\\Users\\bruno\\.vscode\\extensions\\uqbar.wollok-lsp-ide-0.3.3\\server\\out\\functionalities\\autocomplete\\node-completion.js:56:43)\n    at completeReference (c:\\Users\\bruno\\.vscode\\extensions\\uqbar.wollok-lsp-ide-0.3.3\\server\\out\\functionalities\\autocomplete\\node-completion.js:64:135)\n    at c:\\Users\\bruno\\.vscode\\extensions\\uqbar.wollok-lsp-ide-0.3.3\\node_modules\\wollok-ts\\dist\\extensions.js:84:20\n    at completionsForNode (c:\\Users\\bruno\\.vscode\\extensions\\uqbar.wollok-lsp-ide-0.3.3\\server\\out\\functionalities\\autocomplete\\node-completion.js:10:44)\n    at c:\\Users\\bruno\\.vscode\\extensions\\uqbar.wollok-lsp-ide-0.3.3\\server\\out\\functionalities\\autocomplete\\autocomplete.js:26:154\n    at c:\\Users\\bruno\\.vscode\\extensions\\uqbar.wollok-lsp-ide-0.3.3\\server\\out\\server.js:198:20","timestamp":"2024-08-30T01:04:06.143Z"}
{"level":"error","message":"✘ Completions for node failed: Error: [Assignment]{9e17c3} at prueba/example.wlk:7 exhausted all cases without a match [Assignment]{9e17c3} at prueba/example.wlk:7 exhausted all cases without a match","stack":"Error: [Assignment]{9e17c3} at prueba/example.wlk:7 exhausted all cases without a match\n    at c:\\Users\\bruno\\.vscode\\extensions\\uqbar.wollok-lsp-ide-0.3.3\\node_modules\\wollok-ts\\dist\\extensions.js:85:11\n    at completionsForNode (c:\\Users\\bruno\\.vscode\\extensions\\uqbar.wollok-lsp-ide-0.3.3\\server\\out\\functionalities\\autocomplete\\node-completion.js:10:44)\n    at completeForParent (c:\\Users\\bruno\\.vscode\\extensions\\uqbar.wollok-lsp-ide-0.3.3\\server\\out\\functionalities\\autocomplete\\node-completion.js:56:43)\n    at completionsForNode (c:\\Users\\bruno\\.vscode\\extensions\\uqbar.wollok-lsp-ide-0.3.3\\server\\out\\functionalities\\autocomplete\\node-completion.js:14:46)\n    at completeForParent (c:\\Users\\bruno\\.vscode\\extensions\\uqbar.wollok-lsp-ide-0.3.3\\server\\out\\functionalities\\autocomplete\\node-completion.js:56:43)\n    at completionsForNode (c:\\Users\\bruno\\.vscode\\extensions\\uqbar.wollok-lsp-ide-0.3.3\\server\\out\\functionalities\\autocomplete\\node-completion.js:14:46)\n    at completeForParent (c:\\Users\\bruno\\.vscode\\extensions\\uqbar.wollok-lsp-ide-0.3.3\\server\\out\\functionalities\\autocomplete\\node-completion.js:56:43)\n    at completeReference (c:\\Users\\bruno\\.vscode\\extensions\\uqbar.wollok-lsp-ide-0.3.3\\server\\out\\functionalities\\autocomplete\\node-completion.js:64:135)\n    at c:\\Users\\bruno\\.vscode\\extensions\\uqbar.wollok-lsp-ide-0.3.3\\node_modules\\wollok-ts\\dist\\extensions.js:84:20\n    at completionsForNode (c:\\Users\\bruno\\.vscode\\extensions\\uqbar.wollok-lsp-ide-0.3.3\\server\\out\\functionalities\\autocomplete\\node-completion.js:10:44)","timestamp":"2024-08-30T01:04:06.143Z"}
{"level":"error","message":"✘ Completions for node failed: Error: [Send]{ec2a7e} at prueba/example.wlk:7 exhausted all cases without a match [Send]{ec2a7e} at prueba/example.wlk:7 exhausted all cases without a match","stack":"Error: [Send]{ec2a7e} at prueba/example.wlk:7 exhausted all cases without a match\n    at c:\\Users\\bruno\\.vscode\\extensions\\uqbar.wollok-lsp-ide-0.3.3\\node_modules\\wollok-ts\\dist\\extensions.js:85:11\n    at completionsForNode (c:\\Users\\bruno\\.vscode\\extensions\\uqbar.wollok-lsp-ide-0.3.3\\server\\out\\functionalities\\autocomplete\\node-completion.js:10:44)\n    at completeForParent (c:\\Users\\bruno\\.vscode\\extensions\\uqbar.wollok-lsp-ide-0.3.3\\server\\out\\functionalities\\autocomplete\\node-completion.js:56:43)\n    at completeReference (c:\\Users\\bruno\\.vscode\\extensions\\uqbar.wollok-lsp-ide-0.3.3\\server\\out\\functionalities\\autocomplete\\node-completion.js:64:135)\n    at c:\\Users\\bruno\\.vscode\\extensions\\uqbar.wollok-lsp-ide-0.3.3\\node_modules\\wollok-ts\\dist\\extensions.js:84:20\n    at completionsForNode (c:\\Users\\bruno\\.vscode\\extensions\\uqbar.wollok-lsp-ide-0.3.3\\server\\out\\functionalities\\autocomplete\\node-completion.js:10:44)\n    at c:\\Users\\bruno\\.vscode\\extensions\\uqbar.wollok-lsp-ide-0.3.3\\server\\out\\functionalities\\autocomplete\\autocomplete.js:26:154\n    at c:\\Users\\bruno\\.vscode\\extensions\\uqbar.wollok-lsp-ide-0.3.3\\server\\out\\server.js:198:20\n    at c:\\Users\\bruno\\.vscode\\extensions\\uqbar.wollok-lsp-ide-0.3.3\\server\\node_modules\\vscode-languageserver\\lib\\common\\server.js:593:20\n    at handleRequest (c:\\Users\\bruno\\.vscode\\extensions\\uqbar.wollok-lsp-ide-0.3.3\\server\\node_modules\\vscode-jsonrpc\\lib\\common\\connection.js:493:41)","timestamp":"2024-08-30T01:04:06.292Z"}
{"level":"error","message":"✘ Completions for node failed: Error: [Send]{76829e} at prueba/example.wlk:-- exhausted all cases without a match [Send]{76829e} at prueba/example.wlk:-- exhausted all cases without a match","stack":"Error: [Send]{76829e} at prueba/example.wlk:-- exhausted all cases without a match\n    at c:\\Users\\bruno\\.vscode\\extensions\\uqbar.wollok-lsp-ide-0.3.3\\node_modules\\wollok-ts\\dist\\extensions.js:85:11\n    at completionsForNode (c:\\Users\\bruno\\.vscode\\extensions\\uqbar.wollok-lsp-ide-0.3.3\\server\\out\\functionalities\\autocomplete\\node-completion.js:10:44)\n    at completeForParent (c:\\Users\\bruno\\.vscode\\extensions\\uqbar.wollok-lsp-ide-0.3.3\\server\\out\\functionalities\\autocomplete\\node-completion.js:56:43)\n    at completionsForNode (c:\\Users\\bruno\\.vscode\\extensions\\uqbar.wollok-lsp-ide-0.3.3\\server\\out\\functionalities\\autocomplete\\node-completion.js:14:46)\n    at completeForParent (c:\\Users\\bruno\\.vscode\\extensions\\uqbar.wollok-lsp-ide-0.3.3\\server\\out\\functionalities\\autocomplete\\node-completion.js:56:43)\n    at completeReference (c:\\Users\\bruno\\.vscode\\extensions\\uqbar.wollok-lsp-ide-0.3.3\\server\\out\\functionalities\\autocomplete\\node-completion.js:64:135)\n    at c:\\Users\\bruno\\.vscode\\extensions\\uqbar.wollok-lsp-ide-0.3.3\\node_modules\\wollok-ts\\dist\\extensions.js:84:20\n    at completionsForNode (c:\\Users\\bruno\\.vscode\\extensions\\uqbar.wollok-lsp-ide-0.3.3\\server\\out\\functionalities\\autocomplete\\node-completion.js:10:44)\n    at c:\\Users\\bruno\\.vscode\\extensions\\uqbar.wollok-lsp-ide-0.3.3\\server\\out\\functionalities\\autocomplete\\autocomplete.js:26:154\n    at c:\\Users\\bruno\\.vscode\\extensions\\uqbar.wollok-lsp-ide-0.3.3\\server\\out\\server.js:198:20","timestamp":"2024-08-30T01:04:06.292Z"}
{"level":"error","message":"✘ Completions for node failed: Error: [Assignment]{019893} at prueba/example.wlk:7 exhausted all cases without a match [Assignment]{019893} at prueba/example.wlk:7 exhausted all cases without a match","stack":"Error: [Assignment]{019893} at prueba/example.wlk:7 exhausted all cases without a match\n    at c:\\Users\\bruno\\.vscode\\extensions\\uqbar.wollok-lsp-ide-0.3.3\\node_modules\\wollok-ts\\dist\\extensions.js:85:11\n    at completionsForNode (c:\\Users\\bruno\\.vscode\\extensions\\uqbar.wollok-lsp-ide-0.3.3\\server\\out\\functionalities\\autocomplete\\node-completion.js:10:44)\n    at completeForParent (c:\\Users\\bruno\\.vscode\\extensions\\uqbar.wollok-lsp-ide-0.3.3\\server\\out\\functionalities\\autocomplete\\node-completion.js:56:43)\n    at completionsForNode (c:\\Users\\bruno\\.vscode\\extensions\\uqbar.wollok-lsp-ide-0.3.3\\server\\out\\functionalities\\autocomplete\\node-completion.js:14:46)\n    at completeForParent (c:\\Users\\bruno\\.vscode\\extensions\\uqbar.wollok-lsp-ide-0.3.3\\server\\out\\functionalities\\autocomplete\\node-completion.js:56:43)\n    at completionsForNode (c:\\Users\\bruno\\.vscode\\extensions\\uqbar.wollok-lsp-ide-0.3.3\\server\\out\\functionalities\\autocomplete\\node-completion.js:14:46)\n    at completeForParent (c:\\Users\\bruno\\.vscode\\extensions\\uqbar.wollok-lsp-ide-0.3.3\\server\\out\\functionalities\\autocomplete\\node-completion.js:56:43)\n    at completeReference (c:\\Users\\bruno\\.vscode\\extensions\\uqbar.wollok-lsp-ide-0.3.3\\server\\out\\functionalities\\autocomplete\\node-completion.js:64:135)\n    at c:\\Users\\bruno\\.vscode\\extensions\\uqbar.wollok-lsp-ide-0.3.3\\node_modules\\wollok-ts\\dist\\extensions.js:84:20\n    at completionsForNode (c:\\Users\\bruno\\.vscode\\extensions\\uqbar.wollok-lsp-ide-0.3.3\\server\\out\\functionalities\\autocomplete\\node-completion.js:10:44)","timestamp":"2024-08-30T01:04:06.292Z"}
{"level":"error","message":"✘ Completions for node failed: Error: [Send]{aa5f41} at prueba/example.wlk:7 exhausted all cases without a match [Send]{aa5f41} at prueba/example.wlk:7 exhausted all cases without a match","stack":"Error: [Send]{aa5f41} at prueba/example.wlk:7 exhausted all cases without a match\n    at c:\\Users\\bruno\\.vscode\\extensions\\uqbar.wollok-lsp-ide-0.3.3\\node_modules\\wollok-ts\\dist\\extensions.js:85:11\n    at completionsForNode (c:\\Users\\bruno\\.vscode\\extensions\\uqbar.wollok-lsp-ide-0.3.3\\server\\out\\functionalities\\autocomplete\\node-completion.js:10:44)\n    at completeForParent (c:\\Users\\bruno\\.vscode\\extensions\\uqbar.wollok-lsp-ide-0.3.3\\server\\out\\functionalities\\autocomplete\\node-completion.js:56:43)\n    at completeReference (c:\\Users\\bruno\\.vscode\\extensions\\uqbar.wollok-lsp-ide-0.3.3\\server\\out\\functionalities\\autocomplete\\node-completion.js:64:135)\n    at c:\\Users\\bruno\\.vscode\\extensions\\uqbar.wollok-lsp-ide-0.3.3\\node_modules\\wollok-ts\\dist\\extensions.js:84:20\n    at completionsForNode (c:\\Users\\bruno\\.vscode\\extensions\\uqbar.wollok-lsp-ide-0.3.3\\server\\out\\functionalities\\autocomplete\\node-completion.js:10:44)\n    at c:\\Users\\bruno\\.vscode\\extensions\\uqbar.wollok-lsp-ide-0.3.3\\server\\out\\functionalities\\autocomplete\\autocomplete.js:26:154\n    at c:\\Users\\bruno\\.vscode\\extensions\\uqbar.wollok-lsp-ide-0.3.3\\server\\out\\server.js:198:20\n    at c:\\Users\\bruno\\.vscode\\extensions\\uqbar.wollok-lsp-ide-0.3.3\\server\\node_modules\\vscode-languageserver\\lib\\common\\server.js:593:20\n    at handleRequest (c:\\Users\\bruno\\.vscode\\extensions\\uqbar.wollok-lsp-ide-0.3.3\\server\\node_modules\\vscode-jsonrpc\\lib\\common\\connection.js:493:41)","timestamp":"2024-08-30T01:04:06.405Z"}
{"level":"error","message":"✘ Completions for node failed: Error: [Send]{4acd56} at prueba/example.wlk:-- exhausted all cases without a match [Send]{4acd56} at prueba/example.wlk:-- exhausted all cases without a match","stack":"Error: [Send]{4acd56} at prueba/example.wlk:-- exhausted all cases without a match\n    at c:\\Users\\bruno\\.vscode\\extensions\\uqbar.wollok-lsp-ide-0.3.3\\node_modules\\wollok-ts\\dist\\extensions.js:85:11\n    at completionsForNode (c:\\Users\\bruno\\.vscode\\extensions\\uqbar.wollok-lsp-ide-0.3.3\\server\\out\\functionalities\\autocomplete\\node-completion.js:10:44)\n    at completeForParent (c:\\Users\\bruno\\.vscode\\extensions\\uqbar.wollok-lsp-ide-0.3.3\\server\\out\\functionalities\\autocomplete\\node-completion.js:56:43)\n    at completionsForNode (c:\\Users\\bruno\\.vscode\\extensions\\uqbar.wollok-lsp-ide-0.3.3\\server\\out\\functionalities\\autocomplete\\node-completion.js:14:46)\n    at completeForParent (c:\\Users\\bruno\\.vscode\\extensions\\uqbar.wollok-lsp-ide-0.3.3\\server\\out\\functionalities\\autocomplete\\node-completion.js:56:43)\n    at completeReference (c:\\Users\\bruno\\.vscode\\extensions\\uqbar.wollok-lsp-ide-0.3.3\\server\\out\\functionalities\\autocomplete\\node-completion.js:64:135)\n    at c:\\Users\\bruno\\.vscode\\extensions\\uqbar.wollok-lsp-ide-0.3.3\\node_modules\\wollok-ts\\dist\\extensions.js:84:20\n    at completionsForNode (c:\\Users\\bruno\\.vscode\\extensions\\uqbar.wollok-lsp-ide-0.3.3\\server\\out\\functionalities\\autocomplete\\node-completion.js:10:44)\n    at c:\\Users\\bruno\\.vscode\\extensions\\uqbar.wollok-lsp-ide-0.3.3\\server\\out\\functionalities\\autocomplete\\autocomplete.js:26:154\n    at c:\\Users\\bruno\\.vscode\\extensions\\uqbar.wollok-lsp-ide-0.3.3\\server\\out\\server.js:198:20","timestamp":"2024-08-30T01:04:06.406Z"}
{"level":"error","message":"✘ Completions for node failed: Error: [Assignment]{8278e3} at prueba/example.wlk:7 exhausted all cases without a match [Assignment]{8278e3} at prueba/example.wlk:7 exhausted all cases without a match","stack":"Error: [Assignment]{8278e3} at prueba/example.wlk:7 exhausted all cases without a match\n    at c:\\Users\\bruno\\.vscode\\extensions\\uqbar.wollok-lsp-ide-0.3.3\\node_modules\\wollok-ts\\dist\\extensions.js:85:11\n    at completionsForNode (c:\\Users\\bruno\\.vscode\\extensions\\uqbar.wollok-lsp-ide-0.3.3\\server\\out\\functionalities\\autocomplete\\node-completion.js:10:44)\n    at completeForParent (c:\\Users\\bruno\\.vscode\\extensions\\uqbar.wollok-lsp-ide-0.3.3\\server\\out\\functionalities\\autocomplete\\node-completion.js:56:43)\n    at completionsForNode (c:\\Users\\bruno\\.vscode\\extensions\\uqbar.wollok-lsp-ide-0.3.3\\server\\out\\functionalities\\autocomplete\\node-completion.js:14:46)\n    at completeForParent (c:\\Users\\bruno\\.vscode\\extensions\\uqbar.wollok-lsp-ide-0.3.3\\server\\out\\functionalities\\autocomplete\\node-completion.js:56:43)\n    at completionsForNode (c:\\Users\\bruno\\.vscode\\extensions\\uqbar.wollok-lsp-ide-0.3.3\\server\\out\\functionalities\\autocomplete\\node-completion.js:14:46)\n    at completeForParent (c:\\Users\\bruno\\.vscode\\extensions\\uqbar.wollok-lsp-ide-0.3.3\\server\\out\\functionalities\\autocomplete\\node-completion.js:56:43)\n    at completeReference (c:\\Users\\bruno\\.vscode\\extensions\\uqbar.wollok-lsp-ide-0.3.3\\server\\out\\functionalities\\autocomplete\\node-completion.js:64:135)\n    at c:\\Users\\bruno\\.vscode\\extensions\\uqbar.wollok-lsp-ide-0.3.3\\node_modules\\wollok-ts\\dist\\extensions.js:84:20\n    at completionsForNode (c:\\Users\\bruno\\.vscode\\extensions\\uqbar.wollok-lsp-ide-0.3.3\\server\\out\\functionalities\\autocomplete\\node-completion.js:10:44)","timestamp":"2024-08-30T01:04:06.406Z"}
{"level":"error","message":"✘ Completions for node failed: Error: [Send]{dcc790} at prueba/example.wlk:7 exhausted all cases without a match [Send]{dcc790} at prueba/example.wlk:7 exhausted all cases without a match","stack":"Error: [Send]{dcc790} at prueba/example.wlk:7 exhausted all cases without a match\n    at c:\\Users\\bruno\\.vscode\\extensions\\uqbar.wollok-lsp-ide-0.3.3\\node_modules\\wollok-ts\\dist\\extensions.js:85:11\n    at completionsForNode (c:\\Users\\bruno\\.vscode\\extensions\\uqbar.wollok-lsp-ide-0.3.3\\server\\out\\functionalities\\autocomplete\\node-completion.js:10:44)\n    at completeForParent (c:\\Users\\bruno\\.vscode\\extensions\\uqbar.wollok-lsp-ide-0.3.3\\server\\out\\functionalities\\autocomplete\\node-completion.js:56:43)\n    at completeReference (c:\\Users\\bruno\\.vscode\\extensions\\uqbar.wollok-lsp-ide-0.3.3\\server\\out\\functionalities\\autocomplete\\node-completion.js:64:135)\n    at c:\\Users\\bruno\\.vscode\\extensions\\uqbar.wollok-lsp-ide-0.3.3\\node_modules\\wollok-ts\\dist\\extensions.js:84:20\n    at completionsForNode (c:\\Users\\bruno\\.vscode\\extensions\\uqbar.wollok-lsp-ide-0.3.3\\server\\out\\functionalities\\autocomplete\\node-completion.js:10:44)\n    at c:\\Users\\bruno\\.vscode\\extensions\\uqbar.wollok-lsp-ide-0.3.3\\server\\out\\functionalities\\autocomplete\\autocomplete.js:26:154\n    at c:\\Users\\bruno\\.vscode\\extensions\\uqbar.wollok-lsp-ide-0.3.3\\server\\out\\server.js:198:20\n    at c:\\Users\\bruno\\.vscode\\extensions\\uqbar.wollok-lsp-ide-0.3.3\\server\\node_modules\\vscode-languageserver\\lib\\common\\server.js:593:20\n    at handleRequest (c:\\Users\\bruno\\.vscode\\extensions\\uqbar.wollok-lsp-ide-0.3.3\\server\\node_modules\\vscode-jsonrpc\\lib\\common\\connection.js:493:41)","timestamp":"2024-08-30T01:04:06.993Z"}
{"level":"error","message":"✘ Completions for node failed: Error: [Send]{71e196} at prueba/example.wlk:-- exhausted all cases without a match [Send]{71e196} at prueba/example.wlk:-- exhausted all cases without a match","stack":"Error: [Send]{71e196} at prueba/example.wlk:-- exhausted all cases without a match\n    at c:\\Users\\bruno\\.vscode\\extensions\\uqbar.wollok-lsp-ide-0.3.3\\node_modules\\wollok-ts\\dist\\extensions.js:85:11\n    at completionsForNode (c:\\Users\\bruno\\.vscode\\extensions\\uqbar.wollok-lsp-ide-0.3.3\\server\\out\\functionalities\\autocomplete\\node-completion.js:10:44)\n    at completeForParent (c:\\Users\\bruno\\.vscode\\extensions\\uqbar.wollok-lsp-ide-0.3.3\\server\\out\\functionalities\\autocomplete\\node-completion.js:56:43)\n    at completionsForNode (c:\\Users\\bruno\\.vscode\\extensions\\uqbar.wollok-lsp-ide-0.3.3\\server\\out\\functionalities\\autocomplete\\node-completion.js:14:46)\n    at completeForParent (c:\\Users\\bruno\\.vscode\\extensions\\uqbar.wollok-lsp-ide-0.3.3\\server\\out\\functionalities\\autocomplete\\node-completion.js:56:43)\n    at completeReference (c:\\Users\\bruno\\.vscode\\extensions\\uqbar.wollok-lsp-ide-0.3.3\\server\\out\\functionalities\\autocomplete\\node-completion.js:64:135)\n    at c:\\Users\\bruno\\.vscode\\extensions\\uqbar.wollok-lsp-ide-0.3.3\\node_modules\\wollok-ts\\dist\\extensions.js:84:20\n    at completionsForNode (c:\\Users\\bruno\\.vscode\\extensions\\uqbar.wollok-lsp-ide-0.3.3\\server\\out\\functionalities\\autocomplete\\node-completion.js:10:44)\n    at c:\\Users\\bruno\\.vscode\\extensions\\uqbar.wollok-lsp-ide-0.3.3\\server\\out\\functionalities\\autocomplete\\autocomplete.js:26:154\n    at c:\\Users\\bruno\\.vscode\\extensions\\uqbar.wollok-lsp-ide-0.3.3\\server\\out\\server.js:198:20","timestamp":"2024-08-30T01:04:06.993Z"}
{"level":"error","message":"✘ Completions for node failed: Error: [Assignment]{d899ea} at prueba/example.wlk:7 exhausted all cases without a match [Assignment]{d899ea} at prueba/example.wlk:7 exhausted all cases without a match","stack":"Error: [Assignment]{d899ea} at prueba/example.wlk:7 exhausted all cases without a match\n    at c:\\Users\\bruno\\.vscode\\extensions\\uqbar.wollok-lsp-ide-0.3.3\\node_modules\\wollok-ts\\dist\\extensions.js:85:11\n    at completionsForNode (c:\\Users\\bruno\\.vscode\\extensions\\uqbar.wollok-lsp-ide-0.3.3\\server\\out\\functionalities\\autocomplete\\node-completion.js:10:44)\n    at completeForParent (c:\\Users\\bruno\\.vscode\\extensions\\uqbar.wollok-lsp-ide-0.3.3\\server\\out\\functionalities\\autocomplete\\node-completion.js:56:43)\n    at completionsForNode (c:\\Users\\bruno\\.vscode\\extensions\\uqbar.wollok-lsp-ide-0.3.3\\server\\out\\functionalities\\autocomplete\\node-completion.js:14:46)\n    at completeForParent (c:\\Users\\bruno\\.vscode\\extensions\\uqbar.wollok-lsp-ide-0.3.3\\server\\out\\functionalities\\autocomplete\\node-completion.js:56:43)\n    at completionsForNode (c:\\Users\\bruno\\.vscode\\extensions\\uqbar.wollok-lsp-ide-0.3.3\\server\\out\\functionalities\\autocomplete\\node-completion.js:14:46)\n    at completeForParent (c:\\Users\\bruno\\.vscode\\extensions\\uqbar.wollok-lsp-ide-0.3.3\\server\\out\\functionalities\\autocomplete\\node-completion.js:56:43)\n    at completeReference (c:\\Users\\bruno\\.vscode\\extensions\\uqbar.wollok-lsp-ide-0.3.3\\server\\out\\functionalities\\autocomplete\\node-completion.js:64:135)\n    at c:\\Users\\bruno\\.vscode\\extensions\\uqbar.wollok-lsp-ide-0.3.3\\node_modules\\wollok-ts\\dist\\extensions.js:84:20\n    at completionsForNode (c:\\Users\\bruno\\.vscode\\extensions\\uqbar.wollok-lsp-ide-0.3.3\\server\\out\\functionalities\\autocomplete\\node-completion.js:10:44)","timestamp":"2024-08-30T01:04:06.993Z"}
{"level":"error","message":"✘ Completions for node failed: Error: [Send]{a9e05a} at prueba/example.wlk:7 exhausted all cases without a match [Send]{a9e05a} at prueba/example.wlk:7 exhausted all cases without a match","stack":"Error: [Send]{a9e05a} at prueba/example.wlk:7 exhausted all cases without a match\n    at c:\\Users\\bruno\\.vscode\\extensions\\uqbar.wollok-lsp-ide-0.3.3\\node_modules\\wollok-ts\\dist\\extensions.js:85:11\n    at completionsForNode (c:\\Users\\bruno\\.vscode\\extensions\\uqbar.wollok-lsp-ide-0.3.3\\server\\out\\functionalities\\autocomplete\\node-completion.js:10:44)\n    at completeForParent (c:\\Users\\bruno\\.vscode\\extensions\\uqbar.wollok-lsp-ide-0.3.3\\server\\out\\functionalities\\autocomplete\\node-completion.js:56:43)\n    at completeReference (c:\\Users\\bruno\\.vscode\\extensions\\uqbar.wollok-lsp-ide-0.3.3\\server\\out\\functionalities\\autocomplete\\node-completion.js:64:135)\n    at c:\\Users\\bruno\\.vscode\\extensions\\uqbar.wollok-lsp-ide-0.3.3\\node_modules\\wollok-ts\\dist\\extensions.js:84:20\n    at completionsForNode (c:\\Users\\bruno\\.vscode\\extensions\\uqbar.wollok-lsp-ide-0.3.3\\server\\out\\functionalities\\autocomplete\\node-completion.js:10:44)\n    at c:\\Users\\bruno\\.vscode\\extensions\\uqbar.wollok-lsp-ide-0.3.3\\server\\out\\functionalities\\autocomplete\\autocomplete.js:26:154\n    at c:\\Users\\bruno\\.vscode\\extensions\\uqbar.wollok-lsp-ide-0.3.3\\server\\out\\server.js:198:20\n    at c:\\Users\\bruno\\.vscode\\extensions\\uqbar.wollok-lsp-ide-0.3.3\\server\\node_modules\\vscode-languageserver\\lib\\common\\server.js:593:20\n    at handleRequest (c:\\Users\\bruno\\.vscode\\extensions\\uqbar.wollok-lsp-ide-0.3.3\\server\\node_modules\\vscode-jsonrpc\\lib\\common\\connection.js:493:41)","timestamp":"2024-08-30T01:04:07.170Z"}
{"level":"error","message":"✘ Completions for node failed: Error: [Send]{8654b9} at prueba/example.wlk:-- exhausted all cases without a match [Send]{8654b9} at prueba/example.wlk:-- exhausted all cases without a match","stack":"Error: [Send]{8654b9} at prueba/example.wlk:-- exhausted all cases without a match\n    at c:\\Users\\bruno\\.vscode\\extensions\\uqbar.wollok-lsp-ide-0.3.3\\node_modules\\wollok-ts\\dist\\extensions.js:85:11\n    at completionsForNode (c:\\Users\\bruno\\.vscode\\extensions\\uqbar.wollok-lsp-ide-0.3.3\\server\\out\\functionalities\\autocomplete\\node-completion.js:10:44)\n    at completeForParent (c:\\Users\\bruno\\.vscode\\extensions\\uqbar.wollok-lsp-ide-0.3.3\\server\\out\\functionalities\\autocomplete\\node-completion.js:56:43)\n    at completionsForNode (c:\\Users\\bruno\\.vscode\\extensions\\uqbar.wollok-lsp-ide-0.3.3\\server\\out\\functionalities\\autocomplete\\node-completion.js:14:46)\n    at completeForParent (c:\\Users\\bruno\\.vscode\\extensions\\uqbar.wollok-lsp-ide-0.3.3\\server\\out\\functionalities\\autocomplete\\node-completion.js:56:43)\n    at completeReference (c:\\Users\\bruno\\.vscode\\extensions\\uqbar.wollok-lsp-ide-0.3.3\\server\\out\\functionalities\\autocomplete\\node-completion.js:64:135)\n    at c:\\Users\\bruno\\.vscode\\extensions\\uqbar.wollok-lsp-ide-0.3.3\\node_modules\\wollok-ts\\dist\\extensions.js:84:20\n    at completionsForNode (c:\\Users\\bruno\\.vscode\\extensions\\uqbar.wollok-lsp-ide-0.3.3\\server\\out\\functionalities\\autocomplete\\node-completion.js:10:44)\n    at c:\\Users\\bruno\\.vscode\\extensions\\uqbar.wollok-lsp-ide-0.3.3\\server\\out\\functionalities\\autocomplete\\autocomplete.js:26:154\n    at c:\\Users\\bruno\\.vscode\\extensions\\uqbar.wollok-lsp-ide-0.3.3\\server\\out\\server.js:198:20","timestamp":"2024-08-30T01:04:07.170Z"}
{"level":"error","message":"✘ Completions for node failed: Error: [Assignment]{64575a} at prueba/example.wlk:7 exhausted all cases without a match [Assignment]{64575a} at prueba/example.wlk:7 exhausted all cases without a match","stack":"Error: [Assignment]{64575a} at prueba/example.wlk:7 exhausted all cases without a match\n    at c:\\Users\\bruno\\.vscode\\extensions\\uqbar.wollok-lsp-ide-0.3.3\\node_modules\\wollok-ts\\dist\\extensions.js:85:11\n    at completionsForNode (c:\\Users\\bruno\\.vscode\\extensions\\uqbar.wollok-lsp-ide-0.3.3\\server\\out\\functionalities\\autocomplete\\node-completion.js:10:44)\n    at completeForParent (c:\\Users\\bruno\\.vscode\\extensions\\uqbar.wollok-lsp-ide-0.3.3\\server\\out\\functionalities\\autocomplete\\node-completion.js:56:43)\n    at completionsForNode (c:\\Users\\bruno\\.vscode\\extensions\\uqbar.wollok-lsp-ide-0.3.3\\server\\out\\functionalities\\autocomplete\\node-completion.js:14:46)\n    at completeForParent (c:\\Users\\bruno\\.vscode\\extensions\\uqbar.wollok-lsp-ide-0.3.3\\server\\out\\functionalities\\autocomplete\\node-completion.js:56:43)\n    at completionsForNode (c:\\Users\\bruno\\.vscode\\extensions\\uqbar.wollok-lsp-ide-0.3.3\\server\\out\\functionalities\\autocomplete\\node-completion.js:14:46)\n    at completeForParent (c:\\Users\\bruno\\.vscode\\extensions\\uqbar.wollok-lsp-ide-0.3.3\\server\\out\\functionalities\\autocomplete\\node-completion.js:56:43)\n    at completeReference (c:\\Users\\bruno\\.vscode\\extensions\\uqbar.wollok-lsp-ide-0.3.3\\server\\out\\functionalities\\autocomplete\\node-completion.js:64:135)\n    at c:\\Users\\bruno\\.vscode\\extensions\\uqbar.wollok-lsp-ide-0.3.3\\node_modules\\wollok-ts\\dist\\extensions.js:84:20\n    at completionsForNode (c:\\Users\\bruno\\.vscode\\extensions\\uqbar.wollok-lsp-ide-0.3.3\\server\\out\\functionalities\\autocomplete\\node-completion.js:10:44)","timestamp":"2024-08-30T01:04:07.170Z"}
{"level":"error","message":"✘ Completions for node failed: Error: [Send]{86de7d} at prueba/example.wlk:7 exhausted all cases without a match [Send]{86de7d} at prueba/example.wlk:7 exhausted all cases without a match","stack":"Error: [Send]{86de7d} at prueba/example.wlk:7 exhausted all cases without a match\n    at c:\\Users\\bruno\\.vscode\\extensions\\uqbar.wollok-lsp-ide-0.3.3\\node_modules\\wollok-ts\\dist\\extensions.js:85:11\n    at completionsForNode (c:\\Users\\bruno\\.vscode\\extensions\\uqbar.wollok-lsp-ide-0.3.3\\server\\out\\functionalities\\autocomplete\\node-completion.js:10:44)\n    at completeForParent (c:\\Users\\bruno\\.vscode\\extensions\\uqbar.wollok-lsp-ide-0.3.3\\server\\out\\functionalities\\autocomplete\\node-completion.js:56:43)\n    at completeReference (c:\\Users\\bruno\\.vscode\\extensions\\uqbar.wollok-lsp-ide-0.3.3\\server\\out\\functionalities\\autocomplete\\node-completion.js:64:135)\n    at c:\\Users\\bruno\\.vscode\\extensions\\uqbar.wollok-lsp-ide-0.3.3\\node_modules\\wollok-ts\\dist\\extensions.js:84:20\n    at completionsForNode (c:\\Users\\bruno\\.vscode\\extensions\\uqbar.wollok-lsp-ide-0.3.3\\server\\out\\functionalities\\autocomplete\\node-completion.js:10:44)\n    at c:\\Users\\bruno\\.vscode\\extensions\\uqbar.wollok-lsp-ide-0.3.3\\server\\out\\functionalities\\autocomplete\\autocomplete.js:26:154\n    at c:\\Users\\bruno\\.vscode\\extensions\\uqbar.wollok-lsp-ide-0.3.3\\server\\out\\server.js:198:20\n    at c:\\Users\\bruno\\.vscode\\extensions\\uqbar.wollok-lsp-ide-0.3.3\\server\\node_modules\\vscode-languageserver\\lib\\common\\server.js:593:20\n    at handleRequest (c:\\Users\\bruno\\.vscode\\extensions\\uqbar.wollok-lsp-ide-0.3.3\\server\\node_modules\\vscode-jsonrpc\\lib\\common\\connection.js:493:41)","timestamp":"2024-08-30T01:04:07.288Z"}
{"level":"error","message":"✘ Completions for node failed: Error: [Send]{1176e8} at prueba/example.wlk:-- exhausted all cases without a match [Send]{1176e8} at prueba/example.wlk:-- exhausted all cases without a match","stack":"Error: [Send]{1176e8} at prueba/example.wlk:-- exhausted all cases without a match\n    at c:\\Users\\bruno\\.vscode\\extensions\\uqbar.wollok-lsp-ide-0.3.3\\node_modules\\wollok-ts\\dist\\extensions.js:85:11\n    at completionsForNode (c:\\Users\\bruno\\.vscode\\extensions\\uqbar.wollok-lsp-ide-0.3.3\\server\\out\\functionalities\\autocomplete\\node-completion.js:10:44)\n    at completeForParent (c:\\Users\\bruno\\.vscode\\extensions\\uqbar.wollok-lsp-ide-0.3.3\\server\\out\\functionalities\\autocomplete\\node-completion.js:56:43)\n    at completionsForNode (c:\\Users\\bruno\\.vscode\\extensions\\uqbar.wollok-lsp-ide-0.3.3\\server\\out\\functionalities\\autocomplete\\node-completion.js:14:46)\n    at completeForParent (c:\\Users\\bruno\\.vscode\\extensions\\uqbar.wollok-lsp-ide-0.3.3\\server\\out\\functionalities\\autocomplete\\node-completion.js:56:43)\n    at completeReference (c:\\Users\\bruno\\.vscode\\extensions\\uqbar.wollok-lsp-ide-0.3.3\\server\\out\\functionalities\\autocomplete\\node-completion.js:64:135)\n    at c:\\Users\\bruno\\.vscode\\extensions\\uqbar.wollok-lsp-ide-0.3.3\\node_modules\\wollok-ts\\dist\\extensions.js:84:20\n    at completionsForNode (c:\\Users\\bruno\\.vscode\\extensions\\uqbar.wollok-lsp-ide-0.3.3\\server\\out\\functionalities\\autocomplete\\node-completion.js:10:44)\n    at c:\\Users\\bruno\\.vscode\\extensions\\uqbar.wollok-lsp-ide-0.3.3\\server\\out\\functionalities\\autocomplete\\autocomplete.js:26:154\n    at c:\\Users\\bruno\\.vscode\\extensions\\uqbar.wollok-lsp-ide-0.3.3\\server\\out\\server.js:198:20","timestamp":"2024-08-30T01:04:07.288Z"}
{"level":"error","message":"✘ Completions for node failed: Error: [Assignment]{6accfc} at prueba/example.wlk:7 exhausted all cases without a match [Assignment]{6accfc} at prueba/example.wlk:7 exhausted all cases without a match","stack":"Error: [Assignment]{6accfc} at prueba/example.wlk:7 exhausted all cases without a match\n    at c:\\Users\\bruno\\.vscode\\extensions\\uqbar.wollok-lsp-ide-0.3.3\\node_modules\\wollok-ts\\dist\\extensions.js:85:11\n    at completionsForNode (c:\\Users\\bruno\\.vscode\\extensions\\uqbar.wollok-lsp-ide-0.3.3\\server\\out\\functionalities\\autocomplete\\node-completion.js:10:44)\n    at completeForParent (c:\\Users\\bruno\\.vscode\\extensions\\uqbar.wollok-lsp-ide-0.3.3\\server\\out\\functionalities\\autocomplete\\node-completion.js:56:43)\n    at completionsForNode (c:\\Users\\bruno\\.vscode\\extensions\\uqbar.wollok-lsp-ide-0.3.3\\server\\out\\functionalities\\autocomplete\\node-completion.js:14:46)\n    at completeForParent (c:\\Users\\bruno\\.vscode\\extensions\\uqbar.wollok-lsp-ide-0.3.3\\server\\out\\functionalities\\autocomplete\\node-completion.js:56:43)\n    at completionsForNode (c:\\Users\\bruno\\.vscode\\extensions\\uqbar.wollok-lsp-ide-0.3.3\\server\\out\\functionalities\\autocomplete\\node-completion.js:14:46)\n    at completeForParent (c:\\Users\\bruno\\.vscode\\extensions\\uqbar.wollok-lsp-ide-0.3.3\\server\\out\\functionalities\\autocomplete\\node-completion.js:56:43)\n    at completeReference (c:\\Users\\bruno\\.vscode\\extensions\\uqbar.wollok-lsp-ide-0.3.3\\server\\out\\functionalities\\autocomplete\\node-completion.js:64:135)\n    at c:\\Users\\bruno\\.vscode\\extensions\\uqbar.wollok-lsp-ide-0.3.3\\node_modules\\wollok-ts\\dist\\extensions.js:84:20\n    at completionsForNode (c:\\Users\\bruno\\.vscode\\extensions\\uqbar.wollok-lsp-ide-0.3.3\\server\\out\\functionalities\\autocomplete\\node-completion.js:10:44)","timestamp":"2024-08-30T01:04:07.288Z"}
{"level":"error","message":"✘ Completions for node failed: Error: [Send]{b0f95e} at prueba/example.wlk:-- exhausted all cases without a match [Send]{b0f95e} at prueba/example.wlk:-- exhausted all cases without a match","stack":"Error: [Send]{b0f95e} at prueba/example.wlk:-- exhausted all cases without a match\n    at c:\\Users\\bruno\\.vscode\\extensions\\uqbar.wollok-lsp-ide-0.3.3\\node_modules\\wollok-ts\\dist\\extensions.js:85:11\n    at completionsForNode (c:\\Users\\bruno\\.vscode\\extensions\\uqbar.wollok-lsp-ide-0.3.3\\server\\out\\functionalities\\autocomplete\\node-completion.js:10:44)\n    at completeForParent (c:\\Users\\bruno\\.vscode\\extensions\\uqbar.wollok-lsp-ide-0.3.3\\server\\out\\functionalities\\autocomplete\\node-completion.js:56:43)\n    at completeReference (c:\\Users\\bruno\\.vscode\\extensions\\uqbar.wollok-lsp-ide-0.3.3\\server\\out\\functionalities\\autocomplete\\node-completion.js:64:135)\n    at c:\\Users\\bruno\\.vscode\\extensions\\uqbar.wollok-lsp-ide-0.3.3\\node_modules\\wollok-ts\\dist\\extensions.js:84:20\n    at completionsForNode (c:\\Users\\bruno\\.vscode\\extensions\\uqbar.wollok-lsp-ide-0.3.3\\server\\out\\functionalities\\autocomplete\\node-completion.js:10:44)\n    at c:\\Users\\bruno\\.vscode\\extensions\\uqbar.wollok-lsp-ide-0.3.3\\server\\out\\functionalities\\autocomplete\\autocomplete.js:26:154\n    at c:\\Users\\bruno\\.vscode\\extensions\\uqbar.wollok-lsp-ide-0.3.3\\server\\out\\server.js:198:20\n    at c:\\Users\\bruno\\.vscode\\extensions\\uqbar.wollok-lsp-ide-0.3.3\\server\\node_modules\\vscode-languageserver\\lib\\common\\server.js:593:20\n    at handleRequest (c:\\Users\\bruno\\.vscode\\extensions\\uqbar.wollok-lsp-ide-0.3.3\\server\\node_modules\\vscode-jsonrpc\\lib\\common\\connection.js:493:41)","timestamp":"2024-08-30T01:04:09.425Z"}
{"level":"error","message":"✘ Completions for node failed: Error: [Assignment]{51087e} at prueba/example.wlk:7 exhausted all cases without a match [Assignment]{51087e} at prueba/example.wlk:7 exhausted all cases without a match","stack":"Error: [Assignment]{51087e} at prueba/example.wlk:7 exhausted all cases without a match\n    at c:\\Users\\bruno\\.vscode\\extensions\\uqbar.wollok-lsp-ide-0.3.3\\node_modules\\wollok-ts\\dist\\extensions.js:85:11\n    at completionsForNode (c:\\Users\\bruno\\.vscode\\extensions\\uqbar.wollok-lsp-ide-0.3.3\\server\\out\\functionalities\\autocomplete\\node-completion.js:10:44)\n    at completeForParent (c:\\Users\\bruno\\.vscode\\extensions\\uqbar.wollok-lsp-ide-0.3.3\\server\\out\\functionalities\\autocomplete\\node-completion.js:56:43)\n    at completionsForNode (c:\\Users\\bruno\\.vscode\\extensions\\uqbar.wollok-lsp-ide-0.3.3\\server\\out\\functionalities\\autocomplete\\node-completion.js:14:46)\n    at completeForParent (c:\\Users\\bruno\\.vscode\\extensions\\uqbar.wollok-lsp-ide-0.3.3\\server\\out\\functionalities\\autocomplete\\node-completion.js:56:43)\n    at completeReference (c:\\Users\\bruno\\.vscode\\extensions\\uqbar.wollok-lsp-ide-0.3.3\\server\\out\\functionalities\\autocomplete\\node-completion.js:64:135)\n    at c:\\Users\\bruno\\.vscode\\extensions\\uqbar.wollok-lsp-ide-0.3.3\\node_modules\\wollok-ts\\dist\\extensions.js:84:20\n    at completionsForNode (c:\\Users\\bruno\\.vscode\\extensions\\uqbar.wollok-lsp-ide-0.3.3\\server\\out\\functionalities\\autocomplete\\node-completion.js:10:44)\n    at c:\\Users\\bruno\\.vscode\\extensions\\uqbar.wollok-lsp-ide-0.3.3\\server\\out\\functionalities\\autocomplete\\autocomplete.js:26:154\n    at c:\\Users\\bruno\\.vscode\\extensions\\uqbar.wollok-lsp-ide-0.3.3\\server\\out\\server.js:198:20","timestamp":"2024-08-30T01:04:09.425Z"}
{"level":"info","message":"onRequest - completionItem/resolve","timestamp":"2024-08-30T01:04:09.489Z"}
{"level":"info","message":"onRequest - completionItem/resolve","timestamp":"2024-08-30T01:04:10.544Z"}
{"level":"info","message":"onRequest - completionItem/resolve","timestamp":"2024-08-30T01:04:10.989Z"}
{"level":"info","message":"onRequest - completionItem/resolve","timestamp":"2024-08-30T01:04:11.161Z"}
{"level":"info","message":"onRequest - completionItem/resolve","timestamp":"2024-08-30T01:04:11.370Z"}
{"level":"error","message":"✘ Completions for node failed: Error: [Send]{203686} at prueba/example.wlk:-- exhausted all cases without a match [Send]{203686} at prueba/example.wlk:-- exhausted all cases without a match","stack":"Error: [Send]{203686} at prueba/example.wlk:-- exhausted all cases without a match\n    at c:\\Users\\bruno\\.vscode\\extensions\\uqbar.wollok-lsp-ide-0.3.3\\node_modules\\wollok-ts\\dist\\extensions.js:85:11\n    at completionsForNode (c:\\Users\\bruno\\.vscode\\extensions\\uqbar.wollok-lsp-ide-0.3.3\\server\\out\\functionalities\\autocomplete\\node-completion.js:10:44)\n    at completeForParent (c:\\Users\\bruno\\.vscode\\extensions\\uqbar.wollok-lsp-ide-0.3.3\\server\\out\\functionalities\\autocomplete\\node-completion.js:56:43)\n    at completeReference (c:\\Users\\bruno\\.vscode\\extensions\\uqbar.wollok-lsp-ide-0.3.3\\server\\out\\functionalities\\autocomplete\\node-completion.js:64:135)\n    at c:\\Users\\bruno\\.vscode\\extensions\\uqbar.wollok-lsp-ide-0.3.3\\node_modules\\wollok-ts\\dist\\extensions.js:84:20\n    at completionsForNode (c:\\Users\\bruno\\.vscode\\extensions\\uqbar.wollok-lsp-ide-0.3.3\\server\\out\\functionalities\\autocomplete\\node-completion.js:10:44)\n    at c:\\Users\\bruno\\.vscode\\extensions\\uqbar.wollok-lsp-ide-0.3.3\\server\\out\\functionalities\\autocomplete\\autocomplete.js:26:154\n    at c:\\Users\\bruno\\.vscode\\extensions\\uqbar.wollok-lsp-ide-0.3.3\\server\\out\\server.js:198:20\n    at c:\\Users\\bruno\\.vscode\\extensions\\uqbar.wollok-lsp-ide-0.3.3\\server\\node_modules\\vscode-languageserver\\lib\\common\\server.js:593:20\n    at handleRequest (c:\\Users\\bruno\\.vscode\\extensions\\uqbar.wollok-lsp-ide-0.3.3\\server\\node_modules\\vscode-jsonrpc\\lib\\common\\connection.js:493:41)","timestamp":"2024-08-30T01:04:11.512Z"}
{"level":"error","message":"✘ Completions for node failed: Error: [Assignment]{a6ca87} at prueba/example.wlk:7 exhausted all cases without a match [Assignment]{a6ca87} at prueba/example.wlk:7 exhausted all cases without a match","stack":"Error: [Assignment]{a6ca87} at prueba/example.wlk:7 exhausted all cases without a match\n    at c:\\Users\\bruno\\.vscode\\extensions\\uqbar.wollok-lsp-ide-0.3.3\\node_modules\\wollok-ts\\dist\\extensions.js:85:11\n    at completionsForNode (c:\\Users\\bruno\\.vscode\\extensions\\uqbar.wollok-lsp-ide-0.3.3\\server\\out\\functionalities\\autocomplete\\node-completion.js:10:44)\n    at completeForParent (c:\\Users\\bruno\\.vscode\\extensions\\uqbar.wollok-lsp-ide-0.3.3\\server\\out\\functionalities\\autocomplete\\node-completion.js:56:43)\n    at completionsForNode (c:\\Users\\bruno\\.vscode\\extensions\\uqbar.wollok-lsp-ide-0.3.3\\server\\out\\functionalities\\autocomplete\\node-completion.js:14:46)\n    at completeForParent (c:\\Users\\bruno\\.vscode\\extensions\\uqbar.wollok-lsp-ide-0.3.3\\server\\out\\functionalities\\autocomplete\\node-completion.js:56:43)\n    at completeReference (c:\\Users\\bruno\\.vscode\\extensions\\uqbar.wollok-lsp-ide-0.3.3\\server\\out\\functionalities\\autocomplete\\node-completion.js:64:135)\n    at c:\\Users\\bruno\\.vscode\\extensions\\uqbar.wollok-lsp-ide-0.3.3\\node_modules\\wollok-ts\\dist\\extensions.js:84:20\n    at completionsForNode (c:\\Users\\bruno\\.vscode\\extensions\\uqbar.wollok-lsp-ide-0.3.3\\server\\out\\functionalities\\autocomplete\\node-completion.js:10:44)\n    at c:\\Users\\bruno\\.vscode\\extensions\\uqbar.wollok-lsp-ide-0.3.3\\server\\out\\functionalities\\autocomplete\\autocomplete.js:26:154\n    at c:\\Users\\bruno\\.vscode\\extensions\\uqbar.wollok-lsp-ide-0.3.3\\server\\out\\server.js:198:20","timestamp":"2024-08-30T01:04:11.512Z"}
{"level":"error","message":"✘ Completions for node failed: Error: [Send]{235128} at prueba/example.wlk:-- exhausted all cases without a match [Send]{235128} at prueba/example.wlk:-- exhausted all cases without a match","stack":"Error: [Send]{235128} at prueba/example.wlk:-- exhausted all cases without a match\n    at c:\\Users\\bruno\\.vscode\\extensions\\uqbar.wollok-lsp-ide-0.3.3\\node_modules\\wollok-ts\\dist\\extensions.js:85:11\n    at completionsForNode (c:\\Users\\bruno\\.vscode\\extensions\\uqbar.wollok-lsp-ide-0.3.3\\server\\out\\functionalities\\autocomplete\\node-completion.js:10:44)\n    at completeForParent (c:\\Users\\bruno\\.vscode\\extensions\\uqbar.wollok-lsp-ide-0.3.3\\server\\out\\functionalities\\autocomplete\\node-completion.js:56:43)\n    at completeReference (c:\\Users\\bruno\\.vscode\\extensions\\uqbar.wollok-lsp-ide-0.3.3\\server\\out\\functionalities\\autocomplete\\node-completion.js:64:135)\n    at c:\\Users\\bruno\\.vscode\\extensions\\uqbar.wollok-lsp-ide-0.3.3\\node_modules\\wollok-ts\\dist\\extensions.js:84:20\n    at completionsForNode (c:\\Users\\bruno\\.vscode\\extensions\\uqbar.wollok-lsp-ide-0.3.3\\server\\out\\functionalities\\autocomplete\\node-completion.js:10:44)\n    at c:\\Users\\bruno\\.vscode\\extensions\\uqbar.wollok-lsp-ide-0.3.3\\server\\out\\functionalities\\autocomplete\\autocomplete.js:26:154\n    at c:\\Users\\bruno\\.vscode\\extensions\\uqbar.wollok-lsp-ide-0.3.3\\server\\out\\server.js:198:20\n    at c:\\Users\\bruno\\.vscode\\extensions\\uqbar.wollok-lsp-ide-0.3.3\\server\\node_modules\\vscode-languageserver\\lib\\common\\server.js:593:20\n    at handleRequest (c:\\Users\\bruno\\.vscode\\extensions\\uqbar.wollok-lsp-ide-0.3.3\\server\\node_modules\\vscode-jsonrpc\\lib\\common\\connection.js:493:41)","timestamp":"2024-08-30T01:04:11.670Z"}
{"level":"error","message":"✘ Completions for node failed: Error: [Assignment]{307116} at prueba/example.wlk:7 exhausted all cases without a match [Assignment]{307116} at prueba/example.wlk:7 exhausted all cases without a match","stack":"Error: [Assignment]{307116} at prueba/example.wlk:7 exhausted all cases without a match\n    at c:\\Users\\bruno\\.vscode\\extensions\\uqbar.wollok-lsp-ide-0.3.3\\node_modules\\wollok-ts\\dist\\extensions.js:85:11\n    at completionsForNode (c:\\Users\\bruno\\.vscode\\extensions\\uqbar.wollok-lsp-ide-0.3.3\\server\\out\\functionalities\\autocomplete\\node-completion.js:10:44)\n    at completeForParent (c:\\Users\\bruno\\.vscode\\extensions\\uqbar.wollok-lsp-ide-0.3.3\\server\\out\\functionalities\\autocomplete\\node-completion.js:56:43)\n    at completionsForNode (c:\\Users\\bruno\\.vscode\\extensions\\uqbar.wollok-lsp-ide-0.3.3\\server\\out\\functionalities\\autocomplete\\node-completion.js:14:46)\n    at completeForParent (c:\\Users\\bruno\\.vscode\\extensions\\uqbar.wollok-lsp-ide-0.3.3\\server\\out\\functionalities\\autocomplete\\node-completion.js:56:43)\n    at completeReference (c:\\Users\\bruno\\.vscode\\extensions\\uqbar.wollok-lsp-ide-0.3.3\\server\\out\\functionalities\\autocomplete\\node-completion.js:64:135)\n    at c:\\Users\\bruno\\.vscode\\extensions\\uqbar.wollok-lsp-ide-0.3.3\\node_modules\\wollok-ts\\dist\\extensions.js:84:20\n    at completionsForNode (c:\\Users\\bruno\\.vscode\\extensions\\uqbar.wollok-lsp-ide-0.3.3\\server\\out\\functionalities\\autocomplete\\node-completion.js:10:44)\n    at c:\\Users\\bruno\\.vscode\\extensions\\uqbar.wollok-lsp-ide-0.3.3\\server\\out\\functionalities\\autocomplete\\autocomplete.js:26:154\n    at c:\\Users\\bruno\\.vscode\\extensions\\uqbar.wollok-lsp-ide-0.3.3\\server\\out\\server.js:198:20","timestamp":"2024-08-30T01:04:11.670Z"}
{"level":"error","message":"✘ Completions for node failed: Error: [Send]{af2514} at prueba/example.wlk:-- exhausted all cases without a match [Send]{af2514} at prueba/example.wlk:-- exhausted all cases without a match","stack":"Error: [Send]{af2514} at prueba/example.wlk:-- exhausted all cases without a match\n    at c:\\Users\\bruno\\.vscode\\extensions\\uqbar.wollok-lsp-ide-0.3.3\\node_modules\\wollok-ts\\dist\\extensions.js:85:11\n    at completionsForNode (c:\\Users\\bruno\\.vscode\\extensions\\uqbar.wollok-lsp-ide-0.3.3\\server\\out\\functionalities\\autocomplete\\node-completion.js:10:44)\n    at completeForParent (c:\\Users\\bruno\\.vscode\\extensions\\uqbar.wollok-lsp-ide-0.3.3\\server\\out\\functionalities\\autocomplete\\node-completion.js:56:43)\n    at completeReference (c:\\Users\\bruno\\.vscode\\extensions\\uqbar.wollok-lsp-ide-0.3.3\\server\\out\\functionalities\\autocomplete\\node-completion.js:64:135)\n    at c:\\Users\\bruno\\.vscode\\extensions\\uqbar.wollok-lsp-ide-0.3.3\\node_modules\\wollok-ts\\dist\\extensions.js:84:20\n    at completionsForNode (c:\\Users\\bruno\\.vscode\\extensions\\uqbar.wollok-lsp-ide-0.3.3\\server\\out\\functionalities\\autocomplete\\node-completion.js:10:44)\n    at c:\\Users\\bruno\\.vscode\\extensions\\uqbar.wollok-lsp-ide-0.3.3\\server\\out\\functionalities\\autocomplete\\autocomplete.js:26:154\n    at c:\\Users\\bruno\\.vscode\\extensions\\uqbar.wollok-lsp-ide-0.3.3\\server\\out\\server.js:198:20\n    at c:\\Users\\bruno\\.vscode\\extensions\\uqbar.wollok-lsp-ide-0.3.3\\server\\node_modules\\vscode-languageserver\\lib\\common\\server.js:593:20\n    at handleRequest (c:\\Users\\bruno\\.vscode\\extensions\\uqbar.wollok-lsp-ide-0.3.3\\server\\node_modules\\vscode-jsonrpc\\lib\\common\\connection.js:493:41)","timestamp":"2024-08-30T01:04:12.410Z"}
{"level":"error","message":"✘ Completions for node failed: Error: [Assignment]{c2abf4} at prueba/example.wlk:7 exhausted all cases without a match [Assignment]{c2abf4} at prueba/example.wlk:7 exhausted all cases without a match","stack":"Error: [Assignment]{c2abf4} at prueba/example.wlk:7 exhausted all cases without a match\n    at c:\\Users\\bruno\\.vscode\\extensions\\uqbar.wollok-lsp-ide-0.3.3\\node_modules\\wollok-ts\\dist\\extensions.js:85:11\n    at completionsForNode (c:\\Users\\bruno\\.vscode\\extensions\\uqbar.wollok-lsp-ide-0.3.3\\server\\out\\functionalities\\autocomplete\\node-completion.js:10:44)\n    at completeForParent (c:\\Users\\bruno\\.vscode\\extensions\\uqbar.wollok-lsp-ide-0.3.3\\server\\out\\functionalities\\autocomplete\\node-completion.js:56:43)\n    at completionsForNode (c:\\Users\\bruno\\.vscode\\extensions\\uqbar.wollok-lsp-ide-0.3.3\\server\\out\\functionalities\\autocomplete\\node-completion.js:14:46)\n    at completeForParent (c:\\Users\\bruno\\.vscode\\extensions\\uqbar.wollok-lsp-ide-0.3.3\\server\\out\\functionalities\\autocomplete\\node-completion.js:56:43)\n    at completeReference (c:\\Users\\bruno\\.vscode\\extensions\\uqbar.wollok-lsp-ide-0.3.3\\server\\out\\functionalities\\autocomplete\\node-completion.js:64:135)\n    at c:\\Users\\bruno\\.vscode\\extensions\\uqbar.wollok-lsp-ide-0.3.3\\node_modules\\wollok-ts\\dist\\extensions.js:84:20\n    at completionsForNode (c:\\Users\\bruno\\.vscode\\extensions\\uqbar.wollok-lsp-ide-0.3.3\\server\\out\\functionalities\\autocomplete\\node-completion.js:10:44)\n    at c:\\Users\\bruno\\.vscode\\extensions\\uqbar.wollok-lsp-ide-0.3.3\\server\\out\\functionalities\\autocomplete\\autocomplete.js:26:154\n    at c:\\Users\\bruno\\.vscode\\extensions\\uqbar.wollok-lsp-ide-0.3.3\\server\\out\\server.js:198:20","timestamp":"2024-08-30T01:04:12.410Z"}
{"level":"error","message":"✘ Completions for node failed: Error: [Send]{ca2c28} at prueba/example.wlk:-- exhausted all cases without a match [Send]{ca2c28} at prueba/example.wlk:-- exhausted all cases without a match","stack":"Error: [Send]{ca2c28} at prueba/example.wlk:-- exhausted all cases without a match\n    at c:\\Users\\bruno\\.vscode\\extensions\\uqbar.wollok-lsp-ide-0.3.3\\node_modules\\wollok-ts\\dist\\extensions.js:85:11\n    at completionsForNode (c:\\Users\\bruno\\.vscode\\extensions\\uqbar.wollok-lsp-ide-0.3.3\\server\\out\\functionalities\\autocomplete\\node-completion.js:10:44)\n    at completeForParent (c:\\Users\\bruno\\.vscode\\extensions\\uqbar.wollok-lsp-ide-0.3.3\\server\\out\\functionalities\\autocomplete\\node-completion.js:56:43)\n    at completeReference (c:\\Users\\bruno\\.vscode\\extensions\\uqbar.wollok-lsp-ide-0.3.3\\server\\out\\functionalities\\autocomplete\\node-completion.js:64:135)\n    at c:\\Users\\bruno\\.vscode\\extensions\\uqbar.wollok-lsp-ide-0.3.3\\node_modules\\wollok-ts\\dist\\extensions.js:84:20\n    at completionsForNode (c:\\Users\\bruno\\.vscode\\extensions\\uqbar.wollok-lsp-ide-0.3.3\\server\\out\\functionalities\\autocomplete\\node-completion.js:10:44)\n    at c:\\Users\\bruno\\.vscode\\extensions\\uqbar.wollok-lsp-ide-0.3.3\\server\\out\\functionalities\\autocomplete\\autocomplete.js:26:154\n    at c:\\Users\\bruno\\.vscode\\extensions\\uqbar.wollok-lsp-ide-0.3.3\\server\\out\\server.js:198:20\n    at c:\\Users\\bruno\\.vscode\\extensions\\uqbar.wollok-lsp-ide-0.3.3\\server\\node_modules\\vscode-languageserver\\lib\\common\\server.js:593:20\n    at handleRequest (c:\\Users\\bruno\\.vscode\\extensions\\uqbar.wollok-lsp-ide-0.3.3\\server\\node_modules\\vscode-jsonrpc\\lib\\common\\connection.js:493:41)","timestamp":"2024-08-30T01:04:12.535Z"}
{"level":"error","message":"✘ Completions for node failed: Error: [Assignment]{dcc031} at prueba/example.wlk:7 exhausted all cases without a match [Assignment]{dcc031} at prueba/example.wlk:7 exhausted all cases without a match","stack":"Error: [Assignment]{dcc031} at prueba/example.wlk:7 exhausted all cases without a match\n    at c:\\Users\\bruno\\.vscode\\extensions\\uqbar.wollok-lsp-ide-0.3.3\\node_modules\\wollok-ts\\dist\\extensions.js:85:11\n    at completionsForNode (c:\\Users\\bruno\\.vscode\\extensions\\uqbar.wollok-lsp-ide-0.3.3\\server\\out\\functionalities\\autocomplete\\node-completion.js:10:44)\n    at completeForParent (c:\\Users\\bruno\\.vscode\\extensions\\uqbar.wollok-lsp-ide-0.3.3\\server\\out\\functionalities\\autocomplete\\node-completion.js:56:43)\n    at completionsForNode (c:\\Users\\bruno\\.vscode\\extensions\\uqbar.wollok-lsp-ide-0.3.3\\server\\out\\functionalities\\autocomplete\\node-completion.js:14:46)\n    at completeForParent (c:\\Users\\bruno\\.vscode\\extensions\\uqbar.wollok-lsp-ide-0.3.3\\server\\out\\functionalities\\autocomplete\\node-completion.js:56:43)\n    at completeReference (c:\\Users\\bruno\\.vscode\\extensions\\uqbar.wollok-lsp-ide-0.3.3\\server\\out\\functionalities\\autocomplete\\node-completion.js:64:135)\n    at c:\\Users\\bruno\\.vscode\\extensions\\uqbar.wollok-lsp-ide-0.3.3\\node_modules\\wollok-ts\\dist\\extensions.js:84:20\n    at completionsForNode (c:\\Users\\bruno\\.vscode\\extensions\\uqbar.wollok-lsp-ide-0.3.3\\server\\out\\functionalities\\autocomplete\\node-completion.js:10:44)\n    at c:\\Users\\bruno\\.vscode\\extensions\\uqbar.wollok-lsp-ide-0.3.3\\server\\out\\functionalities\\autocomplete\\autocomplete.js:26:154\n    at c:\\Users\\bruno\\.vscode\\extensions\\uqbar.wollok-lsp-ide-0.3.3\\server\\out\\server.js:198:20","timestamp":"2024-08-30T01:04:12.535Z"}
{"level":"info","message":"onRequest - completionItem/resolve","timestamp":"2024-08-30T01:04:18.693Z"}
{"level":"info","message":"onRequest - completionItem/resolve","timestamp":"2024-08-30T01:04:23.768Z"}
{"level":"info","message":"onRequest - completionItem/resolve","timestamp":"2024-08-30T01:04:23.808Z"}
{"level":"info","message":"onRequest - completionItem/resolve","timestamp":"2024-08-30T01:04:28.141Z"}
{"level":"info","message":"onRequest - completionItem/resolve","timestamp":"2024-08-30T01:04:34.554Z"}
{"level":"info","message":"onRequest - completionItem/resolve","timestamp":"2024-08-30T01:04:36.199Z"}
{"level":"info","message":"onRequest - completionItem/resolve","timestamp":"2024-08-30T01:04:41.051Z"}
{"level":"info","message":"onRequest - completionItem/resolve","timestamp":"2024-08-30T01:04:41.089Z"}
{"level":"info","message":"onRequest - completionItem/resolve","timestamp":"2024-08-30T01:04:41.273Z"}
{"level":"info","message":"onRequest - completionItem/resolve","timestamp":"2024-08-30T01:04:58.660Z"}
{"level":"info","message":"onRequest - completionItem/resolve","timestamp":"2024-08-30T01:04:58.701Z"}
{"level":"info","message":"onRequest - completionItem/resolve","timestamp":"2024-08-30T01:04:58.810Z"}
{"level":"info","message":"onRequest - completionItem/resolve","timestamp":"2024-08-30T01:06:55.034Z"}
{"level":"error","message":"✘ Completions for node failed: Error: [Send]{025e87} at prueba/testExample.wtest:6 exhausted all cases without a match [Send]{025e87} at prueba/testExample.wtest:6 exhausted all cases without a match","stack":"Error: [Send]{025e87} at prueba/testExample.wtest:6 exhausted all cases without a match\n    at c:\\Users\\bruno\\.vscode\\extensions\\uqbar.wollok-lsp-ide-0.3.3\\node_modules\\wollok-ts\\dist\\extensions.js:85:11\n    at completionsForNode (c:\\Users\\bruno\\.vscode\\extensions\\uqbar.wollok-lsp-ide-0.3.3\\server\\out\\functionalities\\autocomplete\\node-completion.js:10:44)\n    at completeForParent (c:\\Users\\bruno\\.vscode\\extensions\\uqbar.wollok-lsp-ide-0.3.3\\server\\out\\functionalities\\autocomplete\\node-completion.js:56:43)\n    at completeReference (c:\\Users\\bruno\\.vscode\\extensions\\uqbar.wollok-lsp-ide-0.3.3\\server\\out\\functionalities\\autocomplete\\node-completion.js:64:135)\n    at c:\\Users\\bruno\\.vscode\\extensions\\uqbar.wollok-lsp-ide-0.3.3\\node_modules\\wollok-ts\\dist\\extensions.js:84:20\n    at completionsForNode (c:\\Users\\bruno\\.vscode\\extensions\\uqbar.wollok-lsp-ide-0.3.3\\server\\out\\functionalities\\autocomplete\\node-completion.js:10:44)\n    at c:\\Users\\bruno\\.vscode\\extensions\\uqbar.wollok-lsp-ide-0.3.3\\server\\out\\functionalities\\autocomplete\\autocomplete.js:26:154\n    at c:\\Users\\bruno\\.vscode\\extensions\\uqbar.wollok-lsp-ide-0.3.3\\server\\out\\server.js:198:20\n    at c:\\Users\\bruno\\.vscode\\extensions\\uqbar.wollok-lsp-ide-0.3.3\\server\\node_modules\\vscode-languageserver\\lib\\common\\server.js:593:20\n    at handleRequest (c:\\Users\\bruno\\.vscode\\extensions\\uqbar.wollok-lsp-ide-0.3.3\\server\\node_modules\\vscode-jsonrpc\\lib\\common\\connection.js:493:41)","timestamp":"2024-08-30T01:07:14.226Z"}
{"level":"error","message":"✘ Completions for node failed: Error: [Send]{512841} at prueba/testExample.wtest:6 exhausted all cases without a match [Send]{512841} at prueba/testExample.wtest:6 exhausted all cases without a match","stack":"Error: [Send]{512841} at prueba/testExample.wtest:6 exhausted all cases without a match\n    at c:\\Users\\bruno\\.vscode\\extensions\\uqbar.wollok-lsp-ide-0.3.3\\node_modules\\wollok-ts\\dist\\extensions.js:85:11\n    at completionsForNode (c:\\Users\\bruno\\.vscode\\extensions\\uqbar.wollok-lsp-ide-0.3.3\\server\\out\\functionalities\\autocomplete\\node-completion.js:10:44)\n    at completeForParent (c:\\Users\\bruno\\.vscode\\extensions\\uqbar.wollok-lsp-ide-0.3.3\\server\\out\\functionalities\\autocomplete\\node-completion.js:56:43)\n    at completionsForNode (c:\\Users\\bruno\\.vscode\\extensions\\uqbar.wollok-lsp-ide-0.3.3\\server\\out\\functionalities\\autocomplete\\node-completion.js:14:46)\n    at completeForParent (c:\\Users\\bruno\\.vscode\\extensions\\uqbar.wollok-lsp-ide-0.3.3\\server\\out\\functionalities\\autocomplete\\node-completion.js:56:43)\n    at completeReference (c:\\Users\\bruno\\.vscode\\extensions\\uqbar.wollok-lsp-ide-0.3.3\\server\\out\\functionalities\\autocomplete\\node-completion.js:64:135)\n    at c:\\Users\\bruno\\.vscode\\extensions\\uqbar.wollok-lsp-ide-0.3.3\\node_modules\\wollok-ts\\dist\\extensions.js:84:20\n    at completionsForNode (c:\\Users\\bruno\\.vscode\\extensions\\uqbar.wollok-lsp-ide-0.3.3\\server\\out\\functionalities\\autocomplete\\node-completion.js:10:44)\n    at c:\\Users\\bruno\\.vscode\\extensions\\uqbar.wollok-lsp-ide-0.3.3\\server\\out\\functionalities\\autocomplete\\autocomplete.js:26:154\n    at c:\\Users\\bruno\\.vscode\\extensions\\uqbar.wollok-lsp-ide-0.3.3\\server\\out\\server.js:198:20","timestamp":"2024-08-30T01:07:14.226Z"}
{"level":"info","message":"onRequest - completionItem/resolve","timestamp":"2024-08-30T01:07:14.310Z"}
{"level":"error","message":"✘ Completions for node failed: Error: [Send]{adea7e} at prueba/testExample.wtest:6 exhausted all cases without a match [Send]{adea7e} at prueba/testExample.wtest:6 exhausted all cases without a match","stack":"Error: [Send]{adea7e} at prueba/testExample.wtest:6 exhausted all cases without a match\n    at c:\\Users\\bruno\\.vscode\\extensions\\uqbar.wollok-lsp-ide-0.3.3\\node_modules\\wollok-ts\\dist\\extensions.js:85:11\n    at completionsForNode (c:\\Users\\bruno\\.vscode\\extensions\\uqbar.wollok-lsp-ide-0.3.3\\server\\out\\functionalities\\autocomplete\\node-completion.js:10:44)\n    at c:\\Users\\bruno\\.vscode\\extensions\\uqbar.wollok-lsp-ide-0.3.3\\server\\out\\functionalities\\autocomplete\\autocomplete.js:26:154\n    at c:\\Users\\bruno\\.vscode\\extensions\\uqbar.wollok-lsp-ide-0.3.3\\server\\out\\server.js:198:20\n    at c:\\Users\\bruno\\.vscode\\extensions\\uqbar.wollok-lsp-ide-0.3.3\\server\\node_modules\\vscode-languageserver\\lib\\common\\server.js:593:20\n    at handleRequest (c:\\Users\\bruno\\.vscode\\extensions\\uqbar.wollok-lsp-ide-0.3.3\\server\\node_modules\\vscode-jsonrpc\\lib\\common\\connection.js:493:41)\n    at handleMessage (c:\\Users\\bruno\\.vscode\\extensions\\uqbar.wollok-lsp-ide-0.3.3\\server\\node_modules\\vscode-jsonrpc\\lib\\common\\connection.js:339:13)\n    at processMessageQueue (c:\\Users\\bruno\\.vscode\\extensions\\uqbar.wollok-lsp-ide-0.3.3\\server\\node_modules\\vscode-jsonrpc\\lib\\common\\connection.js:362:17)\n    at Immediate._onImmediate (c:\\Users\\bruno\\.vscode\\extensions\\uqbar.wollok-lsp-ide-0.3.3\\server\\node_modules\\vscode-jsonrpc\\lib\\common\\connection.js:334:13)\n    at process.processImmediate (node:internal/timers:478:21)","timestamp":"2024-08-30T01:07:19.357Z"}
{"level":"error","message":"✘ Completions for node failed: Error: [Send]{b2e368} at prueba/testExample.wtest:6 exhausted all cases without a match [Send]{b2e368} at prueba/testExample.wtest:6 exhausted all cases without a match","stack":"Error: [Send]{b2e368} at prueba/testExample.wtest:6 exhausted all cases without a match\n    at c:\\Users\\bruno\\.vscode\\extensions\\uqbar.wollok-lsp-ide-0.3.3\\node_modules\\wollok-ts\\dist\\extensions.js:85:11\n    at completionsForNode (c:\\Users\\bruno\\.vscode\\extensions\\uqbar.wollok-lsp-ide-0.3.3\\server\\out\\functionalities\\autocomplete\\node-completion.js:10:44)\n    at completeForParent (c:\\Users\\bruno\\.vscode\\extensions\\uqbar.wollok-lsp-ide-0.3.3\\server\\out\\functionalities\\autocomplete\\node-completion.js:56:43)\n    at completionsForNode (c:\\Users\\bruno\\.vscode\\extensions\\uqbar.wollok-lsp-ide-0.3.3\\server\\out\\functionalities\\autocomplete\\node-completion.js:14:46)\n    at c:\\Users\\bruno\\.vscode\\extensions\\uqbar.wollok-lsp-ide-0.3.3\\server\\out\\functionalities\\autocomplete\\autocomplete.js:26:154\n    at c:\\Users\\bruno\\.vscode\\extensions\\uqbar.wollok-lsp-ide-0.3.3\\server\\out\\server.js:198:20\n    at c:\\Users\\bruno\\.vscode\\extensions\\uqbar.wollok-lsp-ide-0.3.3\\server\\node_modules\\vscode-languageserver\\lib\\common\\server.js:593:20\n    at handleRequest (c:\\Users\\bruno\\.vscode\\extensions\\uqbar.wollok-lsp-ide-0.3.3\\server\\node_modules\\vscode-jsonrpc\\lib\\common\\connection.js:493:41)\n    at handleMessage (c:\\Users\\bruno\\.vscode\\extensions\\uqbar.wollok-lsp-ide-0.3.3\\server\\node_modules\\vscode-jsonrpc\\lib\\common\\connection.js:339:13)\n    at processMessageQueue (c:\\Users\\bruno\\.vscode\\extensions\\uqbar.wollok-lsp-ide-0.3.3\\server\\node_modules\\vscode-jsonrpc\\lib\\common\\connection.js:362:17)","timestamp":"2024-08-30T01:07:19.357Z"}
{"level":"info","message":"onRequest - completionItem/resolve","timestamp":"2024-08-30T01:07:19.424Z"}
{"level":"info","message":"onRequest - completionItem/resolve","timestamp":"2024-08-30T01:07:19.553Z"}
{"level":"error","message":"✘ Completions for node failed: Error: [Send]{5b2ae0} at prueba/testExample.wtest:6 exhausted all cases without a match [Send]{5b2ae0} at prueba/testExample.wtest:6 exhausted all cases without a match","stack":"Error: [Send]{5b2ae0} at prueba/testExample.wtest:6 exhausted all cases without a match\n    at c:\\Users\\bruno\\.vscode\\extensions\\uqbar.wollok-lsp-ide-0.3.3\\node_modules\\wollok-ts\\dist\\extensions.js:85:11\n    at completionsForNode (c:\\Users\\bruno\\.vscode\\extensions\\uqbar.wollok-lsp-ide-0.3.3\\server\\out\\functionalities\\autocomplete\\node-completion.js:10:44)\n    at c:\\Users\\bruno\\.vscode\\extensions\\uqbar.wollok-lsp-ide-0.3.3\\server\\out\\functionalities\\autocomplete\\autocomplete.js:26:154\n    at c:\\Users\\bruno\\.vscode\\extensions\\uqbar.wollok-lsp-ide-0.3.3\\server\\out\\server.js:198:20\n    at c:\\Users\\bruno\\.vscode\\extensions\\uqbar.wollok-lsp-ide-0.3.3\\server\\node_modules\\vscode-languageserver\\lib\\common\\server.js:593:20\n    at handleRequest (c:\\Users\\bruno\\.vscode\\extensions\\uqbar.wollok-lsp-ide-0.3.3\\server\\node_modules\\vscode-jsonrpc\\lib\\common\\connection.js:493:41)\n    at handleMessage (c:\\Users\\bruno\\.vscode\\extensions\\uqbar.wollok-lsp-ide-0.3.3\\server\\node_modules\\vscode-jsonrpc\\lib\\common\\connection.js:339:13)\n    at processMessageQueue (c:\\Users\\bruno\\.vscode\\extensions\\uqbar.wollok-lsp-ide-0.3.3\\server\\node_modules\\vscode-jsonrpc\\lib\\common\\connection.js:362:17)\n    at Immediate._onImmediate (c:\\Users\\bruno\\.vscode\\extensions\\uqbar.wollok-lsp-ide-0.3.3\\server\\node_modules\\vscode-jsonrpc\\lib\\common\\connection.js:334:13)\n    at process.processImmediate (node:internal/timers:478:21)","timestamp":"2024-08-30T01:07:19.675Z"}
{"level":"error","message":"✘ Completions for node failed: Error: [Send]{df8802} at prueba/testExample.wtest:6 exhausted all cases without a match [Send]{df8802} at prueba/testExample.wtest:6 exhausted all cases without a match","stack":"Error: [Send]{df8802} at prueba/testExample.wtest:6 exhausted all cases without a match\n    at c:\\Users\\bruno\\.vscode\\extensions\\uqbar.wollok-lsp-ide-0.3.3\\node_modules\\wollok-ts\\dist\\extensions.js:85:11\n    at completionsForNode (c:\\Users\\bruno\\.vscode\\extensions\\uqbar.wollok-lsp-ide-0.3.3\\server\\out\\functionalities\\autocomplete\\node-completion.js:10:44)\n    at completeForParent (c:\\Users\\bruno\\.vscode\\extensions\\uqbar.wollok-lsp-ide-0.3.3\\server\\out\\functionalities\\autocomplete\\node-completion.js:56:43)\n    at completionsForNode (c:\\Users\\bruno\\.vscode\\extensions\\uqbar.wollok-lsp-ide-0.3.3\\server\\out\\functionalities\\autocomplete\\node-completion.js:14:46)\n    at c:\\Users\\bruno\\.vscode\\extensions\\uqbar.wollok-lsp-ide-0.3.3\\server\\out\\functionalities\\autocomplete\\autocomplete.js:26:154\n    at c:\\Users\\bruno\\.vscode\\extensions\\uqbar.wollok-lsp-ide-0.3.3\\server\\out\\server.js:198:20\n    at c:\\Users\\bruno\\.vscode\\extensions\\uqbar.wollok-lsp-ide-0.3.3\\server\\node_modules\\vscode-languageserver\\lib\\common\\server.js:593:20\n    at handleRequest (c:\\Users\\bruno\\.vscode\\extensions\\uqbar.wollok-lsp-ide-0.3.3\\server\\node_modules\\vscode-jsonrpc\\lib\\common\\connection.js:493:41)\n    at handleMessage (c:\\Users\\bruno\\.vscode\\extensions\\uqbar.wollok-lsp-ide-0.3.3\\server\\node_modules\\vscode-jsonrpc\\lib\\common\\connection.js:339:13)\n    at processMessageQueue (c:\\Users\\bruno\\.vscode\\extensions\\uqbar.wollok-lsp-ide-0.3.3\\server\\node_modules\\vscode-jsonrpc\\lib\\common\\connection.js:362:17)","timestamp":"2024-08-30T01:07:19.675Z"}
{"level":"error","message":"✘ Completions for node failed: Error: [Send]{ec225c} at prueba/testExample.wtest:6 exhausted all cases without a match [Send]{ec225c} at prueba/testExample.wtest:6 exhausted all cases without a match","stack":"Error: [Send]{ec225c} at prueba/testExample.wtest:6 exhausted all cases without a match\n    at c:\\Users\\bruno\\.vscode\\extensions\\uqbar.wollok-lsp-ide-0.3.3\\node_modules\\wollok-ts\\dist\\extensions.js:85:11\n    at completionsForNode (c:\\Users\\bruno\\.vscode\\extensions\\uqbar.wollok-lsp-ide-0.3.3\\server\\out\\functionalities\\autocomplete\\node-completion.js:10:44)\n    at c:\\Users\\bruno\\.vscode\\extensions\\uqbar.wollok-lsp-ide-0.3.3\\server\\out\\functionalities\\autocomplete\\autocomplete.js:26:154\n    at c:\\Users\\bruno\\.vscode\\extensions\\uqbar.wollok-lsp-ide-0.3.3\\server\\out\\server.js:198:20\n    at c:\\Users\\bruno\\.vscode\\extensions\\uqbar.wollok-lsp-ide-0.3.3\\server\\node_modules\\vscode-languageserver\\lib\\common\\server.js:593:20\n    at handleRequest (c:\\Users\\bruno\\.vscode\\extensions\\uqbar.wollok-lsp-ide-0.3.3\\server\\node_modules\\vscode-jsonrpc\\lib\\common\\connection.js:493:41)\n    at handleMessage (c:\\Users\\bruno\\.vscode\\extensions\\uqbar.wollok-lsp-ide-0.3.3\\server\\node_modules\\vscode-jsonrpc\\lib\\common\\connection.js:339:13)\n    at processMessageQueue (c:\\Users\\bruno\\.vscode\\extensions\\uqbar.wollok-lsp-ide-0.3.3\\server\\node_modules\\vscode-jsonrpc\\lib\\common\\connection.js:362:17)\n    at Immediate._onImmediate (c:\\Users\\bruno\\.vscode\\extensions\\uqbar.wollok-lsp-ide-0.3.3\\server\\node_modules\\vscode-jsonrpc\\lib\\common\\connection.js:334:13)\n    at process.processImmediate (node:internal/timers:478:21)","timestamp":"2024-08-30T01:07:19.794Z"}
{"level":"error","message":"✘ Completions for node failed: Error: [Send]{4ebcfb} at prueba/testExample.wtest:6 exhausted all cases without a match [Send]{4ebcfb} at prueba/testExample.wtest:6 exhausted all cases without a match","stack":"Error: [Send]{4ebcfb} at prueba/testExample.wtest:6 exhausted all cases without a match\n    at c:\\Users\\bruno\\.vscode\\extensions\\uqbar.wollok-lsp-ide-0.3.3\\node_modules\\wollok-ts\\dist\\extensions.js:85:11\n    at completionsForNode (c:\\Users\\bruno\\.vscode\\extensions\\uqbar.wollok-lsp-ide-0.3.3\\server\\out\\functionalities\\autocomplete\\node-completion.js:10:44)\n    at completeForParent (c:\\Users\\bruno\\.vscode\\extensions\\uqbar.wollok-lsp-ide-0.3.3\\server\\out\\functionalities\\autocomplete\\node-completion.js:56:43)\n    at completionsForNode (c:\\Users\\bruno\\.vscode\\extensions\\uqbar.wollok-lsp-ide-0.3.3\\server\\out\\functionalities\\autocomplete\\node-completion.js:14:46)\n    at c:\\Users\\bruno\\.vscode\\extensions\\uqbar.wollok-lsp-ide-0.3.3\\server\\out\\functionalities\\autocomplete\\autocomplete.js:26:154\n    at c:\\Users\\bruno\\.vscode\\extensions\\uqbar.wollok-lsp-ide-0.3.3\\server\\out\\server.js:198:20\n    at c:\\Users\\bruno\\.vscode\\extensions\\uqbar.wollok-lsp-ide-0.3.3\\server\\node_modules\\vscode-languageserver\\lib\\common\\server.js:593:20\n    at handleRequest (c:\\Users\\bruno\\.vscode\\extensions\\uqbar.wollok-lsp-ide-0.3.3\\server\\node_modules\\vscode-jsonrpc\\lib\\common\\connection.js:493:41)\n    at handleMessage (c:\\Users\\bruno\\.vscode\\extensions\\uqbar.wollok-lsp-ide-0.3.3\\server\\node_modules\\vscode-jsonrpc\\lib\\common\\connection.js:339:13)\n    at processMessageQueue (c:\\Users\\bruno\\.vscode\\extensions\\uqbar.wollok-lsp-ide-0.3.3\\server\\node_modules\\vscode-jsonrpc\\lib\\common\\connection.js:362:17)","timestamp":"2024-08-30T01:07:19.794Z"}
{"level":"error","message":"✘ Completions for node failed: Error: [Send]{d0a9f7} at prueba/testExample.wtest:6 exhausted all cases without a match [Send]{d0a9f7} at prueba/testExample.wtest:6 exhausted all cases without a match","stack":"Error: [Send]{d0a9f7} at prueba/testExample.wtest:6 exhausted all cases without a match\n    at c:\\Users\\bruno\\.vscode\\extensions\\uqbar.wollok-lsp-ide-0.3.3\\node_modules\\wollok-ts\\dist\\extensions.js:85:11\n    at completionsForNode (c:\\Users\\bruno\\.vscode\\extensions\\uqbar.wollok-lsp-ide-0.3.3\\server\\out\\functionalities\\autocomplete\\node-completion.js:10:44)\n    at c:\\Users\\bruno\\.vscode\\extensions\\uqbar.wollok-lsp-ide-0.3.3\\server\\out\\functionalities\\autocomplete\\autocomplete.js:26:154\n    at c:\\Users\\bruno\\.vscode\\extensions\\uqbar.wollok-lsp-ide-0.3.3\\server\\out\\server.js:198:20\n    at c:\\Users\\bruno\\.vscode\\extensions\\uqbar.wollok-lsp-ide-0.3.3\\server\\node_modules\\vscode-languageserver\\lib\\common\\server.js:593:20\n    at handleRequest (c:\\Users\\bruno\\.vscode\\extensions\\uqbar.wollok-lsp-ide-0.3.3\\server\\node_modules\\vscode-jsonrpc\\lib\\common\\connection.js:493:41)\n    at handleMessage (c:\\Users\\bruno\\.vscode\\extensions\\uqbar.wollok-lsp-ide-0.3.3\\server\\node_modules\\vscode-jsonrpc\\lib\\common\\connection.js:339:13)\n    at processMessageQueue (c:\\Users\\bruno\\.vscode\\extensions\\uqbar.wollok-lsp-ide-0.3.3\\server\\node_modules\\vscode-jsonrpc\\lib\\common\\connection.js:362:17)\n    at Immediate._onImmediate (c:\\Users\\bruno\\.vscode\\extensions\\uqbar.wollok-lsp-ide-0.3.3\\server\\node_modules\\vscode-jsonrpc\\lib\\common\\connection.js:334:13)\n    at process.processImmediate (node:internal/timers:478:21)","timestamp":"2024-08-30T01:07:20.012Z"}
{"level":"error","message":"✘ Completions for node failed: Error: [Send]{a7dc39} at prueba/testExample.wtest:6 exhausted all cases without a match [Send]{a7dc39} at prueba/testExample.wtest:6 exhausted all cases without a match","stack":"Error: [Send]{a7dc39} at prueba/testExample.wtest:6 exhausted all cases without a match\n    at c:\\Users\\bruno\\.vscode\\extensions\\uqbar.wollok-lsp-ide-0.3.3\\node_modules\\wollok-ts\\dist\\extensions.js:85:11\n    at completionsForNode (c:\\Users\\bruno\\.vscode\\extensions\\uqbar.wollok-lsp-ide-0.3.3\\server\\out\\functionalities\\autocomplete\\node-completion.js:10:44)\n    at completeForParent (c:\\Users\\bruno\\.vscode\\extensions\\uqbar.wollok-lsp-ide-0.3.3\\server\\out\\functionalities\\autocomplete\\node-completion.js:56:43)\n    at completionsForNode (c:\\Users\\bruno\\.vscode\\extensions\\uqbar.wollok-lsp-ide-0.3.3\\server\\out\\functionalities\\autocomplete\\node-completion.js:14:46)\n    at c:\\Users\\bruno\\.vscode\\extensions\\uqbar.wollok-lsp-ide-0.3.3\\server\\out\\functionalities\\autocomplete\\autocomplete.js:26:154\n    at c:\\Users\\bruno\\.vscode\\extensions\\uqbar.wollok-lsp-ide-0.3.3\\server\\out\\server.js:198:20\n    at c:\\Users\\bruno\\.vscode\\extensions\\uqbar.wollok-lsp-ide-0.3.3\\server\\node_modules\\vscode-languageserver\\lib\\common\\server.js:593:20\n    at handleRequest (c:\\Users\\bruno\\.vscode\\extensions\\uqbar.wollok-lsp-ide-0.3.3\\server\\node_modules\\vscode-jsonrpc\\lib\\common\\connection.js:493:41)\n    at handleMessage (c:\\Users\\bruno\\.vscode\\extensions\\uqbar.wollok-lsp-ide-0.3.3\\server\\node_modules\\vscode-jsonrpc\\lib\\common\\connection.js:339:13)\n    at processMessageQueue (c:\\Users\\bruno\\.vscode\\extensions\\uqbar.wollok-lsp-ide-0.3.3\\server\\node_modules\\vscode-jsonrpc\\lib\\common\\connection.js:362:17)","timestamp":"2024-08-30T01:07:20.012Z"}
{"level":"error","message":"✘ Failed to rebuild document Failed to parse prueba/testExample.wtest: \n-- PARSING FAILED --------------------------------------------------\n\n  1 | \n> 2 | }\n    | ^\n\nExpected one of the following: \n\n'@', 'class', 'const', 'describe', 'import', 'mixin', 'object', 'only', 'package', 'program', 'test', 'var', '{', EOF, comment, not \"}\", whitespace\n","stack":"Error: Failed to parse prueba/testExample.wtest: \n-- PARSING FAILED --------------------------------------------------\n\n  1 | \n> 2 | }\n    | ^\n\nExpected one of the following: \n\n'@', 'class', 'const', 'describe', 'import', 'mixin', 'object', 'only', 'package', 'program', 'test', 'var', '{', EOF, comment, not \"}\", whitespace\n\n    at c:\\Users\\bruno\\.vscode\\extensions\\uqbar.wollok-lsp-ide-0.3.3\\node_modules\\wollok-ts\\dist\\index.js:54:19\n    at Array.map (<anonymous>)\n    at buildEnvironment (c:\\Users\\bruno\\.vscode\\extensions\\uqbar.wollok-lsp-ide-0.3.3\\node_modules\\wollok-ts\\dist\\index.js:49:40)\n    at EnvironmentProvider.buildEnvironmentFrom (c:\\Users\\bruno\\.vscode\\extensions\\uqbar.wollok-lsp-ide-0.3.3\\server\\out\\utils\\vm\\environment.js:29:66)\n    at EnvironmentProvider.updateEnvironmentWith (c:\\Users\\bruno\\.vscode\\extensions\\uqbar.wollok-lsp-ide-0.3.3\\server\\out\\utils\\vm\\environment.js:19:37)\n    at rebuildTextDocument (c:\\Users\\bruno\\.vscode\\extensions\\uqbar.wollok-lsp-ide-0.3.3\\server\\out\\server.js:102:29)\n    at CallbackList.invoke (c:\\Users\\bruno\\.vscode\\extensions\\uqbar.wollok-lsp-ide-0.3.3\\server\\node_modules\\vscode-jsonrpc\\lib\\common\\events.js:55:39)\n    at Emitter.fire (c:\\Users\\bruno\\.vscode\\extensions\\uqbar.wollok-lsp-ide-0.3.3\\server\\node_modules\\vscode-jsonrpc\\lib\\common\\events.js:117:36)\n    at c:\\Users\\bruno\\.vscode\\extensions\\uqbar.wollok-lsp-ide-0.3.3\\server\\node_modules\\vscode-languageserver\\lib\\common\\textDocuments.js:138:42\n    at handleNotification (c:\\Users\\bruno\\.vscode\\extensions\\uqbar.wollok-lsp-ide-0.3.3\\server\\node_modules\\vscode-jsonrpc\\lib\\common\\connection.js:640:25)","timestamp":"2024-08-30T01:07:29.689Z"}
{"level":"info","message":"onRequest - completionItem/resolve","timestamp":"2024-08-30T01:07:43.855Z"}
{"level":"error","message":"✘ Failed to rebuild document Failed to parse prueba/example.wlk: \n-- PARSING FAILED --------------------------------------------------\n\n  2 |   var  = 100\n  3 | \n> 4 |   method vivo() = vida > 0\n    |   ^\n  5 | \n  6 |   method comer(comida) {\n\nExpected one of the following: \n\n'{', '}', whitespace\n","stack":"Error: Failed to parse prueba/example.wlk: \n-- PARSING FAILED --------------------------------------------------\n\n  2 |   var  = 100\n  3 | \n> 4 |   method vivo() = vida > 0\n    |   ^\n  5 | \n  6 |   method comer(comida) {\n\nExpected one of the following: \n\n'{', '}', whitespace\n\n    at c:\\Users\\bruno\\.vscode\\extensions\\uqbar.wollok-lsp-ide-0.3.3\\node_modules\\wollok-ts\\dist\\index.js:54:19\n    at Array.map (<anonymous>)\n    at buildEnvironment (c:\\Users\\bruno\\.vscode\\extensions\\uqbar.wollok-lsp-ide-0.3.3\\node_modules\\wollok-ts\\dist\\index.js:49:40)\n    at EnvironmentProvider.buildEnvironmentFrom (c:\\Users\\bruno\\.vscode\\extensions\\uqbar.wollok-lsp-ide-0.3.3\\server\\out\\utils\\vm\\environment.js:29:66)\n    at EnvironmentProvider.updateEnvironmentWith (c:\\Users\\bruno\\.vscode\\extensions\\uqbar.wollok-lsp-ide-0.3.3\\server\\out\\utils\\vm\\environment.js:19:37)\n    at rebuildTextDocument (c:\\Users\\bruno\\.vscode\\extensions\\uqbar.wollok-lsp-ide-0.3.3\\server\\out\\server.js:102:29)\n    at CallbackList.invoke (c:\\Users\\bruno\\.vscode\\extensions\\uqbar.wollok-lsp-ide-0.3.3\\server\\node_modules\\vscode-jsonrpc\\lib\\common\\events.js:55:39)\n    at Emitter.fire (c:\\Users\\bruno\\.vscode\\extensions\\uqbar.wollok-lsp-ide-0.3.3\\server\\node_modules\\vscode-jsonrpc\\lib\\common\\events.js:117:36)\n    at c:\\Users\\bruno\\.vscode\\extensions\\uqbar.wollok-lsp-ide-0.3.3\\server\\node_modules\\vscode-languageserver\\lib\\common\\textDocuments.js:138:42\n    at handleNotification (c:\\Users\\bruno\\.vscode\\extensions\\uqbar.wollok-lsp-ide-0.3.3\\server\\node_modules\\vscode-jsonrpc\\lib\\common\\connection.js:640:25)","timestamp":"2024-08-30T01:07:56.681Z"}
{"level":"error","message":"✘ Completions for node failed: Error: prueba.example.cbum.p [Field]{be50d8} at prueba/example.wlk:2 exhausted all cases without a match prueba.example.cbum.p [Field]{be50d8} at prueba/example.wlk:2 exhausted all cases without a match","stack":"Error: prueba.example.cbum.p [Field]{be50d8} at prueba/example.wlk:2 exhausted all cases without a match\n    at c:\\Users\\bruno\\.vscode\\extensions\\uqbar.wollok-lsp-ide-0.3.3\\node_modules\\wollok-ts\\dist\\extensions.js:85:11\n    at completionsForNode (c:\\Users\\bruno\\.vscode\\extensions\\uqbar.wollok-lsp-ide-0.3.3\\server\\out\\functionalities\\autocomplete\\node-completion.js:10:44)\n    at c:\\Users\\bruno\\.vscode\\extensions\\uqbar.wollok-lsp-ide-0.3.3\\server\\out\\functionalities\\autocomplete\\autocomplete.js:26:154\n    at c:\\Users\\bruno\\.vscode\\extensions\\uqbar.wollok-lsp-ide-0.3.3\\server\\out\\server.js:198:20\n    at c:\\Users\\bruno\\.vscode\\extensions\\uqbar.wollok-lsp-ide-0.3.3\\server\\node_modules\\vscode-languageserver\\lib\\common\\server.js:593:20\n    at handleRequest (c:\\Users\\bruno\\.vscode\\extensions\\uqbar.wollok-lsp-ide-0.3.3\\server\\node_modules\\vscode-jsonrpc\\lib\\common\\connection.js:493:41)\n    at handleMessage (c:\\Users\\bruno\\.vscode\\extensions\\uqbar.wollok-lsp-ide-0.3.3\\server\\node_modules\\vscode-jsonrpc\\lib\\common\\connection.js:339:13)\n    at processMessageQueue (c:\\Users\\bruno\\.vscode\\extensions\\uqbar.wollok-lsp-ide-0.3.3\\server\\node_modules\\vscode-jsonrpc\\lib\\common\\connection.js:362:17)\n    at Immediate._onImmediate (c:\\Users\\bruno\\.vscode\\extensions\\uqbar.wollok-lsp-ide-0.3.3\\server\\node_modules\\vscode-jsonrpc\\lib\\common\\connection.js:334:13)\n    at process.processImmediate (node:internal/timers:478:21)","timestamp":"2024-08-30T01:07:58.153Z"}
{"level":"info","message":"onRequest - completionItem/resolve","timestamp":"2024-08-30T01:07:58.217Z"}
{"level":"error","message":"✘ Completions for node failed: Error: prueba.example.cbum.protei [Field]{92e0e8} at prueba/example.wlk:2 exhausted all cases without a match prueba.example.cbum.protei [Field]{92e0e8} at prueba/example.wlk:2 exhausted all cases without a match","stack":"Error: prueba.example.cbum.protei [Field]{92e0e8} at prueba/example.wlk:2 exhausted all cases without a match\n    at c:\\Users\\bruno\\.vscode\\extensions\\uqbar.wollok-lsp-ide-0.3.3\\node_modules\\wollok-ts\\dist\\extensions.js:85:11\n    at completionsForNode (c:\\Users\\bruno\\.vscode\\extensions\\uqbar.wollok-lsp-ide-0.3.3\\server\\out\\functionalities\\autocomplete\\node-completion.js:10:44)\n    at c:\\Users\\bruno\\.vscode\\extensions\\uqbar.wollok-lsp-ide-0.3.3\\server\\out\\functionalities\\autocomplete\\autocomplete.js:26:154\n    at c:\\Users\\bruno\\.vscode\\extensions\\uqbar.wollok-lsp-ide-0.3.3\\server\\out\\server.js:198:20\n    at c:\\Users\\bruno\\.vscode\\extensions\\uqbar.wollok-lsp-ide-0.3.3\\server\\node_modules\\vscode-languageserver\\lib\\common\\server.js:593:20\n    at handleRequest (c:\\Users\\bruno\\.vscode\\extensions\\uqbar.wollok-lsp-ide-0.3.3\\server\\node_modules\\vscode-jsonrpc\\lib\\common\\connection.js:493:41)\n    at handleMessage (c:\\Users\\bruno\\.vscode\\extensions\\uqbar.wollok-lsp-ide-0.3.3\\server\\node_modules\\vscode-jsonrpc\\lib\\common\\connection.js:339:13)\n    at processMessageQueue (c:\\Users\\bruno\\.vscode\\extensions\\uqbar.wollok-lsp-ide-0.3.3\\server\\node_modules\\vscode-jsonrpc\\lib\\common\\connection.js:362:17)\n    at Immediate._onImmediate (c:\\Users\\bruno\\.vscode\\extensions\\uqbar.wollok-lsp-ide-0.3.3\\server\\node_modules\\vscode-jsonrpc\\lib\\common\\connection.js:334:13)\n    at process.processImmediate (node:internal/timers:478:21)","timestamp":"2024-08-30T01:07:59.027Z"}
{"level":"error","message":"✘ Completions for node failed: Error: prueba.example.cbum.protein [Field]{88d568} at prueba/example.wlk:2 exhausted all cases without a match prueba.example.cbum.protein [Field]{88d568} at prueba/example.wlk:2 exhausted all cases without a match","stack":"Error: prueba.example.cbum.protein [Field]{88d568} at prueba/example.wlk:2 exhausted all cases without a match\n    at c:\\Users\\bruno\\.vscode\\extensions\\uqbar.wollok-lsp-ide-0.3.3\\node_modules\\wollok-ts\\dist\\extensions.js:85:11\n    at completionsForNode (c:\\Users\\bruno\\.vscode\\extensions\\uqbar.wollok-lsp-ide-0.3.3\\server\\out\\functionalities\\autocomplete\\node-completion.js:10:44)\n    at c:\\Users\\bruno\\.vscode\\extensions\\uqbar.wollok-lsp-ide-0.3.3\\server\\out\\functionalities\\autocomplete\\autocomplete.js:26:154\n    at c:\\Users\\bruno\\.vscode\\extensions\\uqbar.wollok-lsp-ide-0.3.3\\server\\out\\server.js:198:20\n    at c:\\Users\\bruno\\.vscode\\extensions\\uqbar.wollok-lsp-ide-0.3.3\\server\\node_modules\\vscode-languageserver\\lib\\common\\server.js:593:20\n    at handleRequest (c:\\Users\\bruno\\.vscode\\extensions\\uqbar.wollok-lsp-ide-0.3.3\\server\\node_modules\\vscode-jsonrpc\\lib\\common\\connection.js:493:41)\n    at handleMessage (c:\\Users\\bruno\\.vscode\\extensions\\uqbar.wollok-lsp-ide-0.3.3\\server\\node_modules\\vscode-jsonrpc\\lib\\common\\connection.js:339:13)\n    at processMessageQueue (c:\\Users\\bruno\\.vscode\\extensions\\uqbar.wollok-lsp-ide-0.3.3\\server\\node_modules\\vscode-jsonrpc\\lib\\common\\connection.js:362:17)\n    at Immediate._onImmediate (c:\\Users\\bruno\\.vscode\\extensions\\uqbar.wollok-lsp-ide-0.3.3\\server\\node_modules\\vscode-jsonrpc\\lib\\common\\connection.js:334:13)\n    at process.processImmediate (node:internal/timers:478:21)","timestamp":"2024-08-30T01:07:59.206Z"}
{"level":"error","message":"✘ Completions for node failed: Error: prueba.example.cbum.proteina [Field]{d5e99b} at prueba/example.wlk:2 exhausted all cases without a match prueba.example.cbum.proteina [Field]{d5e99b} at prueba/example.wlk:2 exhausted all cases without a match","stack":"Error: prueba.example.cbum.proteina [Field]{d5e99b} at prueba/example.wlk:2 exhausted all cases without a match\n    at c:\\Users\\bruno\\.vscode\\extensions\\uqbar.wollok-lsp-ide-0.3.3\\node_modules\\wollok-ts\\dist\\extensions.js:85:11\n    at completionsForNode (c:\\Users\\bruno\\.vscode\\extensions\\uqbar.wollok-lsp-ide-0.3.3\\server\\out\\functionalities\\autocomplete\\node-completion.js:10:44)\n    at c:\\Users\\bruno\\.vscode\\extensions\\uqbar.wollok-lsp-ide-0.3.3\\server\\out\\functionalities\\autocomplete\\autocomplete.js:26:154\n    at c:\\Users\\bruno\\.vscode\\extensions\\uqbar.wollok-lsp-ide-0.3.3\\server\\out\\server.js:198:20\n    at c:\\Users\\bruno\\.vscode\\extensions\\uqbar.wollok-lsp-ide-0.3.3\\server\\node_modules\\vscode-languageserver\\lib\\common\\server.js:593:20\n    at handleRequest (c:\\Users\\bruno\\.vscode\\extensions\\uqbar.wollok-lsp-ide-0.3.3\\server\\node_modules\\vscode-jsonrpc\\lib\\common\\connection.js:493:41)\n    at handleMessage (c:\\Users\\bruno\\.vscode\\extensions\\uqbar.wollok-lsp-ide-0.3.3\\server\\node_modules\\vscode-jsonrpc\\lib\\common\\connection.js:339:13)\n    at processMessageQueue (c:\\Users\\bruno\\.vscode\\extensions\\uqbar.wollok-lsp-ide-0.3.3\\server\\node_modules\\vscode-jsonrpc\\lib\\common\\connection.js:362:17)\n    at Immediate._onImmediate (c:\\Users\\bruno\\.vscode\\extensions\\uqbar.wollok-lsp-ide-0.3.3\\server\\node_modules\\vscode-jsonrpc\\lib\\common\\connection.js:334:13)\n    at process.processImmediate (node:internal/timers:478:21)","timestamp":"2024-08-30T01:07:59.319Z"}
{"level":"error","message":"✘ Completions for node failed: Error: [Send]{f5aa03} at prueba/example.wlk:4 exhausted all cases without a match [Send]{f5aa03} at prueba/example.wlk:4 exhausted all cases without a match","stack":"Error: [Send]{f5aa03} at prueba/example.wlk:4 exhausted all cases without a match\n    at c:\\Users\\bruno\\.vscode\\extensions\\uqbar.wollok-lsp-ide-0.3.3\\node_modules\\wollok-ts\\dist\\extensions.js:85:11\n    at completionsForNode (c:\\Users\\bruno\\.vscode\\extensions\\uqbar.wollok-lsp-ide-0.3.3\\server\\out\\functionalities\\autocomplete\\node-completion.js:10:44)\n    at completeForParent (c:\\Users\\bruno\\.vscode\\extensions\\uqbar.wollok-lsp-ide-0.3.3\\server\\out\\functionalities\\autocomplete\\node-completion.js:56:43)\n    at completeReference (c:\\Users\\bruno\\.vscode\\extensions\\uqbar.wollok-lsp-ide-0.3.3\\server\\out\\functionalities\\autocomplete\\node-completion.js:64:135)\n    at c:\\Users\\bruno\\.vscode\\extensions\\uqbar.wollok-lsp-ide-0.3.3\\node_modules\\wollok-ts\\dist\\extensions.js:84:20\n    at completionsForNode (c:\\Users\\bruno\\.vscode\\extensions\\uqbar.wollok-lsp-ide-0.3.3\\server\\out\\functionalities\\autocomplete\\node-completion.js:10:44)\n    at c:\\Users\\bruno\\.vscode\\extensions\\uqbar.wollok-lsp-ide-0.3.3\\server\\out\\functionalities\\autocomplete\\autocomplete.js:26:154\n    at c:\\Users\\bruno\\.vscode\\extensions\\uqbar.wollok-lsp-ide-0.3.3\\server\\out\\server.js:198:20\n    at c:\\Users\\bruno\\.vscode\\extensions\\uqbar.wollok-lsp-ide-0.3.3\\server\\node_modules\\vscode-languageserver\\lib\\common\\server.js:593:20\n    at handleRequest (c:\\Users\\bruno\\.vscode\\extensions\\uqbar.wollok-lsp-ide-0.3.3\\server\\node_modules\\vscode-jsonrpc\\lib\\common\\connection.js:493:41)","timestamp":"2024-08-30T01:08:04.705Z"}
{"level":"error","message":"✘ Completions for node failed: Error: [Return]{c84063} at prueba/example.wlk:-- exhausted all cases without a match [Return]{c84063} at prueba/example.wlk:-- exhausted all cases without a match","stack":"Error: [Return]{c84063} at prueba/example.wlk:-- exhausted all cases without a match\n    at c:\\Users\\bruno\\.vscode\\extensions\\uqbar.wollok-lsp-ide-0.3.3\\node_modules\\wollok-ts\\dist\\extensions.js:85:11\n    at completionsForNode (c:\\Users\\bruno\\.vscode\\extensions\\uqbar.wollok-lsp-ide-0.3.3\\server\\out\\functionalities\\autocomplete\\node-completion.js:10:44)\n    at completeForParent (c:\\Users\\bruno\\.vscode\\extensions\\uqbar.wollok-lsp-ide-0.3.3\\server\\out\\functionalities\\autocomplete\\node-completion.js:56:43)\n    at completionsForNode (c:\\Users\\bruno\\.vscode\\extensions\\uqbar.wollok-lsp-ide-0.3.3\\server\\out\\functionalities\\autocomplete\\node-completion.js:14:46)\n    at completeForParent (c:\\Users\\bruno\\.vscode\\extensions\\uqbar.wollok-lsp-ide-0.3.3\\server\\out\\functionalities\\autocomplete\\node-completion.js:56:43)\n    at completeReference (c:\\Users\\bruno\\.vscode\\extensions\\uqbar.wollok-lsp-ide-0.3.3\\server\\out\\functionalities\\autocomplete\\node-completion.js:64:135)\n    at c:\\Users\\bruno\\.vscode\\extensions\\uqbar.wollok-lsp-ide-0.3.3\\node_modules\\wollok-ts\\dist\\extensions.js:84:20\n    at completionsForNode (c:\\Users\\bruno\\.vscode\\extensions\\uqbar.wollok-lsp-ide-0.3.3\\server\\out\\functionalities\\autocomplete\\node-completion.js:10:44)\n    at c:\\Users\\bruno\\.vscode\\extensions\\uqbar.wollok-lsp-ide-0.3.3\\server\\out\\functionalities\\autocomplete\\autocomplete.js:26:154\n    at c:\\Users\\bruno\\.vscode\\extensions\\uqbar.wollok-lsp-ide-0.3.3\\server\\out\\server.js:198:20","timestamp":"2024-08-30T01:08:04.705Z"}
{"level":"info","message":"onRequest - completionItem/resolve","timestamp":"2024-08-30T01:08:04.781Z"}
{"level":"error","message":"✘ Completions for node failed: Error: [Send]{9974b5} at prueba/example.wlk:-- exhausted all cases without a match [Send]{9974b5} at prueba/example.wlk:-- exhausted all cases without a match","stack":"Error: [Send]{9974b5} at prueba/example.wlk:-- exhausted all cases without a match\n    at c:\\Users\\bruno\\.vscode\\extensions\\uqbar.wollok-lsp-ide-0.3.3\\node_modules\\wollok-ts\\dist\\extensions.js:85:11\n    at completionsForNode (c:\\Users\\bruno\\.vscode\\extensions\\uqbar.wollok-lsp-ide-0.3.3\\server\\out\\functionalities\\autocomplete\\node-completion.js:10:44)\n    at completeForParent (c:\\Users\\bruno\\.vscode\\extensions\\uqbar.wollok-lsp-ide-0.3.3\\server\\out\\functionalities\\autocomplete\\node-completion.js:56:43)\n    at completeReference (c:\\Users\\bruno\\.vscode\\extensions\\uqbar.wollok-lsp-ide-0.3.3\\server\\out\\functionalities\\autocomplete\\node-completion.js:64:135)\n    at c:\\Users\\bruno\\.vscode\\extensions\\uqbar.wollok-lsp-ide-0.3.3\\node_modules\\wollok-ts\\dist\\extensions.js:84:20\n    at completionsForNode (c:\\Users\\bruno\\.vscode\\extensions\\uqbar.wollok-lsp-ide-0.3.3\\server\\out\\functionalities\\autocomplete\\node-completion.js:10:44)\n    at c:\\Users\\bruno\\.vscode\\extensions\\uqbar.wollok-lsp-ide-0.3.3\\server\\out\\functionalities\\autocomplete\\autocomplete.js:26:154\n    at c:\\Users\\bruno\\.vscode\\extensions\\uqbar.wollok-lsp-ide-0.3.3\\server\\out\\server.js:198:20\n    at c:\\Users\\bruno\\.vscode\\extensions\\uqbar.wollok-lsp-ide-0.3.3\\server\\node_modules\\vscode-languageserver\\lib\\common\\server.js:593:20\n    at handleRequest (c:\\Users\\bruno\\.vscode\\extensions\\uqbar.wollok-lsp-ide-0.3.3\\server\\node_modules\\vscode-jsonrpc\\lib\\common\\connection.js:493:41)","timestamp":"2024-08-30T01:08:09.611Z"}
{"level":"error","message":"✘ Completions for node failed: Error: [Assignment]{5b29c2} at prueba/example.wlk:7 exhausted all cases without a match [Assignment]{5b29c2} at prueba/example.wlk:7 exhausted all cases without a match","stack":"Error: [Assignment]{5b29c2} at prueba/example.wlk:7 exhausted all cases without a match\n    at c:\\Users\\bruno\\.vscode\\extensions\\uqbar.wollok-lsp-ide-0.3.3\\node_modules\\wollok-ts\\dist\\extensions.js:85:11\n    at completionsForNode (c:\\Users\\bruno\\.vscode\\extensions\\uqbar.wollok-lsp-ide-0.3.3\\server\\out\\functionalities\\autocomplete\\node-completion.js:10:44)\n    at completeForParent (c:\\Users\\bruno\\.vscode\\extensions\\uqbar.wollok-lsp-ide-0.3.3\\server\\out\\functionalities\\autocomplete\\node-completion.js:56:43)\n    at completionsForNode (c:\\Users\\bruno\\.vscode\\extensions\\uqbar.wollok-lsp-ide-0.3.3\\server\\out\\functionalities\\autocomplete\\node-completion.js:14:46)\n    at completeForParent (c:\\Users\\bruno\\.vscode\\extensions\\uqbar.wollok-lsp-ide-0.3.3\\server\\out\\functionalities\\autocomplete\\node-completion.js:56:43)\n    at completeReference (c:\\Users\\bruno\\.vscode\\extensions\\uqbar.wollok-lsp-ide-0.3.3\\server\\out\\functionalities\\autocomplete\\node-completion.js:64:135)\n    at c:\\Users\\bruno\\.vscode\\extensions\\uqbar.wollok-lsp-ide-0.3.3\\node_modules\\wollok-ts\\dist\\extensions.js:84:20\n    at completionsForNode (c:\\Users\\bruno\\.vscode\\extensions\\uqbar.wollok-lsp-ide-0.3.3\\server\\out\\functionalities\\autocomplete\\node-completion.js:10:44)\n    at c:\\Users\\bruno\\.vscode\\extensions\\uqbar.wollok-lsp-ide-0.3.3\\server\\out\\functionalities\\autocomplete\\autocomplete.js:26:154\n    at c:\\Users\\bruno\\.vscode\\extensions\\uqbar.wollok-lsp-ide-0.3.3\\server\\out\\server.js:198:20","timestamp":"2024-08-30T01:08:09.611Z"}
{"level":"info","message":"onRequest - completionItem/resolve","timestamp":"2024-08-30T01:08:09.678Z"}
{"level":"info","message":"onRequest - completionItem/resolve","timestamp":"2024-08-30T01:08:09.715Z"}
{"level":"info","message":"onRequest - completionItem/resolve","timestamp":"2024-08-30T01:08:09.887Z"}
